This is pdfTeX, Version 3.14159265-2.6-1.40.20 (TeX Live 2019) (preloaded format=pdflatex 2019.12.22)  20 APR 2021 12:15
entering extended mode
 restricted \write18 enabled.
 %&-line parsing enabled.
**EC315-Summary.tex
(./EC315-Summary.tex
LaTeX2e <2018-12-01>
(/usr/local/texlive/2019/texmf-dist/tex/latex/base/article.cls
Document Class: article 2018/09/03 v1.4i Standard LaTeX document class
(/usr/local/texlive/2019/texmf-dist/tex/latex/base/size11.clo
File: size11.clo 2018/09/03 v1.4i Standard LaTeX file (size option)
)
\c@part=\count80
\c@section=\count81
\c@subsection=\count82
\c@subsubsection=\count83
\c@paragraph=\count84
\c@subparagraph=\count85
\c@figure=\count86
\c@table=\count87
\abovecaptionskip=\skip41
\belowcaptionskip=\skip42
\bibindent=\dimen102
)
(/usr/local/texlive/2019/texmf-dist/tex/latex/geometry/geometry.sty
Package: geometry 2018/04/16 v5.8 Page Geometry

(/usr/local/texlive/2019/texmf-dist/tex/latex/graphics/keyval.sty
Package: keyval 2014/10/28 v1.15 key=value parser (DPC)
\KV@toks@=\toks14
)
(/usr/local/texlive/2019/texmf-dist/tex/generic/oberdiek/ifpdf.sty
Package: ifpdf 2018/09/07 v3.3 Provides the ifpdf switch
)
(/usr/local/texlive/2019/texmf-dist/tex/generic/oberdiek/ifvtex.sty
Package: ifvtex 2016/05/16 v1.6 Detect VTeX and its facilities (HO)
Package ifvtex Info: VTeX not detected.
)
(/usr/local/texlive/2019/texmf-dist/tex/generic/ifxetex/ifxetex.sty
Package: ifxetex 2010/09/12 v0.6 Provides ifxetex conditional
)
\Gm@cnth=\count88
\Gm@cntv=\count89
\c@Gm@tempcnt=\count90
\Gm@bindingoffset=\dimen103
\Gm@wd@mp=\dimen104
\Gm@odd@mp=\dimen105
\Gm@even@mp=\dimen106
\Gm@layoutwidth=\dimen107
\Gm@layoutheight=\dimen108
\Gm@layouthoffset=\dimen109
\Gm@layoutvoffset=\dimen110
\Gm@dimlist=\toks15
)

Package geometry Warning: Over-specification in `h'-direction.
    `width' (597.50787pt) is ignored.


Package geometry Warning: Over-specification in `v'-direction.
    `height' (845.04684pt) is ignored.

(/usr/local/texlive/2019/texmf-dist/tex/latex/titlesec/titlesec.sty
Package: titlesec 2016/03/21 v2.10.2 Sectioning titles
\ttl@box=\box27
\beforetitleunit=\skip43
\aftertitleunit=\skip44
\ttl@plus=\dimen111
\ttl@minus=\dimen112
\ttl@toksa=\toks16
\titlewidth=\dimen113
\titlewidthlast=\dimen114
\titlewidthfirst=\dimen115
)
(/usr/local/texlive/2019/texmf-dist/tex/latex/tools/longtable.sty
Package: longtable 2014/10/28 v4.11 Multi-page Table package (DPC)+ FMi change
\LTleft=\skip45
\LTright=\skip46
\LTpre=\skip47
\LTpost=\skip48
\LTchunksize=\count91
\LTcapwidth=\dimen116
\LT@head=\box28
\LT@firsthead=\box29
\LT@foot=\box30
\LT@lastfoot=\box31
\LT@cols=\count92
\LT@rows=\count93
\c@LT@tables=\count94
\c@LT@chunks=\count95
\LT@p@ftn=\toks17
)
(/usr/local/texlive/2019/texmf-dist/tex/latex/multirow/multirow.sty
Package: multirow 2019/01/01 v2.4 Span multiple rows of a table
\multirow@colwidth=\skip49
\multirow@cntb=\count96
\multirow@dima=\skip50
\bigstrutjot=\dimen117
)
(/usr/local/texlive/2019/texmf-dist/tex/latex/caption/caption.sty
Package: caption 2018/10/06 v3.3-154 Customizing captions (AR)

(/usr/local/texlive/2019/texmf-dist/tex/latex/caption/caption3.sty
Package: caption3 2018/09/12 v1.8c caption3 kernel (AR)
Package caption3 Info: TeX engine: e-TeX on input line 64.
\captionmargin=\dimen118
\captionmargin@=\dimen119
\captionwidth=\dimen120
\caption@tempdima=\dimen121
\caption@indent=\dimen122
\caption@parindent=\dimen123
\caption@hangindent=\dimen124
)
\c@caption@flags=\count97
\c@ContinuedFloat=\count98
Package caption Info: longtable package is loaded.

(/usr/local/texlive/2019/texmf-dist/tex/latex/caption/ltcaption.sty
Package: ltcaption 2018/08/26 v1.4-95 longtable captions (AR)
))
(/usr/local/texlive/2019/texmf-dist/tex/latex/caption/subcaption.sty
Package: subcaption 2018/05/01 v1.1-162 Sub-captions (AR)
\c@subfigure=\count99
\c@subtable=\count100
)
(/usr/local/texlive/2019/texmf-dist/tex/latex/setspace/setspace.sty
Package: setspace 2011/12/19 v6.7a set line spacing
)
(/usr/local/texlive/2019/texmf-dist/tex/latex/amsmath/amsmath.sty
Package: amsmath 2018/12/01 v2.17b AMS math features
\@mathmargin=\skip51

For additional information on amsmath, use the `?' option.
(/usr/local/texlive/2019/texmf-dist/tex/latex/amsmath/amstext.sty
Package: amstext 2000/06/29 v2.01 AMS text

(/usr/local/texlive/2019/texmf-dist/tex/latex/amsmath/amsgen.sty
File: amsgen.sty 1999/11/30 v2.0 generic functions
\@emptytoks=\toks18
\ex@=\dimen125
))
(/usr/local/texlive/2019/texmf-dist/tex/latex/amsmath/amsbsy.sty
Package: amsbsy 1999/11/29 v1.2d Bold Symbols
\pmbraise@=\dimen126
)
(/usr/local/texlive/2019/texmf-dist/tex/latex/amsmath/amsopn.sty
Package: amsopn 2016/03/08 v2.02 operator names
)
\inf@bad=\count101
LaTeX Info: Redefining \frac on input line 223.
\uproot@=\count102
\leftroot@=\count103
LaTeX Info: Redefining \overline on input line 385.
\classnum@=\count104
\DOTSCASE@=\count105
LaTeX Info: Redefining \ldots on input line 482.
LaTeX Info: Redefining \dots on input line 485.
LaTeX Info: Redefining \cdots on input line 606.
\Mathstrutbox@=\box32
\strutbox@=\box33
\big@size=\dimen127
LaTeX Font Info:    Redeclaring font encoding OML on input line 729.
LaTeX Font Info:    Redeclaring font encoding OMS on input line 730.
\macc@depth=\count106
\c@MaxMatrixCols=\count107
\dotsspace@=\muskip10
\c@parentequation=\count108
\dspbrk@lvl=\count109
\tag@help=\toks19
\row@=\count110
\column@=\count111
\maxfields@=\count112
\andhelp@=\toks20
\eqnshift@=\dimen128
\alignsep@=\dimen129
\tagshift@=\dimen130
\tagwidth@=\dimen131
\totwidth@=\dimen132
\lineht@=\dimen133
\@envbody=\toks21
\multlinegap=\skip52
\multlinetaggap=\skip53
\mathdisplay@stack=\toks22
LaTeX Info: Redefining \[ on input line 2844.
LaTeX Info: Redefining \] on input line 2845.
)
(/usr/local/texlive/2019/texmf-dist/tex/latex/amsfonts/amssymb.sty
Package: amssymb 2013/01/14 v3.01 AMS font symbols

(/usr/local/texlive/2019/texmf-dist/tex/latex/amsfonts/amsfonts.sty
Package: amsfonts 2013/01/14 v3.01 Basic AMSFonts support
\symAMSa=\mathgroup4
\symAMSb=\mathgroup5
LaTeX Font Info:    Overwriting math alphabet `\mathfrak' in version `bold'
(Font)                  U/euf/m/n --> U/euf/b/n on input line 106.
))
(/usr/local/texlive/2019/texmf-dist/tex/latex/graphics/graphicx.sty
Package: graphicx 2017/06/01 v1.1a Enhanced LaTeX Graphics (DPC,SPQR)

(/usr/local/texlive/2019/texmf-dist/tex/latex/graphics/graphics.sty
Package: graphics 2017/06/25 v1.2c Standard LaTeX Graphics (DPC,SPQR)

(/usr/local/texlive/2019/texmf-dist/tex/latex/graphics/trig.sty
Package: trig 2016/01/03 v1.10 sin cos tan (DPC)
)
(/usr/local/texlive/2019/texmf-dist/tex/latex/graphics-cfg/graphics.cfg
File: graphics.cfg 2016/06/04 v1.11 sample graphics configuration
)
Package graphics Info: Driver file: pdftex.def on input line 99.

(/usr/local/texlive/2019/texmf-dist/tex/latex/graphics-def/pdftex.def
File: pdftex.def 2018/01/08 v1.0l Graphics/color driver for pdftex
))
\Gin@req@height=\dimen134
\Gin@req@width=\dimen135
)
(/usr/local/texlive/2019/texmf-dist/tex/latex/float/float.sty
Package: float 2001/11/08 v1.3d Float enhancements (AL)
\c@float@type=\count113
\float@exts=\toks23
\float@box=\box34
\@float@everytoks=\toks24
\@floatcapt=\box35
)
(/usr/local/texlive/2019/texmf-dist/tex/latex/pgf/frontendlayer/tikz.sty
(/usr/local/texlive/2019/texmf-dist/tex/latex/pgf/basiclayer/pgf.sty
(/usr/local/texlive/2019/texmf-dist/tex/latex/pgf/utilities/pgfrcs.sty
(/usr/local/texlive/2019/texmf-dist/tex/generic/pgf/utilities/pgfutil-common.te
x
\pgfutil@everybye=\toks25
\pgfutil@tempdima=\dimen136
\pgfutil@tempdimb=\dimen137

(/usr/local/texlive/2019/texmf-dist/tex/generic/pgf/utilities/pgfutil-common-li
sts.tex))
(/usr/local/texlive/2019/texmf-dist/tex/generic/pgf/utilities/pgfutil-latex.def
\pgfutil@abb=\box36
(/usr/local/texlive/2019/texmf-dist/tex/latex/ms/everyshi.sty
Package: everyshi 2001/05/15 v3.00 EveryShipout Package (MS)
))
(/usr/local/texlive/2019/texmf-dist/tex/generic/pgf/utilities/pgfrcs.code.tex
(/usr/local/texlive/2019/texmf-dist/tex/generic/pgf/pgf.revision.tex)
Package: pgfrcs 2019/04/04 v3.1.2 (3.1.2)
))
Package: pgf 2019/04/04 v3.1.2 (3.1.2)

(/usr/local/texlive/2019/texmf-dist/tex/latex/pgf/basiclayer/pgfcore.sty
(/usr/local/texlive/2019/texmf-dist/tex/latex/pgf/systemlayer/pgfsys.sty
(/usr/local/texlive/2019/texmf-dist/tex/generic/pgf/systemlayer/pgfsys.code.tex
Package: pgfsys 2019/04/04 v3.1.2 (3.1.2)
(/usr/local/texlive/2019/texmf-dist/tex/generic/pgf/utilities/pgfkeys.code.tex
\pgfkeys@pathtoks=\toks26
\pgfkeys@temptoks=\toks27

(/usr/local/texlive/2019/texmf-dist/tex/generic/pgf/utilities/pgfkeysfiltered.c
ode.tex
\pgfkeys@tmptoks=\toks28
))
\pgf@x=\dimen138
\pgf@y=\dimen139
\pgf@xa=\dimen140
\pgf@ya=\dimen141
\pgf@xb=\dimen142
\pgf@yb=\dimen143
\pgf@xc=\dimen144
\pgf@yc=\dimen145
\w@pgf@writea=\write3
\r@pgf@reada=\read1
\c@pgf@counta=\count114
\c@pgf@countb=\count115
\c@pgf@countc=\count116
\c@pgf@countd=\count117
\t@pgf@toka=\toks29
\t@pgf@tokb=\toks30
\t@pgf@tokc=\toks31
\pgf@sys@id@count=\count118

(/usr/local/texlive/2019/texmf-dist/tex/generic/pgf/systemlayer/pgf.cfg
File: pgf.cfg 2019/04/04 v3.1.2 (3.1.2)
)
Driver file for pgf: pgfsys-pdftex.def

(/usr/local/texlive/2019/texmf-dist/tex/generic/pgf/systemlayer/pgfsys-pdftex.d
ef
File: pgfsys-pdftex.def 2019/04/04 v3.1.2 (3.1.2)

(/usr/local/texlive/2019/texmf-dist/tex/generic/pgf/systemlayer/pgfsys-common-p
df.def
File: pgfsys-common-pdf.def 2019/04/04 v3.1.2 (3.1.2)
)))
(/usr/local/texlive/2019/texmf-dist/tex/generic/pgf/systemlayer/pgfsyssoftpath.
code.tex
File: pgfsyssoftpath.code.tex 2019/04/04 v3.1.2 (3.1.2)
\pgfsyssoftpath@smallbuffer@items=\count119
\pgfsyssoftpath@bigbuffer@items=\count120
)
(/usr/local/texlive/2019/texmf-dist/tex/generic/pgf/systemlayer/pgfsysprotocol.
code.tex
File: pgfsysprotocol.code.tex 2019/04/04 v3.1.2 (3.1.2)
)) (/usr/local/texlive/2019/texmf-dist/tex/latex/xcolor/xcolor.sty
Package: xcolor 2016/05/11 v2.12 LaTeX color extensions (UK)

(/usr/local/texlive/2019/texmf-dist/tex/latex/graphics-cfg/color.cfg
File: color.cfg 2016/01/02 v1.6 sample color configuration
)
Package xcolor Info: Driver file: pdftex.def on input line 225.
Package xcolor Info: Model `cmy' substituted by `cmy0' on input line 1348.
Package xcolor Info: Model `hsb' substituted by `rgb' on input line 1352.
Package xcolor Info: Model `RGB' extended on input line 1364.
Package xcolor Info: Model `HTML' substituted by `rgb' on input line 1366.
Package xcolor Info: Model `Hsb' substituted by `hsb' on input line 1367.
Package xcolor Info: Model `tHsb' substituted by `hsb' on input line 1368.
Package xcolor Info: Model `HSB' substituted by `hsb' on input line 1369.
Package xcolor Info: Model `Gray' substituted by `gray' on input line 1370.
Package xcolor Info: Model `wave' substituted by `hsb' on input line 1371.
)
(/usr/local/texlive/2019/texmf-dist/tex/generic/pgf/basiclayer/pgfcore.code.tex
Package: pgfcore 2019/04/04 v3.1.2 (3.1.2)
(/usr/local/texlive/2019/texmf-dist/tex/generic/pgf/math/pgfmath.code.tex
(/usr/local/texlive/2019/texmf-dist/tex/generic/pgf/math/pgfmathcalc.code.tex
(/usr/local/texlive/2019/texmf-dist/tex/generic/pgf/math/pgfmathutil.code.tex)
(/usr/local/texlive/2019/texmf-dist/tex/generic/pgf/math/pgfmathparser.code.tex
\pgfmath@dimen=\dimen146
\pgfmath@count=\count121
\pgfmath@box=\box37
\pgfmath@toks=\toks32
\pgfmath@stack@operand=\toks33
\pgfmath@stack@operation=\toks34
)
(/usr/local/texlive/2019/texmf-dist/tex/generic/pgf/math/pgfmathfunctions.code.
tex
(/usr/local/texlive/2019/texmf-dist/tex/generic/pgf/math/pgfmathfunctions.basic
.code.tex)
(/usr/local/texlive/2019/texmf-dist/tex/generic/pgf/math/pgfmathfunctions.trigo
nometric.code.tex)
(/usr/local/texlive/2019/texmf-dist/tex/generic/pgf/math/pgfmathfunctions.rando
m.code.tex)
(/usr/local/texlive/2019/texmf-dist/tex/generic/pgf/math/pgfmathfunctions.compa
rison.code.tex)
(/usr/local/texlive/2019/texmf-dist/tex/generic/pgf/math/pgfmathfunctions.base.
code.tex)
(/usr/local/texlive/2019/texmf-dist/tex/generic/pgf/math/pgfmathfunctions.round
.code.tex)
(/usr/local/texlive/2019/texmf-dist/tex/generic/pgf/math/pgfmathfunctions.misc.
code.tex)
(/usr/local/texlive/2019/texmf-dist/tex/generic/pgf/math/pgfmathfunctions.integ
erarithmetics.code.tex)))
(/usr/local/texlive/2019/texmf-dist/tex/generic/pgf/math/pgfmathfloat.code.tex
\c@pgfmathroundto@lastzeros=\count122
))
(/usr/local/texlive/2019/texmf-dist/tex/generic/pgf/basiclayer/pgfcorepoints.co
de.tex
File: pgfcorepoints.code.tex 2019/04/04 v3.1.2 (3.1.2)
\pgf@picminx=\dimen147
\pgf@picmaxx=\dimen148
\pgf@picminy=\dimen149
\pgf@picmaxy=\dimen150
\pgf@pathminx=\dimen151
\pgf@pathmaxx=\dimen152
\pgf@pathminy=\dimen153
\pgf@pathmaxy=\dimen154
\pgf@xx=\dimen155
\pgf@xy=\dimen156
\pgf@yx=\dimen157
\pgf@yy=\dimen158
\pgf@zx=\dimen159
\pgf@zy=\dimen160
)
(/usr/local/texlive/2019/texmf-dist/tex/generic/pgf/basiclayer/pgfcorepathconst
ruct.code.tex
File: pgfcorepathconstruct.code.tex 2019/04/04 v3.1.2 (3.1.2)
\pgf@path@lastx=\dimen161
\pgf@path@lasty=\dimen162
)
(/usr/local/texlive/2019/texmf-dist/tex/generic/pgf/basiclayer/pgfcorepathusage
.code.tex
File: pgfcorepathusage.code.tex 2019/04/04 v3.1.2 (3.1.2)
\pgf@shorten@end@additional=\dimen163
\pgf@shorten@start@additional=\dimen164
)
(/usr/local/texlive/2019/texmf-dist/tex/generic/pgf/basiclayer/pgfcorescopes.co
de.tex
File: pgfcorescopes.code.tex 2019/04/04 v3.1.2 (3.1.2)
\pgfpic=\box38
\pgf@hbox=\box39
\pgf@layerbox@main=\box40
\pgf@picture@serial@count=\count123
)
(/usr/local/texlive/2019/texmf-dist/tex/generic/pgf/basiclayer/pgfcoregraphicst
ate.code.tex
File: pgfcoregraphicstate.code.tex 2019/04/04 v3.1.2 (3.1.2)
\pgflinewidth=\dimen165
)
(/usr/local/texlive/2019/texmf-dist/tex/generic/pgf/basiclayer/pgfcoretransform
ations.code.tex
File: pgfcoretransformations.code.tex 2019/04/04 v3.1.2 (3.1.2)
\pgf@pt@x=\dimen166
\pgf@pt@y=\dimen167
\pgf@pt@temp=\dimen168
)
(/usr/local/texlive/2019/texmf-dist/tex/generic/pgf/basiclayer/pgfcorequick.cod
e.tex
File: pgfcorequick.code.tex 2019/04/04 v3.1.2 (3.1.2)
)
(/usr/local/texlive/2019/texmf-dist/tex/generic/pgf/basiclayer/pgfcoreobjects.c
ode.tex
File: pgfcoreobjects.code.tex 2019/04/04 v3.1.2 (3.1.2)
)
(/usr/local/texlive/2019/texmf-dist/tex/generic/pgf/basiclayer/pgfcorepathproce
ssing.code.tex
File: pgfcorepathprocessing.code.tex 2019/04/04 v3.1.2 (3.1.2)
)
(/usr/local/texlive/2019/texmf-dist/tex/generic/pgf/basiclayer/pgfcorearrows.co
de.tex
File: pgfcorearrows.code.tex 2019/04/04 v3.1.2 (3.1.2)
\pgfarrowsep=\dimen169
)
(/usr/local/texlive/2019/texmf-dist/tex/generic/pgf/basiclayer/pgfcoreshade.cod
e.tex
File: pgfcoreshade.code.tex 2019/04/04 v3.1.2 (3.1.2)
\pgf@max=\dimen170
\pgf@sys@shading@range@num=\count124
\pgf@shadingcount=\count125
)
(/usr/local/texlive/2019/texmf-dist/tex/generic/pgf/basiclayer/pgfcoreimage.cod
e.tex
File: pgfcoreimage.code.tex 2019/04/04 v3.1.2 (3.1.2)

(/usr/local/texlive/2019/texmf-dist/tex/generic/pgf/basiclayer/pgfcoreexternal.
code.tex
File: pgfcoreexternal.code.tex 2019/04/04 v3.1.2 (3.1.2)
\pgfexternal@startupbox=\box41
))
(/usr/local/texlive/2019/texmf-dist/tex/generic/pgf/basiclayer/pgfcorelayers.co
de.tex
File: pgfcorelayers.code.tex 2019/04/04 v3.1.2 (3.1.2)
)
(/usr/local/texlive/2019/texmf-dist/tex/generic/pgf/basiclayer/pgfcoretranspare
ncy.code.tex
File: pgfcoretransparency.code.tex 2019/04/04 v3.1.2 (3.1.2)
)
(/usr/local/texlive/2019/texmf-dist/tex/generic/pgf/basiclayer/pgfcorepatterns.
code.tex
File: pgfcorepatterns.code.tex 2019/04/04 v3.1.2 (3.1.2)
)
(/usr/local/texlive/2019/texmf-dist/tex/generic/pgf/basiclayer/pgfcorerdf.code.
tex
File: pgfcorerdf.code.tex 2019/04/04 v3.1.2 (3.1.2)
)))
(/usr/local/texlive/2019/texmf-dist/tex/generic/pgf/modules/pgfmoduleshapes.cod
e.tex
File: pgfmoduleshapes.code.tex 2019/04/04 v3.1.2 (3.1.2)
\pgfnodeparttextbox=\box42
)
(/usr/local/texlive/2019/texmf-dist/tex/generic/pgf/modules/pgfmoduleplot.code.
tex
File: pgfmoduleplot.code.tex 2019/04/04 v3.1.2 (3.1.2)
)
(/usr/local/texlive/2019/texmf-dist/tex/latex/pgf/compatibility/pgfcomp-version
-0-65.sty
Package: pgfcomp-version-0-65 2019/04/04 v3.1.2 (3.1.2)
\pgf@nodesepstart=\dimen171
\pgf@nodesepend=\dimen172
)
(/usr/local/texlive/2019/texmf-dist/tex/latex/pgf/compatibility/pgfcomp-version
-1-18.sty
Package: pgfcomp-version-1-18 2019/04/04 v3.1.2 (3.1.2)
))
(/usr/local/texlive/2019/texmf-dist/tex/latex/pgf/utilities/pgffor.sty
(/usr/local/texlive/2019/texmf-dist/tex/latex/pgf/utilities/pgfkeys.sty
(/usr/local/texlive/2019/texmf-dist/tex/generic/pgf/utilities/pgfkeys.code.tex)
) (/usr/local/texlive/2019/texmf-dist/tex/latex/pgf/math/pgfmath.sty
(/usr/local/texlive/2019/texmf-dist/tex/generic/pgf/math/pgfmath.code.tex))
(/usr/local/texlive/2019/texmf-dist/tex/generic/pgf/utilities/pgffor.code.tex
Package: pgffor 2019/04/04 v3.1.2 (3.1.2)

(/usr/local/texlive/2019/texmf-dist/tex/generic/pgf/math/pgfmath.code.tex)
\pgffor@iter=\dimen173
\pgffor@skip=\dimen174
\pgffor@stack=\toks35
\pgffor@toks=\toks36
))
(/usr/local/texlive/2019/texmf-dist/tex/generic/pgf/frontendlayer/tikz/tikz.cod
e.tex
Package: tikz 2019/04/04 v3.1.2 (3.1.2)

(/usr/local/texlive/2019/texmf-dist/tex/generic/pgf/libraries/pgflibraryplothan
dlers.code.tex
File: pgflibraryplothandlers.code.tex 2019/04/04 v3.1.2 (3.1.2)
\pgf@plot@mark@count=\count126
\pgfplotmarksize=\dimen175
)
\tikz@lastx=\dimen176
\tikz@lasty=\dimen177
\tikz@lastxsaved=\dimen178
\tikz@lastysaved=\dimen179
\tikzleveldistance=\dimen180
\tikzsiblingdistance=\dimen181
\tikz@figbox=\box43
\tikz@figbox@bg=\box44
\tikz@tempbox=\box45
\tikz@tempbox@bg=\box46
\tikztreelevel=\count127
\tikznumberofchildren=\count128
\tikznumberofcurrentchild=\count129
\tikz@fig@count=\count130

(/usr/local/texlive/2019/texmf-dist/tex/generic/pgf/modules/pgfmodulematrix.cod
e.tex
File: pgfmodulematrix.code.tex 2019/04/04 v3.1.2 (3.1.2)
\pgfmatrixcurrentrow=\count131
\pgfmatrixcurrentcolumn=\count132
\pgf@matrix@numberofcolumns=\count133
)
\tikz@expandcount=\count134

(/usr/local/texlive/2019/texmf-dist/tex/generic/pgf/frontendlayer/tikz/librarie
s/tikzlibrarytopaths.code.tex
File: tikzlibrarytopaths.code.tex 2019/04/04 v3.1.2 (3.1.2)
)))

LaTeX Warning: Unused global option(s):
    [english].

(./EC315-Summary.aux)
\openout1 = `EC315-Summary.aux'.

LaTeX Font Info:    Checking defaults for OML/cmm/m/it on input line 42.
LaTeX Font Info:    ... okay on input line 42.
LaTeX Font Info:    Checking defaults for T1/cmr/m/n on input line 42.
LaTeX Font Info:    ... okay on input line 42.
LaTeX Font Info:    Checking defaults for OT1/cmr/m/n on input line 42.
LaTeX Font Info:    ... okay on input line 42.
LaTeX Font Info:    Checking defaults for OMS/cmsy/m/n on input line 42.
LaTeX Font Info:    ... okay on input line 42.
LaTeX Font Info:    Checking defaults for OMX/cmex/m/n on input line 42.
LaTeX Font Info:    ... okay on input line 42.
LaTeX Font Info:    Checking defaults for U/cmr/m/n on input line 42.
LaTeX Font Info:    ... okay on input line 42.

*geometry* driver: auto-detecting
*geometry* detected driver: pdftex
*geometry* verbose mode - [ preamble ] result:
* driver: pdftex
* paper: a4paper
* layout: <same size as paper>
* layoutoffset:(h,v)=(0.0pt,0.0pt)
* modes: 
* h-part:(L,W,R)=(92.756pt, 411.99588pt, 92.756pt)
* v-part:(T,H,B)=(116.08725pt, 612.87234pt, 116.08725pt)
* \paperwidth=597.50787pt
* \paperheight=845.04684pt
* \textwidth=411.99588pt
* \textheight=612.87234pt
* \oddsidemargin=20.48601pt
* \evensidemargin=20.48601pt
* \topmargin=6.81726pt
* \headheight=12.0pt
* \headsep=25.0pt
* \topskip=11.0pt
* \footskip=30.0pt
* \marginparwidth=59.0pt
* \marginparsep=10.0pt
* \columnsep=10.0pt
* \skip\footins=10.0pt plus 4.0pt minus 2.0pt
* \hoffset=0.0pt
* \voffset=0.0pt
* \mag=1000
* \@twocolumnfalse
* \@twosidefalse
* \@mparswitchfalse
* \@reversemarginfalse
* (1in=72.27pt=25.4mm, 1cm=28.453pt)

Package caption Info: Begin \AtBeginDocument code.
Package caption Info: float package is loaded.
Package caption Info: End \AtBeginDocument code.
(/usr/local/texlive/2019/texmf-dist/tex/context/base/mkii/supp-pdf.mkii
[Loading MPS to PDF converter (version 2006.09.02).]
\scratchcounter=\count135
\scratchdimen=\dimen182
\scratchbox=\box47
\nofMPsegments=\count136
\nofMParguments=\count137
\everyMPshowfont=\toks37
\MPscratchCnt=\count138
\MPscratchDim=\dimen183
\MPnumerator=\count139
\makeMPintoPDFobject=\count140
\everyMPtoPDFconversion=\toks38
) (/usr/local/texlive/2019/texmf-dist/tex/latex/oberdiek/epstopdf-base.sty
Package: epstopdf-base 2016/05/15 v2.6 Base part for package epstopdf

(/usr/local/texlive/2019/texmf-dist/tex/generic/oberdiek/infwarerr.sty
Package: infwarerr 2016/05/16 v1.4 Providing info/warning/error messages (HO)
)
(/usr/local/texlive/2019/texmf-dist/tex/latex/oberdiek/grfext.sty
Package: grfext 2016/05/16 v1.2 Manage graphics extensions (HO)

(/usr/local/texlive/2019/texmf-dist/tex/generic/oberdiek/kvdefinekeys.sty
Package: kvdefinekeys 2016/05/16 v1.4 Define keys (HO)

(/usr/local/texlive/2019/texmf-dist/tex/generic/oberdiek/ltxcmds.sty
Package: ltxcmds 2016/05/16 v1.23 LaTeX kernel commands for general use (HO)
)))
(/usr/local/texlive/2019/texmf-dist/tex/latex/oberdiek/kvoptions.sty
Package: kvoptions 2016/05/16 v3.12 Key value format for package options (HO)

(/usr/local/texlive/2019/texmf-dist/tex/generic/oberdiek/kvsetkeys.sty
Package: kvsetkeys 2016/05/16 v1.17 Key value parser (HO)

(/usr/local/texlive/2019/texmf-dist/tex/generic/oberdiek/etexcmds.sty
Package: etexcmds 2016/05/16 v1.6 Avoid name clashes with e-TeX commands (HO)

(/usr/local/texlive/2019/texmf-dist/tex/generic/oberdiek/ifluatex.sty
Package: ifluatex 2016/05/16 v1.4 Provides the ifluatex switch (HO)
Package ifluatex Info: LuaTeX not detected.
))))
(/usr/local/texlive/2019/texmf-dist/tex/generic/oberdiek/pdftexcmds.sty
Package: pdftexcmds 2018/09/10 v0.29 Utility functions of pdfTeX for LuaTeX (HO
)
Package pdftexcmds Info: LuaTeX not detected.
Package pdftexcmds Info: \pdf@primitive is available.
Package pdftexcmds Info: \pdf@ifprimitive is available.
Package pdftexcmds Info: \pdfdraftmode found.
)
Package epstopdf-base Info: Redefining graphics rule for `.eps' on input line 4
38.
Package grfext Info: Graphics extension search list:
(grfext)             [.pdf,.png,.jpg,.mps,.jpeg,.jbig2,.jb2,.PDF,.PNG,.JPG,.JPE
G,.JBIG2,.JB2,.eps]
(grfext)             \AppendGraphicsExtensions on input line 456.

(/usr/local/texlive/2019/texmf-dist/tex/latex/latexconfig/epstopdf-sys.cfg
File: epstopdf-sys.cfg 2010/07/13 v1.3 Configuration of (r)epstopdf for TeX Liv
e
))
ABD: EveryShipout initializing macros
LaTeX Font Info:    Try loading font information for U+msa on input line 49.

(/usr/local/texlive/2019/texmf-dist/tex/latex/amsfonts/umsa.fd
File: umsa.fd 2013/01/14 v3.01 AMS symbols A
)
LaTeX Font Info:    Try loading font information for U+msb on input line 49.

(/usr/local/texlive/2019/texmf-dist/tex/latex/amsfonts/umsb.fd
File: umsb.fd 2013/01/14 v3.01 AMS symbols B
) [1

{/usr/local/texlive/2019/texmf-var/fonts/map/pdftex/updmap/pdftex.map}]

LaTeX Font Warning: Font shape `OT1/cmr/bx/n' in size <18> not available
(Font)              size <17.28> substituted on input line 57.

(./EC315-Summary.toc [1])
\tf@toc=\write4
\openout4 = `EC315-Summary.toc'.

 [2]
LaTeX Font Info:    Try loading font information for OMS+cmr on input line 76.

(/usr/local/texlive/2019/texmf-dist/tex/latex/base/omscmr.fd
File: omscmr.fd 2014/09/29 v2.5h Standard LaTeX font definitions
)
LaTeX Font Info:    Font shape `OMS/cmr/m/n' in size <10.95> not available
(Font)              Font shape `OMS/cmsy/m/n' tried instead on input line 76.
 [1] [2]
<EC315-IMG/1.png, id=30, 133.49875pt x 112.42pt>
File: EC315-IMG/1.png Graphic file (type png)
<use EC315-IMG/1.png>
Package pdftex.def Info: EC315-IMG/1.png  used on input line 164.
(pdftex.def)             Requested size: 142.27797pt x 113.81604pt.
 [3]
[4 <./EC315-IMG/1.png>] [5] [6] [7] [8]
Overfull \hbox (3.53046pt too wide) in paragraph at lines 383--392
 [] 
 []

[9] [10]
<EC315-IMG/2.png, id=62, 211.79124pt x 108.405pt>
File: EC315-IMG/2.png Graphic file (type png)
<use EC315-IMG/2.png>
Package pdftex.def Info: EC315-IMG/2.png  used on input line 522.
(pdftex.def)             Requested size: 170.72266pt x 85.36276pt.
 [11 <./EC315-IMG/2.png>]
<EC315-IMG/3.png, id=67, 200.75pt x 81.30376pt>
File: EC315-IMG/3.png Graphic file (type png)
<use EC315-IMG/3.png>
Package pdftex.def Info: EC315-IMG/3.png  used on input line 528.
(pdftex.def)             Requested size: 184.95566pt x 85.36523pt.
<EC315-IMG/4.png, id=68, 218.8175pt x 98.3675pt>
File: EC315-IMG/4.png Graphic file (type png)
<use EC315-IMG/4.png>
Package pdftex.def Info: EC315-IMG/4.png  used on input line 559.
(pdftex.def)             Requested size: 170.71701pt x 85.35686pt.
 [12 <./EC315-IMG/3.png>]
<EC315-IMG/5.png, id=73, 137.51375pt x 157.58875pt>
File: EC315-IMG/5.png Graphic file (type png)
<use EC315-IMG/5.png>
Package pdftex.def Info: EC315-IMG/5.png  used on input line 565.
(pdftex.def)             Requested size: 128.04802pt x 170.72711pt.
 [13 <./EC315-IMG/4.png> <./EC315-IMG/5.png>]
<EC315-IMG/6.png, id=79, 144.54pt x 52.195pt>
File: EC315-IMG/6.png Graphic file (type png)
<use EC315-IMG/6.png>
Package pdftex.def Info: EC315-IMG/6.png  used on input line 591.
(pdftex.def)             Requested size: 142.27016pt x 56.90894pt.
 [14 <./EC315-IMG/6.png>]
<EC315-IMG/7.png, id=84, 130.4875pt x 151.56625pt>
File: EC315-IMG/7.png Graphic file (type png)
<use EC315-IMG/7.png>
Package pdftex.def Info: EC315-IMG/7.png  used on input line 607.
(pdftex.def)             Requested size: 99.58566pt x 128.03865pt.
 [15 <./EC315-IMG/7.png>]
<EC315-IMG/10.png, id=89, 131.49126pt x 103.38625pt>
File: EC315-IMG/10.png Graphic file (type png)
<use EC315-IMG/10.png>
Package pdftex.def Info: EC315-IMG/10.png  used on input line 654.
(pdftex.def)             Requested size: 113.8166pt x 113.81355pt.

[16 <./EC315-IMG/10.png>]
<EC315-IMG/11.png, id=95, 167.62625pt x 62.2325pt>
File: EC315-IMG/11.png Graphic file (type png)
<use EC315-IMG/11.png>
Package pdftex.def Info: EC315-IMG/11.png  used on input line 696.
(pdftex.def)             Requested size: 170.71559pt x 56.90704pt.
 [17 <./EC315-IMG/11.png>] [18]
<EC315-IMG/12.png, id=104, 169.63374pt x 68.255pt>
File: EC315-IMG/12.png Graphic file (type png)
<use EC315-IMG/12.png>
Package pdftex.def Info: EC315-IMG/12.png  used on input line 793.
(pdftex.def)             Requested size: 142.26875pt x 56.90575pt.
<EC315-IMG/13.png, id=105, 172.645pt x 61.22874pt>
File: EC315-IMG/13.png Graphic file (type png)
<use EC315-IMG/13.png>
Package pdftex.def Info: EC315-IMG/13.png  used on input line 793.
(pdftex.def)             Requested size: 142.26526pt x 56.90662pt.
 [19 <./EC315-IMG/12.png> <./EC315-IMG/13.png>]
<EC315-IMG/14.png, id=112, 491.8375pt x 443.6575pt>
File: EC315-IMG/14.png Graphic file (type png)
<use EC315-IMG/14.png>
Package pdftex.def Info: EC315-IMG/14.png  used on input line 818.
(pdftex.def)             Requested size: 99.58153pt x 85.35185pt.
<EC315-IMG/15.png, id=113, 82.3075pt x 69.25874pt>
File: EC315-IMG/15.png Graphic file (type png)
<use EC315-IMG/15.png>
Package pdftex.def Info: EC315-IMG/15.png  used on input line 828.
(pdftex.def)             Requested size: 99.58733pt x 85.35893pt.
 [20 <./EC315-IMG/14.png> <./EC315-IMG/15.png>]
[21]
Underfull \hbox (badness 10000) in paragraph at lines 889--892

 []


Underfull \hbox (badness 10000) in paragraph at lines 893--896

 []


Underfull \hbox (badness 10000) in paragraph at lines 897--899

 []


Underfull \hbox (badness 10000) in paragraph at lines 900--901

 []

<EC315-IMG/16.png, id=123, 101.37875pt x 84.315pt>
File: EC315-IMG/16.png Graphic file (type png)
<use EC315-IMG/16.png>
Package pdftex.def Info: EC315-IMG/16.png  used on input line 905.
(pdftex.def)             Requested size: 85.3602pt x 85.35944pt.

Underfull \hbox (badness 10000) in paragraph at lines 908--911

 []

<EC315-IMG/17.png, id=124, 102.3825pt x 85.31876pt>
File: EC315-IMG/17.png Graphic file (type png)
<use EC315-IMG/17.png>
Package pdftex.def Info: EC315-IMG/17.png  used on input line 915.
(pdftex.def)             Requested size: 85.36331pt x 85.36409pt.
[22 <./EC315-IMG/16.png>]
<EC315-IMG/18.png, id=130, 191.71625pt x 81.30376pt>
File: EC315-IMG/18.png Graphic file (type png)
<use EC315-IMG/18.png>
Package pdftex.def Info: EC315-IMG/18.png  used on input line 924.
(pdftex.def)             Requested size: 199.18126pt x 85.36523pt.

Underfull \hbox (badness 10000) in paragraph at lines 940--944

 []


Underfull \hbox (badness 10000) in paragraph at lines 945--946

 []

[23 <./EC315-IMG/17.png> <./EC315-IMG/18.png>]
<EC315-IMG/19.png, id=136, 145.54375pt x 96.36pt>
File: EC315-IMG/19.png Graphic file (type png)
<use EC315-IMG/19.png>
Package pdftex.def Info: EC315-IMG/19.png  used on input line 965.
(pdftex.def)             Requested size: 99.58582pt x 85.35724pt.
 [24 <./EC315-IMG/19.png>]
Underfull \hbox (badness 10000) in paragraph at lines 1014--1015

 []


Underfull \hbox (badness 10000) in paragraph at lines 1020--1021

 []


Underfull \hbox (badness 10000) in paragraph at lines 1022--1028

 []

[25]
Underfull \hbox (badness 10000) in paragraph at lines 1054--1056

 []

<EC315-IMG/20.png, id=144, 108.405pt x 96.36pt>
File: EC315-IMG/20.png Graphic file (type png)
<use EC315-IMG/20.png>
Package pdftex.def Info: EC315-IMG/20.png  used on input line 1072.
(pdftex.def)             Requested size: 113.81702pt x 113.81111pt.
[26] [27 <./EC315-IMG/20.png>]
<EC315-IMG/21.png, id=152, 165.61874pt x 143.53625pt>
File: EC315-IMG/21.png Graphic file (type png)
<use EC315-IMG/21.png>
Package pdftex.def Info: EC315-IMG/21.png  used on input line 1138.
(pdftex.def)             Requested size: 142.27013pt x 128.04033pt.
 [28 <./EC315-IMG/21.png>]
<EC315-IMG/22.png, id=158, 97.36375pt x 81.30376pt>
File: EC315-IMG/22.png Graphic file (type png)
<use EC315-IMG/22.png>
Package pdftex.def Info: EC315-IMG/22.png  used on input line 1185.
(pdftex.def)             Requested size: 85.36093pt x 71.13687pt.
<EC315-IMG/23.png, id=159, 101.37875pt x 81.30376pt>
File: EC315-IMG/23.png Graphic file (type png)
<use EC315-IMG/23.png>
Package pdftex.def Info: EC315-IMG/23.png  used on input line 1190.
(pdftex.def)             Requested size: 85.3602pt x 71.13687pt.
<EC315-IMG/24.png, id=160, 106.3975pt x 80.3pt>
File: EC315-IMG/24.png Graphic file (type png)
<use EC315-IMG/24.png>
Package pdftex.def Info: EC315-IMG/24.png  used on input line 1195.
(pdftex.def)             Requested size: 85.36325pt x 71.13348pt.
<EC315-IMG/25.png, id=161, 102.3825pt x 83.31125pt>
File: EC315-IMG/25.png Graphic file (type png)
<use EC315-IMG/25.png>
Package pdftex.def Info: EC315-IMG/25.png  used on input line 1201.
(pdftex.def)             Requested size: 85.36331pt x 71.1365pt.
<EC315-IMG/26.png, id=162, 105.39375pt x 83.31125pt>
File: EC315-IMG/26.png Graphic file (type png)
<use EC315-IMG/26.png>
Package pdftex.def Info: EC315-IMG/26.png  used on input line 1206.
(pdftex.def)             Requested size: 85.36041pt x 71.1365pt.
<EC315-IMG/27.png, id=163, 105.39375pt x 83.31125pt>
File: EC315-IMG/27.png Graphic file (type png)
<use EC315-IMG/27.png>
Package pdftex.def Info: EC315-IMG/27.png  used on input line 1211.
(pdftex.def)             Requested size: 85.36041pt x 71.1365pt.
<EC315-IMG/28.png, id=164, 103.38625pt x 92.345pt>
File: EC315-IMG/28.png Graphic file (type png)
<use EC315-IMG/28.png>
Package pdftex.def Info: EC315-IMG/28.png  used on input line 1225.
(pdftex.def)             Requested size: 85.35938pt x 71.13263pt.
<EC315-IMG/29.png, id=165, 104.39pt x 93.34875pt>
File: EC315-IMG/29.png Graphic file (type png)
<use EC315-IMG/29.png>
Package pdftex.def Info: EC315-IMG/29.png  used on input line 1230.
(pdftex.def)             Requested size: 85.36299pt x 71.13521pt.
<EC315-IMG/30.png, id=166, 106.3975pt x 94.3525pt>
File: EC315-IMG/30.png Graphic file (type png)
<use EC315-IMG/30.png>
Package pdftex.def Info: EC315-IMG/30.png  used on input line 1235.
(pdftex.def)             Requested size: 85.36325pt x 71.1313pt.
 [29 <./EC315-IMG/22.png> <./EC315-IMG/23.png> <./EC315-IMG/24.png> <./EC315-IM
G/25.png> <./EC315-IMG/26.png> <./EC315-IMG/27.png>] [30 <./EC315-IMG/28.png> <
./EC315-IMG/29.png> <./EC315-IMG/30.png>] [31]
<EC315-IMG/31.png, id=185, 98.3675pt x 81.30376pt>
File: EC315-IMG/31.png Graphic file (type png)
<use EC315-IMG/31.png>
Package pdftex.def Info: EC315-IMG/31.png  used on input line 1314.
(pdftex.def)             Requested size: 99.5845pt x 85.36523pt.
<EC315-IMG/32.png, id=186, 126.4725pt x 107.40125pt>
File: EC315-IMG/32.png Graphic file (type png)
<use EC315-IMG/32.png>
Package pdftex.def Info: EC315-IMG/32.png  used on input line 1331.
(pdftex.def)             Requested size: 85.35945pt x 71.13249pt.
<EC315-IMG/33.png, id=187, 125.46875pt x 102.3825pt>
File: EC315-IMG/33.png Graphic file (type png)
<use EC315-IMG/33.png>
Package pdftex.def Info: EC315-IMG/33.png  used on input line 1336.
(pdftex.def)             Requested size: 85.36163pt x 71.1361pt.
<EC315-IMG/34.png, id=188, 126.4725pt x 99.37125pt>
File: EC315-IMG/34.png Graphic file (type png)
<use EC315-IMG/34.png>
Package pdftex.def Info: EC315-IMG/34.png  used on input line 1341.
(pdftex.def)             Requested size: 85.35945pt x 71.13329pt.
<EC315-IMG/35.png, id=189, 127.47626pt x 101.37875pt>
File: EC315-IMG/35.png Graphic file (type png)
<use EC315-IMG/35.png>
Package pdftex.def Info: EC315-IMG/35.png  used on input line 1347.
(pdftex.def)             Requested size: 85.36195pt x 71.13324pt.
<EC315-IMG/36.png, id=190, 107.40125pt x 108.405pt>
File: EC315-IMG/36.png Graphic file (type png)
<use EC315-IMG/36.png>
Package pdftex.def Info: EC315-IMG/36.png  used on input line 1362.
(pdftex.def)             Requested size: 85.35898pt x 71.13564pt.
<EC315-IMG/37.png, id=191, 102.3825pt x 109.40875pt>
File: EC315-IMG/37.png Graphic file (type png)
<use EC315-IMG/37.png>
Package pdftex.def Info: EC315-IMG/37.png  used on input line 1367.
(pdftex.def)             Requested size: 85.36331pt x 71.1332pt.
<EC315-IMG/38.png, id=192, 105.39375pt x 109.40875pt>
File: EC315-IMG/38.png Graphic file (type png)
<use EC315-IMG/38.png>
Package pdftex.def Info: EC315-IMG/38.png  used on input line 1372.
(pdftex.def)             Requested size: 85.36041pt x 71.1332pt.
<EC315-IMG/39.png, id=193, 102.3825pt x 108.405pt>
File: EC315-IMG/39.png Graphic file (type png)
<use EC315-IMG/39.png>
Package pdftex.def Info: EC315-IMG/39.png  used on input line 1377.
(pdftex.def)             Requested size: 85.36331pt x 71.13564pt.
<EC315-IMG/40.png, id=194, 113.42375pt x 102.3825pt>
File: EC315-IMG/40.png Graphic file (type png)
<use EC315-IMG/40.png>
Package pdftex.def Info: EC315-IMG/40.png  used on input line 1383.
(pdftex.def)             Requested size: 85.35835pt x 71.1361pt.
<EC315-IMG/41.png, id=195, 115.43124pt x 103.38625pt>
File: EC315-IMG/41.png Graphic file (type png)
<use EC315-IMG/41.png>
Package pdftex.def Info: EC315-IMG/41.png  used on input line 1388.
(pdftex.def)             Requested size: 85.35788pt x 71.13307pt.
<EC315-IMG/42.png, id=196, 113.42375pt x 104.39pt>
File: EC315-IMG/42.png Graphic file (type png)
<use EC315-IMG/42.png>
Package pdftex.def Info: EC315-IMG/42.png  used on input line 1393.
(pdftex.def)             Requested size: 85.35835pt x 71.13556pt.
 [32 <./EC315-IMG/31.png> <./EC315-IMG/32.png> <./EC315-IMG/33.png> <./EC315-IM
G/34.png> <./EC315-IMG/35.png>]
<EC315-IMG/43.png, id=205, 115.43124pt x 109.40875pt>
File: EC315-IMG/43.png Graphic file (type png)
<use EC315-IMG/43.png>
Package pdftex.def Info: EC315-IMG/43.png  used on input line 1412.
(pdftex.def)             Requested size: 85.35788pt x 71.1332pt.
<EC315-IMG/44.png, id=206, 115.43124pt x 101.37875pt>
File: EC315-IMG/44.png Graphic file (type png)
<use EC315-IMG/44.png>
Package pdftex.def Info: EC315-IMG/44.png  used on input line 1418.
(pdftex.def)             Requested size: 85.35788pt x 71.13324pt.
<EC315-IMG/45.png, id=207, 112.42pt x 95.35625pt>
File: EC315-IMG/45.png Graphic file (type png)
<use EC315-IMG/45.png>
Package pdftex.def Info: EC315-IMG/45.png  used on input line 1442.
(pdftex.def)             Requested size: 85.36118pt x 71.13432pt.
<EC315-IMG/46.png, id=208, 104.39pt x 95.35625pt>
File: EC315-IMG/46.png Graphic file (type png)
<use EC315-IMG/46.png>
Package pdftex.def Info: EC315-IMG/46.png  used on input line 1447.
(pdftex.def)             Requested size: 85.36299pt x 71.13432pt.
 [33 <./EC315-IMG/36.png> <./EC315-IMG/37.png> <./EC315-IMG/38.png> <./EC315-IM
G/39.png> <./EC315-IMG/40.png> <./EC315-IMG/41.png> <./EC315-IMG/42.png> <./EC3
15-IMG/43.png> <./EC315-IMG/44.png> <./EC315-IMG/45.png> <./EC315-IMG/46.png>]
<EC315-IMG/48.png, id=224, 129.48375pt x 93.34875pt>
File: EC315-IMG/48.png Graphic file (type png)
<use EC315-IMG/48.png>
Package pdftex.def Info: EC315-IMG/48.png  used on input line 1474.
(pdftex.def)             Requested size: 85.3627pt x 71.13521pt.
<EC315-IMG/49.png, id=225, 106.3975pt x 93.34875pt>
File: EC315-IMG/49.png Graphic file (type png)
<use EC315-IMG/49.png>
Package pdftex.def Info: EC315-IMG/49.png  used on input line 1479.
(pdftex.def)             Requested size: 85.36325pt x 71.13521pt.
<EC315-IMG/50.png, id=226, 109.40875pt x 95.35625pt>
File: EC315-IMG/50.png Graphic file (type png)
<use EC315-IMG/50.png>
Package pdftex.def Info: EC315-IMG/50.png  used on input line 1484.
(pdftex.def)             Requested size: 85.35849pt x 71.13432pt.
<EC315-IMG/51.png, id=227, 102.3825pt x 93.34875pt>
File: EC315-IMG/51.png Graphic file (type png)
<use EC315-IMG/51.png>
Package pdftex.def Info: EC315-IMG/51.png  used on input line 1489.
(pdftex.def)             Requested size: 85.36331pt x 71.13521pt.
<EC315-IMG/52.png, id=228, 104.39pt x 96.36pt>
File: EC315-IMG/52.png Graphic file (type png)
<use EC315-IMG/52.png>
Package pdftex.def Info: EC315-IMG/52.png  used on input line 1501.
(pdftex.def)             Requested size: 85.36299pt x 71.13176pt.
<EC315-IMG/53.png, id=229, 128.48pt x 93.34875pt>
File: EC315-IMG/53.png Graphic file (type png)
<use EC315-IMG/53.png>
Package pdftex.def Info: EC315-IMG/53.png  used on input line 1506.
(pdftex.def)             Requested size: 85.3597pt x 71.13521pt.
 [34 <./EC315-IMG/48.png> <./EC315-IMG/49.png> <./EC315-IMG/50.png> <./EC315-IM
G/51.png> <./EC315-IMG/52.png> <./EC315-IMG/53.png>]
Underfull \vbox (badness 10000) detected at line 1556
 []

LaTeX Font Info:    Font shape `OMS/cmr/m/n' in size <8> not available
(Font)              Font shape `OMS/cmsy/m/n' tried instead on input line 1562.


Underfull \hbox (badness 1057) in paragraph at lines 1562--1563
\OT1/cmr/m/n/8 E.g. lin-ear (pos-i-tive/negative), poly-no-mial (vary-ing by de
-gree
 []

[35] [36] [37]
Underfull \hbox (badness 10000) in paragraph at lines 1605--1616

 []


Underfull \hbox (badness 10000) in paragraph at lines 1605--1616

 []


Underfull \hbox (badness 10000) in paragraph at lines 1605--1616

 []


Underfull \hbox (badness 10000) in paragraph at lines 1605--1616

 []


Underfull \hbox (badness 10000) in paragraph at lines 1605--1616

 []


Underfull \hbox (badness 10000) in paragraph at lines 1605--1616

 []


Underfull \hbox (badness 10000) in paragraph at lines 1605--1616

 []


Underfull \hbox (badness 10000) in paragraph at lines 1605--1616

 []


Underfull \hbox (badness 10000) in paragraph at lines 1605--1616

 []


Underfull \hbox (badness 10000) in paragraph at lines 1619--1622

 []


Underfull \hbox (badness 10000) in paragraph at lines 1640--1647

 []


Underfull \hbox (badness 10000) in paragraph at lines 1640--1647

 []


Underfull \hbox (badness 10000) in paragraph at lines 1640--1647

 []


Underfull \hbox (badness 10000) in paragraph at lines 1640--1647

 []


Underfull \hbox (badness 10000) in paragraph at lines 1640--1647

 []


Underfull \hbox (badness 10000) in paragraph at lines 1640--1647

 []


Underfull \hbox (badness 2671) in paragraph at lines 1640--1647
\OT1/cmr/bx/n/8 [3] In-for-ma-tion Cri-te-ria: \OT1/cmr/m/n/8 One way of se-lec
t-ing an op-ti-mal model is by find-ing the one
 []


Underfull \hbox (badness 10000) in paragraph at lines 1640--1647
\OT1/cmr/m/n/8 with the low-est pos-si-ble $[]$, $[]$ and/or
 []


Underfull \hbox (badness 10000) in paragraph at lines 1647--1673

 []


Underfull \hbox (badness 10000) in paragraph at lines 1647--1673

 []


Underfull \hbox (badness 10000) in paragraph at lines 1647--1673

 []


Underfull \hbox (badness 10000) in paragraph at lines 1647--1673

 []


Underfull \hbox (badness 10000) in paragraph at lines 1647--1673

 []


Underfull \hbox (badness 10000) in paragraph at lines 1647--1673

 []


Underfull \hbox (badness 10000) in paragraph at lines 1647--1673

 []


Underfull \hbox (badness 10000) in paragraph at lines 1647--1673

 []


Underfull \hbox (badness 10000) in paragraph at lines 1647--1673

 []


Underfull \hbox (badness 10000) in paragraph at lines 1647--1673

 []


Underfull \hbox (badness 10000) in paragraph at lines 1647--1673

 []


Underfull \hbox (badness 10000) in paragraph at lines 1647--1673

 []


Underfull \hbox (badness 10000) in paragraph at lines 1647--1673

 []


Underfull \hbox (badness 10000) in paragraph at lines 1673--1676

 []


Underfull \hbox (badness 10000) in paragraph at lines 1673--1676

 []


Underfull \hbox (badness 10000) in paragraph at lines 1676--1684

 []


Underfull \hbox (badness 10000) in paragraph at lines 1676--1684

 []


Underfull \hbox (badness 10000) in paragraph at lines 1676--1684

 []


Underfull \hbox (badness 10000) in paragraph at lines 1676--1684

 []


Underfull \hbox (badness 10000) in paragraph at lines 1676--1684

 []


Underfull \hbox (badness 10000) in paragraph at lines 1685--1688

 []


Underfull \vbox (badness 10000) detected at line 1689
 []

[38] [39] [40] [41]
Underfull \hbox (badness 6348) in paragraph at lines 1710--1710
[]\OT1/cmr/m/n/8 X be-ing Bi-nary 1 re-sults in a
 []


Underfull \hbox (badness 2538) in paragraph at lines 1714--1714
\OT1/cmr/m/n/8 of Y be-ing Bi-nary 1 changes by
 []


Underfull \hbox (badness 1454) in paragraph at lines 1715--1716
\OT1/cmr/m/it/8 be-ing de-funct than a fund with-out
 []

[42] [43] [44] (./EC315-Summary.aux)

LaTeX Font Warning: Size substitutions with differences
(Font)              up to 0.72pt have occurred.

 ) 
Here is how much of TeX's memory you used:
 15098 strings out of 492616
 292419 string characters out of 6129480
 364903 words of memory out of 5000000
 18668 multiletter control sequences out of 15000+600000
 15529 words of font info for 57 fonts, out of 8000000 for 9000
 1141 hyphenation exceptions out of 8191
 55i,15n,48p,693b,1034s stack positions out of 5000i,500n,10000p,200000b,80000s
</usr/local/texlive/2019/texmf-dist/fonts/type1/public/amsfonts/cm/cmbx10.pfb
></usr/local/texlive/2019/texmf-dist/fonts/type1/public/amsfonts/cm/cmbx12.pfb>
</usr/local/texlive/2019/texmf-dist/fonts/type1/public/amsfonts/cm/cmbx8.pfb></
usr/local/texlive/2019/texmf-dist/fonts/type1/public/amsfonts/cm/cmbx9.pfb></us
r/local/texlive/2019/texmf-dist/fonts/type1/public/amsfonts/cm/cmcsc10.pfb></us
r/local/texlive/2019/texmf-dist/fonts/type1/public/amsfonts/cm/cmex10.pfb></usr
/local/texlive/2019/texmf-dist/fonts/type1/public/amsfonts/cmextra/cmex7.pfb></
usr/local/texlive/2019/texmf-dist/fonts/type1/public/amsfonts/cmextra/cmex8.pfb
></usr/local/texlive/2019/texmf-dist/fonts/type1/public/amsfonts/cm/cmmi10.pfb>
</usr/local/texlive/2019/texmf-dist/fonts/type1/public/amsfonts/cm/cmmi5.pfb></
usr/local/texlive/2019/texmf-dist/fonts/type1/public/amsfonts/cm/cmmi6.pfb></us
r/local/texlive/2019/texmf-dist/fonts/type1/public/amsfonts/cm/cmmi8.pfb></usr/
local/texlive/2019/texmf-dist/fonts/type1/public/amsfonts/cm/cmr10.pfb></usr/lo
cal/texlive/2019/texmf-dist/fonts/type1/public/amsfonts/cm/cmr6.pfb></usr/local
/texlive/2019/texmf-dist/fonts/type1/public/amsfonts/cm/cmr8.pfb></usr/local/te
xlive/2019/texmf-dist/fonts/type1/public/amsfonts/cm/cmsy10.pfb></usr/local/tex
live/2019/texmf-dist/fonts/type1/public/amsfonts/cm/cmsy5.pfb></usr/local/texli
ve/2019/texmf-dist/fonts/type1/public/amsfonts/cm/cmsy6.pfb></usr/local/texlive
/2019/texmf-dist/fonts/type1/public/amsfonts/cm/cmsy8.pfb></usr/local/texlive/2
019/texmf-dist/fonts/type1/public/amsfonts/cm/cmti10.pfb></usr/local/texlive/20
19/texmf-dist/fonts/type1/public/amsfonts/cm/cmti7.pfb></usr/local/texlive/2019
/texmf-dist/fonts/type1/public/amsfonts/cm/cmti8.pfb></usr/local/texlive/2019/t
exmf-dist/fonts/type1/public/amsfonts/cm/cmu10.pfb></usr/local/texlive/2019/tex
mf-dist/fonts/type1/public/amsfonts/symbols/msam10.pfb>
Output written on EC315-Summary.pdf (47 pages, 2333712 bytes).
PDF statistics:
 357 PDF objects out of 1000 (max. 8388607)
 182 compressed objects within 2 object streams
 0 named destinations out of 1000 (max. 500000)
 263 words of extra memory for PDF output out of 10000 (max. 10000000)

