This is pdfTeX, Version 3.141592653-2.6-1.40.23 (TeX Live 2021/Arch Linux) (preloaded format=pdflatex 2022.2.1)  6 APR 2022 11:14
entering extended mode
 restricted \write18 enabled.
 %&-line parsing enabled.
**AG436-Assignment.tex
(./AG436-Assignment.tex
LaTeX2e <2021-11-15> patch level 1
L3 programming layer <2021-11-22>
(/usr/share/texmf-dist/tex/latex/base/article.cls
Document Class: article 2021/10/04 v1.4n Standard LaTeX document class
(/usr/share/texmf-dist/tex/latex/base/size11.clo
File: size11.clo 2021/10/04 v1.4n Standard LaTeX file (size option)
)
\c@part=\count183
\c@section=\count184
\c@subsection=\count185
\c@subsubsection=\count186
\c@paragraph=\count187
\c@subparagraph=\count188
\c@figure=\count189
\c@table=\count190
\abovecaptionskip=\skip47
\belowcaptionskip=\skip48
\bibindent=\dimen138
)
(/usr/share/texmf-dist/tex/latex/geometry/geometry.sty
Package: geometry 2020/01/02 v5.9 Page Geometry

(/usr/share/texmf-dist/tex/latex/graphics/keyval.sty
Package: keyval 2014/10/28 v1.15 key=value parser (DPC)
\KV@toks@=\toks16
)
(/usr/share/texmf-dist/tex/generic/iftex/ifvtex.sty
Package: ifvtex 2019/10/25 v1.7 ifvtex legacy package. Use iftex instead.

(/usr/share/texmf-dist/tex/generic/iftex/iftex.sty
Package: iftex 2020/03/06 v1.0d TeX engine tests
))
\Gm@cnth=\count191
\Gm@cntv=\count192
\c@Gm@tempcnt=\count193
\Gm@bindingoffset=\dimen139
\Gm@wd@mp=\dimen140
\Gm@odd@mp=\dimen141
\Gm@even@mp=\dimen142
\Gm@layoutwidth=\dimen143
\Gm@layoutheight=\dimen144
\Gm@layouthoffset=\dimen145
\Gm@layoutvoffset=\dimen146
\Gm@dimlist=\toks17
)

Package geometry Warning: Over-specification in `h'-direction.
    `width' (597.50787pt) is ignored.


Package geometry Warning: Over-specification in `v'-direction.
    `height' (845.04684pt) is ignored.

(/usr/share/texmf-dist/tex/latex/fancyhdr/fancyhdr.sty
Package: fancyhdr 2021/01/28 v4.0.1 Extensive control of page headers and foote
rs
\f@nch@headwidth=\skip49
\f@nch@O@elh=\skip50
\f@nch@O@erh=\skip51
\f@nch@O@olh=\skip52
\f@nch@O@orh=\skip53
\f@nch@O@elf=\skip54
\f@nch@O@erf=\skip55
\f@nch@O@olf=\skip56
\f@nch@O@orf=\skip57
)
(/usr/share/texmf-dist/tex/latex/lipsum/lipsum.sty
(/usr/share/texmf-dist/tex/latex/l3packages/l3keys2e/l3keys2e.sty
(/usr/share/texmf-dist/tex/latex/l3kernel/expl3.sty
Package: expl3 2021-11-22 L3 programming layer (loader) 

(/usr/share/texmf-dist/tex/latex/l3backend/l3backend-pdftex.def
File: l3backend-pdftex.def 2021-12-14 L3 backend support: PDF output (pdfTeX)
\l__color_backend_stack_int=\count194
\l__pdf_internal_box=\box50
))
Package: l3keys2e 2021-11-12 LaTeX2e option processing using LaTeX3 keys
)
Package: lipsum 2021-09-20 v2.7 150 paragraphs of Lorem Ipsum dummy text
\g__lipsum_par_int=\count195
\l__lipsum_a_int=\count196
\l__lipsum_b_int=\count197

(/usr/share/texmf-dist/tex/latex/lipsum/lipsum.ltd.tex))
(/usr/share/texmf-dist/tex/latex/tocloft/tocloft.sty
Package: tocloft 2017/08/31 v2.3i parameterised ToC, etc., typesetting
Package tocloft Info: The document has section divisions on input line 51.
\cftparskip=\skip58
\cftbeforetoctitleskip=\skip59
\cftaftertoctitleskip=\skip60
\cftbeforepartskip=\skip61
\cftpartnumwidth=\skip62
\cftpartindent=\skip63
\cftbeforesecskip=\skip64
\cftsecindent=\skip65
\cftsecnumwidth=\skip66
\cftbeforesubsecskip=\skip67
\cftsubsecindent=\skip68
\cftsubsecnumwidth=\skip69
\cftbeforesubsubsecskip=\skip70
\cftsubsubsecindent=\skip71
\cftsubsubsecnumwidth=\skip72
\cftbeforeparaskip=\skip73
\cftparaindent=\skip74
\cftparanumwidth=\skip75
\cftbeforesubparaskip=\skip76
\cftsubparaindent=\skip77
\cftsubparanumwidth=\skip78
\cftbeforeloftitleskip=\skip79
\cftafterloftitleskip=\skip80
\cftbeforefigskip=\skip81
\cftfigindent=\skip82
\cftfignumwidth=\skip83
\c@lofdepth=\count198
\c@lotdepth=\count199
\cftbeforelottitleskip=\skip84
\cftafterlottitleskip=\skip85
\cftbeforetabskip=\skip86
\cfttabindent=\skip87
\cfttabnumwidth=\skip88
)
(/usr/share/texmf-dist/tex/latex/abstract/abstract.sty
Package: abstract 2009/06/08 v1.2a configurable abstracts
\abstitleskip=\skip89
\absleftindent=\skip90
\absrightindent=\skip91
\absparindent=\skip92
\absparsep=\skip93
)
(/usr/share/texmf-dist/tex/latex/titlesec/titlesec.sty
Package: titlesec 2021/07/05 v2.14 Sectioning titles
\ttl@box=\box51
\beforetitleunit=\skip94
\aftertitleunit=\skip95
\ttl@plus=\dimen147
\ttl@minus=\dimen148
\ttl@toksa=\toks18
\titlewidth=\dimen149
\titlewidthlast=\dimen150
\titlewidthfirst=\dimen151
)
(/usr/share/texmf-dist/tex/latex/hyperref/hyperref.sty
Package: hyperref 2021-06-07 v7.00m Hypertext links for LaTeX

(/usr/share/texmf-dist/tex/generic/ltxcmds/ltxcmds.sty
Package: ltxcmds 2020-05-10 v1.25 LaTeX kernel commands for general use (HO)
)
(/usr/share/texmf-dist/tex/generic/pdftexcmds/pdftexcmds.sty
Package: pdftexcmds 2020-06-27 v0.33 Utility functions of pdfTeX for LuaTeX (HO
)

(/usr/share/texmf-dist/tex/generic/infwarerr/infwarerr.sty
Package: infwarerr 2019/12/03 v1.5 Providing info/warning/error messages (HO)
)
Package pdftexcmds Info: \pdf@primitive is available.
Package pdftexcmds Info: \pdf@ifprimitive is available.
Package pdftexcmds Info: \pdfdraftmode found.
)
(/usr/share/texmf-dist/tex/generic/kvsetkeys/kvsetkeys.sty
Package: kvsetkeys 2019/12/15 v1.18 Key value parser (HO)
)
(/usr/share/texmf-dist/tex/generic/kvdefinekeys/kvdefinekeys.sty
Package: kvdefinekeys 2019-12-19 v1.6 Define keys (HO)
)
(/usr/share/texmf-dist/tex/generic/pdfescape/pdfescape.sty
Package: pdfescape 2019/12/09 v1.15 Implements pdfTeX's escape features (HO)
)
(/usr/share/texmf-dist/tex/latex/hycolor/hycolor.sty
Package: hycolor 2020-01-27 v1.10 Color options for hyperref/bookmark (HO)
)
(/usr/share/texmf-dist/tex/latex/letltxmacro/letltxmacro.sty
Package: letltxmacro 2019/12/03 v1.6 Let assignment for LaTeX macros (HO)
)
(/usr/share/texmf-dist/tex/latex/auxhook/auxhook.sty
Package: auxhook 2019-12-17 v1.6 Hooks for auxiliary files (HO)
)
(/usr/share/texmf-dist/tex/latex/kvoptions/kvoptions.sty
Package: kvoptions 2020-10-07 v3.14 Key value format for package options (HO)
)
\@linkdim=\dimen152
\Hy@linkcounter=\count266
\Hy@pagecounter=\count267

(/usr/share/texmf-dist/tex/latex/hyperref/pd1enc.def
File: pd1enc.def 2021-06-07 v7.00m Hyperref: PDFDocEncoding definition (HO)
Now handling font encoding PD1 ...
... no UTF-8 mapping file for font encoding PD1
)
(/usr/share/texmf-dist/tex/latex/hyperref/hyperref-langpatches.def
File: hyperref-langpatches.def 2021-06-07 v7.00m Hyperref: patches for babel la
nguages
)
(/usr/share/texmf-dist/tex/generic/intcalc/intcalc.sty
Package: intcalc 2019/12/15 v1.3 Expandable calculations with integers (HO)
)
(/usr/share/texmf-dist/tex/generic/etexcmds/etexcmds.sty
Package: etexcmds 2019/12/15 v1.7 Avoid name clashes with e-TeX commands (HO)
)
\Hy@SavedSpaceFactor=\count268

(/usr/share/texmf-dist/tex/latex/hyperref/puenc.def
File: puenc.def 2021-06-07 v7.00m Hyperref: PDF Unicode definition (HO)
Now handling font encoding PU ...
... no UTF-8 mapping file for font encoding PU
)
Package hyperref Info: Hyper figures OFF on input line 4192.
Package hyperref Info: Link nesting OFF on input line 4197.
Package hyperref Info: Hyper index ON on input line 4200.
Package hyperref Info: Plain pages OFF on input line 4207.
Package hyperref Info: Backreferencing OFF on input line 4212.
Package hyperref Info: Implicit mode ON; LaTeX internals redefined.
Package hyperref Info: Bookmarks ON on input line 4445.
\c@Hy@tempcnt=\count269

(/usr/share/texmf-dist/tex/latex/url/url.sty
\Urlmuskip=\muskip16
Package: url 2013/09/16  ver 3.4  Verb mode for urls, etc.
)
LaTeX Info: Redefining \url on input line 4804.
\XeTeXLinkMargin=\dimen153

(/usr/share/texmf-dist/tex/generic/bitset/bitset.sty
Package: bitset 2019/12/09 v1.3 Handle bit-vector datatype (HO)

(/usr/share/texmf-dist/tex/generic/bigintcalc/bigintcalc.sty
Package: bigintcalc 2019/12/15 v1.5 Expandable calculations on big integers (HO
)
))
\Fld@menulength=\count270
\Field@Width=\dimen154
\Fld@charsize=\dimen155
Package hyperref Info: Hyper figures OFF on input line 6076.
Package hyperref Info: Link nesting OFF on input line 6081.
Package hyperref Info: Hyper index ON on input line 6084.
Package hyperref Info: backreferencing OFF on input line 6091.
Package hyperref Info: Link coloring OFF on input line 6096.
Package hyperref Info: Link coloring with OCG OFF on input line 6101.
Package hyperref Info: PDF/A mode OFF on input line 6106.
LaTeX Info: Redefining \ref on input line 6146.
LaTeX Info: Redefining \pageref on input line 6150.

(/usr/share/texmf-dist/tex/latex/base/atbegshi-ltx.sty
Package: atbegshi-ltx 2021/01/10 v1.0c Emulation of the original atbegshi
package with kernel methods
)
\Hy@abspage=\count271
\c@Item=\count272
\c@Hfootnote=\count273
)
Package hyperref Info: Driver (autodetected): hpdftex.

(/usr/share/texmf-dist/tex/latex/hyperref/hpdftex.def
File: hpdftex.def 2021-06-07 v7.00m Hyperref driver for pdfTeX

(/usr/share/texmf-dist/tex/latex/base/atveryend-ltx.sty
Package: atveryend-ltx 2020/08/19 v1.0a Emulation of the original atveryend pac
kage
with kernel methods
)
\Fld@listcount=\count274
\c@bookmark@seq@number=\count275

(/usr/share/texmf-dist/tex/latex/rerunfilecheck/rerunfilecheck.sty
Package: rerunfilecheck 2019/12/05 v1.9 Rerun checks for auxiliary files (HO)

(/usr/share/texmf-dist/tex/generic/uniquecounter/uniquecounter.sty
Package: uniquecounter 2019/12/15 v1.4 Provide unlimited unique counter (HO)
)
Package uniquecounter Info: New unique counter `rerunfilecheck' on input line 2
86.
)
\Hy@SectionHShift=\skip96
)
Package hyperref Info: Option `colorlinks' set `true' on input line 59.

(/usr/share/texmf-dist/tex/latex/caption/caption.sty
Package: caption 2020/10/26 v3.5g Customizing captions (AR)

(/usr/share/texmf-dist/tex/latex/caption/caption3.sty
Package: caption3 2020/10/21 v2.2e caption3 kernel (AR)
\captionmargin=\dimen156
\captionmargin@=\dimen157
\captionwidth=\dimen158
\caption@tempdima=\dimen159
\caption@indent=\dimen160
\caption@parindent=\dimen161
\caption@hangindent=\dimen162
Package caption Info: Standard document class detected.
)
\c@caption@flags=\count276
\c@continuedfloat=\count277
Package caption Info: hyperref package is loaded.
)
(/usr/share/texmf-dist/tex/latex/float/float.sty
Package: float 2001/11/08 v1.3d Float enhancements (AL)
\c@float@type=\count278
\float@exts=\toks19
\float@box=\box52
\@float@everytoks=\toks20
\@floatcapt=\box53
)
(/usr/share/texmf-dist/tex/latex/setspace/setspace.sty
Package: setspace 2011/12/19 v6.7a set line spacing
)
(/usr/share/texmf-dist/tex/latex/tools/longtable.sty
Package: longtable 2021-09-01 v4.17 Multi-page Table package (DPC)
\LTleft=\skip97
\LTright=\skip98
\LTpre=\skip99
\LTpost=\skip100
\LTchunksize=\count279
\LTcapwidth=\dimen163
\LT@head=\box54
\LT@firsthead=\box55
\LT@foot=\box56
\LT@lastfoot=\box57
\LT@gbox=\box58
\LT@cols=\count280
\LT@rows=\count281
\c@LT@tables=\count282
\c@LT@chunks=\count283
\LT@p@ftn=\toks21
)
(/usr/share/texmf-dist/tex/latex/tools/multicol.sty
Package: multicol 2021/10/28 v1.9b multicolumn formatting (FMi)
\c@tracingmulticols=\count284
\mult@box=\box59
\multicol@leftmargin=\dimen164
\c@unbalance=\count285
\c@collectmore=\count286
\doublecol@number=\count287
\multicoltolerance=\count288
\multicolpretolerance=\count289
\full@width=\dimen165
\page@free=\dimen166
\premulticols=\dimen167
\postmulticols=\dimen168
\multicolsep=\skip101
\multicolbaselineskip=\skip102
\partial@page=\box60
\last@line=\box61
\maxbalancingoverflow=\dimen169
\mult@rightbox=\box62
\mult@grightbox=\box63
\mult@firstbox=\box64
\mult@gfirstbox=\box65
\@tempa=\box66
\@tempa=\box67
\@tempa=\box68
\@tempa=\box69
\@tempa=\box70
\@tempa=\box71
\@tempa=\box72
\@tempa=\box73
\@tempa=\box74
\@tempa=\box75
\@tempa=\box76
\@tempa=\box77
\@tempa=\box78
\@tempa=\box79
\@tempa=\box80
\@tempa=\box81
\@tempa=\box82
\@tempa=\box83
\@tempa=\box84
\@tempa=\box85
\@tempa=\box86
\@tempa=\box87
\@tempa=\box88
\@tempa=\box89
\@tempa=\box90
\@tempa=\box91
\@tempa=\box92
\@tempa=\box93
\@tempa=\box94
\@tempa=\box95
\@tempa=\box96
\@tempa=\box97
\@tempa=\box98
\@tempa=\box99
\@tempa=\box100
\@tempa=\box101
\c@minrows=\count290
\c@columnbadness=\count291
\c@finalcolumnbadness=\count292
\last@try=\dimen170
\multicolovershoot=\dimen171
\multicolundershoot=\dimen172
\mult@nat@firstbox=\box102
\colbreak@box=\box103
\mc@col@check@num=\count293
)
(/usr/share/texmf-dist/tex/latex/multirow/multirow.sty
Package: multirow 2021/03/15 v2.8 Span multiple rows of a table
\multirow@colwidth=\skip103
\multirow@cntb=\count294
\multirow@dima=\skip104
\bigstrutjot=\dimen173
)
(/usr/share/texmf-dist/tex/latex/amsmath/amsmath.sty
Package: amsmath 2021/10/15 v2.17l AMS math features
\@mathmargin=\skip105

For additional information on amsmath, use the `?' option.
(/usr/share/texmf-dist/tex/latex/amsmath/amstext.sty
Package: amstext 2021/08/26 v2.01 AMS text

(/usr/share/texmf-dist/tex/latex/amsmath/amsgen.sty
File: amsgen.sty 1999/11/30 v2.0 generic functions
\@emptytoks=\toks22
\ex@=\dimen174
))
(/usr/share/texmf-dist/tex/latex/amsmath/amsbsy.sty
Package: amsbsy 1999/11/29 v1.2d Bold Symbols
\pmbraise@=\dimen175
)
(/usr/share/texmf-dist/tex/latex/amsmath/amsopn.sty
Package: amsopn 2021/08/26 v2.02 operator names
)
\inf@bad=\count295
LaTeX Info: Redefining \frac on input line 234.
\uproot@=\count296
\leftroot@=\count297
LaTeX Info: Redefining \overline on input line 399.
\classnum@=\count298
\DOTSCASE@=\count299
LaTeX Info: Redefining \ldots on input line 496.
LaTeX Info: Redefining \dots on input line 499.
LaTeX Info: Redefining \cdots on input line 620.
\Mathstrutbox@=\box104
\strutbox@=\box105
\big@size=\dimen176
LaTeX Font Info:    Redeclaring font encoding OML on input line 743.
LaTeX Font Info:    Redeclaring font encoding OMS on input line 744.
\macc@depth=\count300
\c@MaxMatrixCols=\count301
\dotsspace@=\muskip17
\c@parentequation=\count302
\dspbrk@lvl=\count303
\tag@help=\toks23
\row@=\count304
\column@=\count305
\maxfields@=\count306
\andhelp@=\toks24
\eqnshift@=\dimen177
\alignsep@=\dimen178
\tagshift@=\dimen179
\tagwidth@=\dimen180
\totwidth@=\dimen181
\lineht@=\dimen182
\@envbody=\toks25
\multlinegap=\skip106
\multlinetaggap=\skip107
\mathdisplay@stack=\toks26
LaTeX Info: Redefining \[ on input line 2938.
LaTeX Info: Redefining \] on input line 2939.
)
(/usr/share/texmf-dist/tex/latex/amsfonts/amssymb.sty
Package: amssymb 2013/01/14 v3.01 AMS font symbols

(/usr/share/texmf-dist/tex/latex/amsfonts/amsfonts.sty
Package: amsfonts 2013/01/14 v3.01 Basic AMSFonts support
\symAMSa=\mathgroup4
\symAMSb=\mathgroup5
LaTeX Font Info:    Redeclaring math symbol \hbar on input line 98.
LaTeX Font Info:    Overwriting math alphabet `\mathfrak' in version `bold'
(Font)                  U/euf/m/n --> U/euf/b/n on input line 106.
))
(/usr/share/texmf-dist/tex/latex/graphics/graphicx.sty
Package: graphicx 2021/09/16 v1.2d Enhanced LaTeX Graphics (DPC,SPQR)

(/usr/share/texmf-dist/tex/latex/graphics/graphics.sty
Package: graphics 2021/03/04 v1.4d Standard LaTeX Graphics (DPC,SPQR)

(/usr/share/texmf-dist/tex/latex/graphics/trig.sty
Package: trig 2021/08/11 v1.11 sin cos tan (DPC)
)
(/usr/share/texmf-dist/tex/latex/graphics-cfg/graphics.cfg
File: graphics.cfg 2016/06/04 v1.11 sample graphics configuration
)
Package graphics Info: Driver file: pdftex.def on input line 107.

(/usr/share/texmf-dist/tex/latex/graphics-def/pdftex.def
File: pdftex.def 2020/10/05 v1.2a Graphics/color driver for pdftex
))
\Gin@req@height=\dimen183
\Gin@req@width=\dimen184
)
(/usr/share/texmf-dist/tex/latex/tipa/tipa.sty
Package: tipa 2002/08/08 TIPA version 1.1

(/usr/share/texmf-dist/tex/latex/base/fontenc.sty
Package: fontenc 2021/04/29 v2.0v Standard LaTeX package

(/usr/share/texmf-dist/tex/latex/tipa/t3enc.def
File: t3enc.def 2001/12/31 T3 encoding
Now handling font encoding T3 ...
... no UTF-8 mapping file for font encoding T3
)))
(/usr/share/texmf-dist/tex/generic/babel/babel.sty
Package: babel 2021/11/29 3.67 The Babel package
\babel@savecnt=\count307
\U@D=\dimen185
\l@unhyphenated=\language87

(/usr/share/texmf-dist/tex/generic/babel/txtbabel.def)
\bbl@readstream=\read2
\bbl@dirlevel=\count308

(/usr/share/texmf-dist/tex/generic/babel-english/english.ldf
Language: english 2017/06/06 v3.3r English support from the babel system
Package babel Info: Hyphen rules for 'canadian' set to \l@english
(babel)             (\language0). Reported on input line 102.
Package babel Info: Hyphen rules for 'australian' set to \l@ukenglish
(babel)             (\language21). Reported on input line 105.
Package babel Info: Hyphen rules for 'newzealand' set to \l@ukenglish
(babel)             (\language21). Reported on input line 108.
))
(./AG436-Assignment.aux)
\openout1 = `AG436-Assignment.aux'.

LaTeX Font Info:    Checking defaults for OML/cmm/m/it on input line 94.
LaTeX Font Info:    ... okay on input line 94.
LaTeX Font Info:    Checking defaults for OMS/cmsy/m/n on input line 94.
LaTeX Font Info:    ... okay on input line 94.
LaTeX Font Info:    Checking defaults for OT1/cmr/m/n on input line 94.
LaTeX Font Info:    ... okay on input line 94.
LaTeX Font Info:    Checking defaults for T1/cmr/m/n on input line 94.
LaTeX Font Info:    ... okay on input line 94.
LaTeX Font Info:    Checking defaults for TS1/cmr/m/n on input line 94.
LaTeX Font Info:    ... okay on input line 94.
LaTeX Font Info:    Checking defaults for OMX/cmex/m/n on input line 94.
LaTeX Font Info:    ... okay on input line 94.
LaTeX Font Info:    Checking defaults for U/cmr/m/n on input line 94.
LaTeX Font Info:    ... okay on input line 94.
LaTeX Font Info:    Checking defaults for PD1/pdf/m/n on input line 94.
LaTeX Font Info:    ... okay on input line 94.
LaTeX Font Info:    Checking defaults for PU/pdf/m/n on input line 94.
LaTeX Font Info:    ... okay on input line 94.
LaTeX Font Info:    Checking defaults for T3/cmr/m/n on input line 94.
LaTeX Font Info:    Trying to load font information for T3+cmr on input line 94
.
 (/usr/share/texmf-dist/tex/latex/tipa/t3cmr.fd
File: t3cmr.fd 2001/12/31 TIPA font definitions
)
LaTeX Font Info:    ... okay on input line 94.

*geometry* driver: auto-detecting
*geometry* detected driver: pdftex
*geometry* verbose mode - [ preamble ] result:
* driver: pdftex
* paper: a4paper
* layout: <same size as paper>
* layoutoffset:(h,v)=(0.0pt,0.0pt)
* modes: 
* h-part:(L,W,R)=(92.756pt, 411.99588pt, 92.756pt)
* v-part:(T,H,B)=(116.08725pt, 612.87234pt, 116.08725pt)
* \paperwidth=597.50787pt
* \paperheight=845.04684pt
* \textwidth=411.99588pt
* \textheight=612.87234pt
* \oddsidemargin=20.48601pt
* \evensidemargin=20.48601pt
* \topmargin=6.81726pt
* \headheight=12.0pt
* \headsep=25.0pt
* \topskip=11.0pt
* \footskip=30.0pt
* \marginparwidth=59.0pt
* \marginparsep=10.0pt
* \columnsep=10.0pt
* \skip\footins=10.0pt plus 4.0pt minus 2.0pt
* \hoffset=0.0pt
* \voffset=0.0pt
* \mag=1000
* \@twocolumnfalse
* \@twosidefalse
* \@mparswitchfalse
* \@reversemarginfalse
* (1in=72.27pt=25.4mm, 1cm=28.453pt)

(/usr/share/texmf-dist/tex/latex/graphics/color.sty
Package: color 2021/12/07 v1.3c Standard LaTeX Color (DPC)

(/usr/share/texmf-dist/tex/latex/graphics-cfg/color.cfg
File: color.cfg 2016/01/02 v1.6 sample color configuration
)
Package color Info: Driver file: pdftex.def on input line 149.
)
Package hyperref Info: Link coloring ON on input line 94.

(/usr/share/texmf-dist/tex/latex/hyperref/nameref.sty
Package: nameref 2021-04-02 v2.47 Cross-referencing by name of section

(/usr/share/texmf-dist/tex/latex/refcount/refcount.sty
Package: refcount 2019/12/15 v3.6 Data extraction from label references (HO)
)
(/usr/share/texmf-dist/tex/generic/gettitlestring/gettitlestring.sty
Package: gettitlestring 2019/12/15 v1.6 Cleanup title references (HO)
)
\c@section@level=\count309
)
LaTeX Info: Redefining \ref on input line 94.
LaTeX Info: Redefining \pageref on input line 94.
LaTeX Info: Redefining \nameref on input line 94.

(./AG436-Assignment.out) (./AG436-Assignment.out)
\@outlinefile=\write3
\openout3 = `AG436-Assignment.out'.

Package caption Info: Begin \AtBeginDocument code.
Package caption Info: float package is loaded.
Package caption Info: longtable package is loaded.

(/usr/share/texmf-dist/tex/latex/caption/ltcaption.sty
Package: ltcaption 2020/05/30 v1.4b longtable captions (AR)
)
Package caption Info: End \AtBeginDocument code.

(/usr/share/texmf-dist/tex/context/base/mkii/supp-pdf.mkii
[Loading MPS to PDF converter (version 2006.09.02).]
\scratchcounter=\count310
\scratchdimen=\dimen186
\scratchbox=\box106
\nofMPsegments=\count311
\nofMParguments=\count312
\everyMPshowfont=\toks27
\MPscratchCnt=\count313
\MPscratchDim=\dimen187
\MPnumerator=\count314
\makeMPintoPDFobject=\count315
\everyMPtoPDFconversion=\toks28
) (/usr/share/texmf-dist/tex/latex/epstopdf-pkg/epstopdf-base.sty
Package: epstopdf-base 2020-01-24 v2.11 Base part for package epstopdf
Package epstopdf-base Info: Redefining graphics rule for `.eps' on input line 4
85.

(/usr/share/texmf-dist/tex/latex/latexconfig/epstopdf-sys.cfg
File: epstopdf-sys.cfg 2010/07/13 v1.3 Configuration of (r)epstopdf for TeX Liv
e
))
LaTeX Font Info:    Trying to load font information for U+msa on input line 113
.

(/usr/share/texmf-dist/tex/latex/amsfonts/umsa.fd
File: umsa.fd 2013/01/14 v3.01 AMS symbols A
)
LaTeX Font Info:    Trying to load font information for U+msb on input line 113
.

(/usr/share/texmf-dist/tex/latex/amsfonts/umsb.fd
File: umsb.fd 2013/01/14 v3.01 AMS symbols B
) [1

{/var/lib/texmf/fonts/map/pdftex/updmap/pdftex.map}]

Package fancyhdr Warning: \headheight is too small (12.0pt): 
(fancyhdr)                Make it at least 13.59999pt, for example:
(fancyhdr)                \setlength{\headheight}{13.59999pt}.
(fancyhdr)                You might also make \topmargin smaller to compensate:

(fancyhdr)                \addtolength{\topmargin}{-1.59999pt}.

[1]

LaTeX Font Warning: Font shape `OT1/cmr/m/sc' in size <18> not available
(Font)              size <17.28> substituted on input line 152.


Underfull \hbox (badness 10000) in paragraph at lines 165--166

 []


Underfull \hbox (badness 10000) in paragraph at lines 167--168

 []


Underfull \hbox (badness 10000) in paragraph at lines 169--170

 []


Underfull \hbox (badness 10000) in paragraph at lines 171--172

 []


Package fancyhdr Warning: \headheight is too small (12.0pt): 
(fancyhdr)                Make it at least 13.59999pt, for example:
(fancyhdr)                \setlength{\headheight}{13.59999pt}.
(fancyhdr)                You might also make \topmargin smaller to compensate:

(fancyhdr)                \addtolength{\topmargin}{-1.59999pt}.

[2]
Underfull \hbox (badness 10000) in paragraph at lines 180--181

 []


Underfull \hbox (badness 10000) in paragraph at lines 182--183

 []


Underfull \hbox (badness 10000) in paragraph at lines 184--185

 []


Package fancyhdr Warning: \headheight is too small (12.0pt): 
(fancyhdr)                Make it at least 13.59999pt, for example:
(fancyhdr)                \setlength{\headheight}{13.59999pt}.
(fancyhdr)                You might also make \topmargin smaller to compensate:

(fancyhdr)                \addtolength{\topmargin}{-1.59999pt}.

[3] (./AG436-Assignment.toc [4]

Package fancyhdr Warning: \headheight is too small (12.0pt): 
(fancyhdr)                Make it at least 13.59999pt, for example:
(fancyhdr)                \setlength{\headheight}{13.59999pt}.
(fancyhdr)                You might also make \topmargin smaller to compensate:

(fancyhdr)                \addtolength{\topmargin}{-1.59999pt}.

[5]

Package fancyhdr Warning: \headheight is too small (12.0pt): 
(fancyhdr)                Make it at least 13.59999pt, for example:
(fancyhdr)                \setlength{\headheight}{13.59999pt}.
(fancyhdr)                You might also make \topmargin smaller to compensate:

(fancyhdr)                \addtolength{\topmargin}{-1.59999pt}.

[6]
Overfull \hbox (0.26076pt too wide) in paragraph at lines 110--110
 [][] [][][]\OT1/cmr/m/sc/10.95 Is the Hol-i-day Ef-fect Sig-nif-i-cantly In-fl
u-enced By Pre- 
 []


Overfull \hbox (1.56866pt too wide) in paragraph at lines 111--111
 [][] [][][]\OT1/cmr/m/sc/10.95 Is the Hol-i-day Ef-fect Sig-nif-i-cantly In-fl
u-enced By Win- 
 []


Overfull \hbox (16.15034pt too wide) in paragraph at lines 112--112
 [][] [][][]\OT1/cmr/m/sc/10.95 Is the Hol-i-day Ef-fect Sig-nif-i-cantly In-fl
u-enced By Christ- 
 []

)
\tf@toc=\write4
\openout4 = `AG436-Assignment.toc'.



Package fancyhdr Warning: \headheight is too small (12.0pt): 
(fancyhdr)                Make it at least 13.59999pt, for example:
(fancyhdr)                \setlength{\headheight}{13.59999pt}.
(fancyhdr)                You might also make \topmargin smaller to compensate:

(fancyhdr)                \addtolength{\topmargin}{-1.59999pt}.

[7] (./AG436-Assignment.lot)
\tf@lot=\write5
\openout5 = `AG436-Assignment.lot'.

 [8] (./AG436-Assignment.lof)
\tf@lof=\write6
\openout6 = `AG436-Assignment.lof'.

 [9]
Underfull \hbox (badness 10000) in paragraph at lines 233--234

 []


Underfull \hbox (badness 10000) in paragraph at lines 235--236

 []


Package fancyhdr Warning: \headheight is too small (12.0pt): 
(fancyhdr)                Make it at least 13.59999pt, for example:
(fancyhdr)                \setlength{\headheight}{13.59999pt}.
(fancyhdr)                You might also make \topmargin smaller to compensate:

(fancyhdr)                \addtolength{\topmargin}{-1.59999pt}.

[1]

Package fancyhdr Warning: \headheight is too small (12.0pt): 
(fancyhdr)                Make it at least 13.59999pt, for example:
(fancyhdr)                \setlength{\headheight}{13.59999pt}.
(fancyhdr)                You might also make \topmargin smaller to compensate:

(fancyhdr)                \addtolength{\topmargin}{-1.59999pt}.

[2]
Underfull \hbox (badness 10000) in paragraph at lines 244--245

 []


Underfull \hbox (badness 10000) in paragraph at lines 246--247

 []


Package fancyhdr Warning: \headheight is too small (12.0pt): 
(fancyhdr)                Make it at least 13.59999pt, for example:
(fancyhdr)                \setlength{\headheight}{13.59999pt}.
(fancyhdr)                You might also make \topmargin smaller to compensate:

(fancyhdr)                \addtolength{\topmargin}{-1.59999pt}.

[3]
Underfull \hbox (badness 10000) in paragraph at lines 254--255

 []


Package fancyhdr Warning: \headheight is too small (12.0pt): 
(fancyhdr)                Make it at least 13.59999pt, for example:
(fancyhdr)                \setlength{\headheight}{13.59999pt}.
(fancyhdr)                You might also make \topmargin smaller to compensate:

(fancyhdr)                \addtolength{\topmargin}{-1.59999pt}.

[4]

Package fancyhdr Warning: \headheight is too small (12.0pt): 
(fancyhdr)                Make it at least 13.59999pt, for example:
(fancyhdr)                \setlength{\headheight}{13.59999pt}.
(fancyhdr)                You might also make \topmargin smaller to compensate:

(fancyhdr)                \addtolength{\topmargin}{-1.59999pt}.

[5]

Package fancyhdr Warning: \headheight is too small (12.0pt): 
(fancyhdr)                Make it at least 13.59999pt, for example:
(fancyhdr)                \setlength{\headheight}{13.59999pt}.
(fancyhdr)                You might also make \topmargin smaller to compensate:

(fancyhdr)                \addtolength{\topmargin}{-1.59999pt}.

[6]

Package fancyhdr Warning: \headheight is too small (12.0pt): 
(fancyhdr)                Make it at least 13.59999pt, for example:
(fancyhdr)                \setlength{\headheight}{13.59999pt}.
(fancyhdr)                You might also make \topmargin smaller to compensate:

(fancyhdr)                \addtolength{\topmargin}{-1.59999pt}.

[7]
Underfull \hbox (badness 10000) in paragraph at lines 350--351

 []


Underfull \hbox (badness 10000) in paragraph at lines 352--353

 []


Package fancyhdr Warning: \headheight is too small (12.0pt): 
(fancyhdr)                Make it at least 13.59999pt, for example:
(fancyhdr)                \setlength{\headheight}{13.59999pt}.
(fancyhdr)                You might also make \topmargin smaller to compensate:

(fancyhdr)                \addtolength{\topmargin}{-1.59999pt}.

[8]

Package fancyhdr Warning: \headheight is too small (12.0pt): 
(fancyhdr)                Make it at least 13.59999pt, for example:
(fancyhdr)                \setlength{\headheight}{13.59999pt}.
(fancyhdr)                You might also make \topmargin smaller to compensate:

(fancyhdr)                \addtolength{\topmargin}{-1.59999pt}.

[9]
Underfull \hbox (badness 10000) in paragraph at lines 384--385

 []


Package fancyhdr Warning: \headheight is too small (12.0pt): 
(fancyhdr)                Make it at least 13.59999pt, for example:
(fancyhdr)                \setlength{\headheight}{13.59999pt}.
(fancyhdr)                You might also make \topmargin smaller to compensate:

(fancyhdr)                \addtolength{\topmargin}{-1.59999pt}.

[10]
Underfull \hbox (badness 10000) in paragraph at lines 390--391

 []


Underfull \hbox (badness 10000) in paragraph at lines 392--393

 []


Package fancyhdr Warning: \headheight is too small (12.0pt): 
(fancyhdr)                Make it at least 13.59999pt, for example:
(fancyhdr)                \setlength{\headheight}{13.59999pt}.
(fancyhdr)                You might also make \topmargin smaller to compensate:

(fancyhdr)                \addtolength{\topmargin}{-1.59999pt}.

[11]
Underfull \hbox (badness 10000) in paragraph at lines 404--405

 []


Underfull \hbox (badness 10000) in paragraph at lines 406--407

 []


Package fancyhdr Warning: \headheight is too small (12.0pt): 
(fancyhdr)                Make it at least 13.59999pt, for example:
(fancyhdr)                \setlength{\headheight}{13.59999pt}.
(fancyhdr)                You might also make \topmargin smaller to compensate:

(fancyhdr)                \addtolength{\topmargin}{-1.59999pt}.

[12]
Underfull \hbox (badness 10000) in paragraph at lines 412--413

 []


Package fancyhdr Warning: \headheight is too small (12.0pt): 
(fancyhdr)                Make it at least 13.59999pt, for example:
(fancyhdr)                \setlength{\headheight}{13.59999pt}.
(fancyhdr)                You might also make \topmargin smaller to compensate:

(fancyhdr)                \addtolength{\topmargin}{-1.59999pt}.

[13]

Package fancyhdr Warning: \headheight is too small (12.0pt): 
(fancyhdr)                Make it at least 13.59999pt, for example:
(fancyhdr)                \setlength{\headheight}{13.59999pt}.
(fancyhdr)                You might also make \topmargin smaller to compensate:

(fancyhdr)                \addtolength{\topmargin}{-1.59999pt}.

[14]
Underfull \hbox (badness 10000) in paragraph at lines 426--427

 []


Underfull \hbox (badness 10000) in paragraph at lines 432--433

 []


Package fancyhdr Warning: \headheight is too small (12.0pt): 
(fancyhdr)                Make it at least 13.59999pt, for example:
(fancyhdr)                \setlength{\headheight}{13.59999pt}.
(fancyhdr)                You might also make \topmargin smaller to compensate:

(fancyhdr)                \addtolength{\topmargin}{-1.59999pt}.

[15]
Underfull \hbox (badness 10000) in paragraph at lines 442--443

 []


Package fancyhdr Warning: \headheight is too small (12.0pt): 
(fancyhdr)                Make it at least 13.59999pt, for example:
(fancyhdr)                \setlength{\headheight}{13.59999pt}.
(fancyhdr)                You might also make \topmargin smaller to compensate:

(fancyhdr)                \addtolength{\topmargin}{-1.59999pt}.

[16]

Package fancyhdr Warning: \headheight is too small (12.0pt): 
(fancyhdr)                Make it at least 13.59999pt, for example:
(fancyhdr)                \setlength{\headheight}{13.59999pt}.
(fancyhdr)                You might also make \topmargin smaller to compensate:

(fancyhdr)                \addtolength{\topmargin}{-1.59999pt}.

[17]

Package fancyhdr Warning: \headheight is too small (12.0pt): 
(fancyhdr)                Make it at least 13.59999pt, for example:
(fancyhdr)                \setlength{\headheight}{13.59999pt}.
(fancyhdr)                You might also make \topmargin smaller to compensate:

(fancyhdr)                \addtolength{\topmargin}{-1.59999pt}.

[18]
Underfull \hbox (badness 10000) in paragraph at lines 502--503

 []


Underfull \hbox (badness 10000) in paragraph at lines 508--509

 []


Package fancyhdr Warning: \headheight is too small (12.0pt): 
(fancyhdr)                Make it at least 13.59999pt, for example:
(fancyhdr)                \setlength{\headheight}{13.59999pt}.
(fancyhdr)                You might also make \topmargin smaller to compensate:

(fancyhdr)                \addtolength{\topmargin}{-1.59999pt}.

[19]

Package fancyhdr Warning: \headheight is too small (12.0pt): 
(fancyhdr)                Make it at least 13.59999pt, for example:
(fancyhdr)                \setlength{\headheight}{13.59999pt}.
(fancyhdr)                You might also make \topmargin smaller to compensate:

(fancyhdr)                \addtolength{\topmargin}{-1.59999pt}.

[20]

Package fancyhdr Warning: \headheight is too small (12.0pt): 
(fancyhdr)                Make it at least 13.59999pt, for example:
(fancyhdr)                \setlength{\headheight}{13.59999pt}.
(fancyhdr)                You might also make \topmargin smaller to compensate:

(fancyhdr)                \addtolength{\topmargin}{-1.59999pt}.

[21]

Package fancyhdr Warning: \headheight is too small (12.0pt): 
(fancyhdr)                Make it at least 13.59999pt, for example:
(fancyhdr)                \setlength{\headheight}{13.59999pt}.
(fancyhdr)                You might also make \topmargin smaller to compensate:

(fancyhdr)                \addtolength{\topmargin}{-1.59999pt}.

[22]
Underfull \hbox (badness 10000) in paragraph at lines 538--539

 []


Package fancyhdr Warning: \headheight is too small (12.0pt): 
(fancyhdr)                Make it at least 13.59999pt, for example:
(fancyhdr)                \setlength{\headheight}{13.59999pt}.
(fancyhdr)                You might also make \topmargin smaller to compensate:

(fancyhdr)                \addtolength{\topmargin}{-1.59999pt}.

[23]
Underfull \hbox (badness 10000) in paragraph at lines 553--554

 []


Package fancyhdr Warning: \headheight is too small (12.0pt): 
(fancyhdr)                Make it at least 13.59999pt, for example:
(fancyhdr)                \setlength{\headheight}{13.59999pt}.
(fancyhdr)                You might also make \topmargin smaller to compensate:

(fancyhdr)                \addtolength{\topmargin}{-1.59999pt}.

[24]
Underfull \hbox (badness 10000) in paragraph at lines 575--575
[]|$[]$\OT1/cmr/m/n/8 Below-average pre-
 []


Underfull \hbox (badness 10000) in paragraph at lines 575--575
\OT1/cmr/m/n/8 holidays re-moved;
 []


Underfull \hbox (badness 10000) in paragraph at lines 575--575
\OT1/cmr/m/n/8 Pre-holiday Fri-days
 []


Underfull \hbox (badness 10000) in paragraph at lines 575--575
\OT1/cmr/m/n/8 con-tain smaller/no
 []


Underfull \hbox (badness 10000) in paragraph at lines 575--575
\OT1/cmr/m/n/8 pre-holiday ef-fect,
 []


Underfull \hbox (badness 10000) in paragraph at lines 575--575
\OT1/cmr/m/n/8 if pre-holiday ef-fect
 []


Underfull \hbox (badness 10000) in paragraph at lines 576--576
[]|$[]$\OT1/cmr/m/n/8 Below-average pre-
 []


Underfull \hbox (badness 10000) in paragraph at lines 576--576
\OT1/cmr/m/n/8 holidays re-moved;
 []


Underfull \hbox (badness 10000) in paragraph at lines 576--576
\OT1/cmr/m/n/8 Lower-return win-ter
 []


Underfull \hbox (badness 4531) in paragraph at lines 576--576
\OT1/cmr/m/n/8 week-end Fri-days fall
 []


Underfull \hbox (badness 10000) in paragraph at lines 576--576
[]|$[]$\OT1/cmr/m/n/8 Below-average post-
 []


Underfull \hbox (badness 10000) in paragraph at lines 576--576
\OT1/cmr/m/n/8 holidays re-moved;
 []


Underfull \hbox (badness 10000) in paragraph at lines 576--576
\OT1/cmr/m/n/8 Lower-return win-ter
 []


Underfull \hbox (badness 10000) in paragraph at lines 576--577
[]|\OT1/cmr/m/n/8 Below-average other
 []


Underfull \hbox (badness 10000) in paragraph at lines 577--577
[]|$[]$\OT1/cmr/m/n/8 Below-average pre-
 []


Underfull \hbox (badness 10000) in paragraph at lines 577--577
\OT1/cmr/m/n/8 holidays re-moved;
 []


Underfull \hbox (badness 10000) in paragraph at lines 577--577
\OT1/cmr/m/n/8 Pre-Christmas-
 []


Underfull \hbox (badness 3250) in paragraph at lines 577--577
\OT1/cmr/m/n/8 holiday days con-tain
 []


Underfull \hbox (badness 4341) in paragraph at lines 577--577
\OT1/cmr/m/n/8 ef-fect, if pre-holiday
 []


Underfull \hbox (badness 10000) in paragraph at lines 577--577
[]|$[]$\OT1/cmr/m/n/8 Below-average post-
 []


Underfull \hbox (badness 10000) in paragraph at lines 577--577
\OT1/cmr/m/n/8 holidays re-moved;
 []


Underfull \hbox (badness 10000) in paragraph at lines 577--577
\OT1/cmr/m/n/8 Post-Christmas-
 []


Underfull \hbox (badness 3250) in paragraph at lines 577--577
\OT1/cmr/m/n/8 holiday days con-tain
 []


Underfull \hbox (badness 10000) in paragraph at lines 577--577
\OT1/cmr/m/n/8 greater post-holiday
 []


Underfull \hbox (badness 1127) in paragraph at lines 577--577
\OT1/cmr/m/n/8 ef-fect, if post-holiday
 []


Underfull \hbox (badness 10000) in paragraph at lines 578--578
[]|$[]$\OT1/cmr/m/n/8 Below-average pre-
 []


Underfull \hbox (badness 10000) in paragraph at lines 578--578
\OT1/cmr/m/n/8 holidays re-moved;
 []


Underfull \hbox (badness 10000) in paragraph at lines 578--578
\OT1/cmr/m/n/8 Pre-NY-holiday days
 []


Underfull \hbox (badness 10000) in paragraph at lines 578--578
\OT1/cmr/m/n/8 con-tain smaller/no
 []


Underfull \hbox (badness 10000) in paragraph at lines 578--578
\OT1/cmr/m/n/8 pre-holiday ef-fect,
 []


Underfull \hbox (badness 10000) in paragraph at lines 578--578
\OT1/cmr/m/n/8 if pre-holiday ef-fect
 []


Underfull \hbox (badness 10000) in paragraph at lines 578--578
[]|$[]$\OT1/cmr/m/n/8 Below-average post-
 []


Underfull \hbox (badness 10000) in paragraph at lines 578--578
\OT1/cmr/m/n/8 holidays re-moved;
 []


Underfull \hbox (badness 10000) in paragraph at lines 578--578
\OT1/cmr/m/n/8 Post-NY-holiday
 []


Underfull \hbox (badness 4353) in paragraph at lines 578--578
\OT1/cmr/m/n/8 days con-tain greater
 []


Underfull \hbox (badness 10000) in paragraph at lines 578--578
\OT1/cmr/m/n/8 post-holiday ef-fect,
 []


Underfull \hbox (badness 3780) in paragraph at lines 578--578
\OT1/cmr/m/n/8 if post-holiday ef-fect
 []


Underfull \hbox (badness 10000) in paragraph at lines 582--582
[]|$[]$\OT1/cmr/m/n/8 Above-average pre-
 []


Underfull \hbox (badness 10000) in paragraph at lines 582--582
\OT1/cmr/m/n/8 holidays re-moved;
 []


Underfull \hbox (badness 10000) in paragraph at lines 582--582
\OT1/cmr/m/n/8 Pre-holiday Fri-days
 []


Underfull \hbox (badness 7397) in paragraph at lines 582--582
\OT1/cmr/m/n/8 con-tain greater pre-
 []


Underfull \hbox (badness 10000) in paragraph at lines 582--582
\OT1/cmr/m/n/8 holiday ef-fect, if
 []


Underfull \hbox (badness 10000) in paragraph at lines 582--582
\OT1/cmr/m/n/8 pre-holiday ef-fect
 []


Underfull \hbox (badness 10000) in paragraph at lines 583--583
[]|$[]$\OT1/cmr/m/n/8 Above-average pre-
 []


Underfull \hbox (badness 10000) in paragraph at lines 583--583
\OT1/cmr/m/n/8 holidays re-moved;
 []


Underfull \hbox (badness 10000) in paragraph at lines 583--583
\OT1/cmr/m/n/8 Higher-return win-ter
 []


Underfull \hbox (badness 4531) in paragraph at lines 583--583
\OT1/cmr/m/n/8 week-end Fri-days fall
 []


Underfull \hbox (badness 6944) in paragraph at lines 583--583
[]|$[]$\OT1/cmr/m/n/8 Above-average post-
 []


Underfull \hbox (badness 10000) in paragraph at lines 583--583
\OT1/cmr/m/n/8 holidays re-moved;
 []


Underfull \hbox (badness 10000) in paragraph at lines 583--583
\OT1/cmr/m/n/8 Higher-return win-ter
 []


Underfull \hbox (badness 10000) in paragraph at lines 583--584
[]|\OT1/cmr/m/n/8 Above-average other
 []


Underfull \hbox (badness 10000) in paragraph at lines 584--584
[]|$[]$\OT1/cmr/m/n/8 Above-average pre-
 []


Underfull \hbox (badness 10000) in paragraph at lines 584--584
\OT1/cmr/m/n/8 holidays re-moved;
 []


Underfull \hbox (badness 10000) in paragraph at lines 584--584
\OT1/cmr/m/n/8 Pre-Christmas-holiday
 []


Underfull \hbox (badness 4353) in paragraph at lines 584--584
\OT1/cmr/m/n/8 days con-tain greater
 []


Underfull \hbox (badness 10000) in paragraph at lines 584--584
\OT1/cmr/m/n/8 pre-holiday ef-fect,
 []


Underfull \hbox (badness 10000) in paragraph at lines 584--584
\OT1/cmr/m/n/8 if pre-holiday ef-fect
 []


Underfull \hbox (badness 6944) in paragraph at lines 584--584
[]|$[]$\OT1/cmr/m/n/8 Above-average post-
 []


Underfull \hbox (badness 10000) in paragraph at lines 584--584
\OT1/cmr/m/n/8 holidays re-moved;
 []


Underfull \hbox (badness 10000) in paragraph at lines 584--584
\OT1/cmr/m/n/8 Post-Christmas-
 []


Underfull \hbox (badness 3250) in paragraph at lines 584--584
\OT1/cmr/m/n/8 holiday days con-tain
 []


Underfull \hbox (badness 10000) in paragraph at lines 584--584
\OT1/cmr/m/n/8 smaller/no post-
 []


Underfull \hbox (badness 10000) in paragraph at lines 584--584
\OT1/cmr/m/n/8 holiday ef-fect, if
 []


Underfull \hbox (badness 10000) in paragraph at lines 584--584
\OT1/cmr/m/n/8 post-holiday ef-fect
 []


Underfull \hbox (badness 10000) in paragraph at lines 585--585
[]|$[]$\OT1/cmr/m/n/8 Above-average pre-
 []


Underfull \hbox (badness 10000) in paragraph at lines 585--585
\OT1/cmr/m/n/8 hol-i-days re-moved;
 []


Underfull \hbox (badness 10000) in paragraph at lines 585--585
\OT1/cmr/m/n/8 Pre-NY-holiday days
 []


Underfull \hbox (badness 7397) in paragraph at lines 585--585
\OT1/cmr/m/n/8 con-tain greater pre-
 []


Underfull \hbox (badness 10000) in paragraph at lines 585--585
\OT1/cmr/m/n/8 holiday ef-fect, if
 []


Underfull \hbox (badness 10000) in paragraph at lines 585--585
\OT1/cmr/m/n/8 pre-holiday ef-fect
 []


Underfull \hbox (badness 6944) in paragraph at lines 585--585
[]|$[]$\OT1/cmr/m/n/8 Above-average post-
 []


Underfull \hbox (badness 2564) in paragraph at lines 585--585
\OT1/cmr/m/n/8 Post-NY-holiday days
 []


Underfull \hbox (badness 10000) in paragraph at lines 585--585
\OT1/cmr/m/n/8 con-tain smaller/no
 []


Underfull \hbox (badness 7796) in paragraph at lines 585--585
\OT1/cmr/m/n/8 post- hol-i-day ef-fect,
 []


Underfull \hbox (badness 3780) in paragraph at lines 585--585
\OT1/cmr/m/n/8 if post-holiday ef-fect
 []


Package fancyhdr Warning: \headheight is too small (12.0pt): 
(fancyhdr)                Make it at least 13.59999pt, for example:
(fancyhdr)                \setlength{\headheight}{13.59999pt}.
(fancyhdr)                You might also make \topmargin smaller to compensate:

(fancyhdr)                \addtolength{\topmargin}{-1.59999pt}.

[25]
Underfull \hbox (badness 10000) in paragraph at lines 605--606

 []


Package fancyhdr Warning: \headheight is too small (12.0pt): 
(fancyhdr)                Make it at least 13.59999pt, for example:
(fancyhdr)                \setlength{\headheight}{13.59999pt}.
(fancyhdr)                You might also make \topmargin smaller to compensate:

(fancyhdr)                \addtolength{\topmargin}{-1.59999pt}.

[26]
Underfull \hbox (badness 10000) in paragraph at lines 607--608

 []


Package fancyhdr Warning: \headheight is too small (12.0pt): 
(fancyhdr)                Make it at least 13.59999pt, for example:
(fancyhdr)                \setlength{\headheight}{13.59999pt}.
(fancyhdr)                You might also make \topmargin smaller to compensate:

(fancyhdr)                \addtolength{\topmargin}{-1.59999pt}.

[27]
Underfull \hbox (badness 5231) in paragraph at lines 622--623
[]|\OT1/cmr/m/n/8 Daily open and (ad-justed)
 []


Underfull \hbox (badness 10000) in paragraph at lines 624--624
[]|\OT1/cmr/m/n/8 The command-line Comma-Separated
 []


Underfull \hbox (badness 2547) in paragraph at lines 624--625
\OT1/cmr/m/n/8 dum-mies for days, months,
 []


Underfull \hbox (badness 10000) in paragraph at lines 624--625
\OT1/cmr/m/n/8 pre-holidays, post-holidays,
 []


Underfull \hbox (badness 2875) in paragraph at lines 624--625
\OT1/cmr/m/n/8 other days; [3] re-moval of
 []


Underfull \hbox (badness 8019) in paragraph at lines 624--625
\OT1/cmr/m/n/8 pre-holiday Fri-days, win-ter
 []


Underfull \hbox (badness 6641) in paragraph at lines 624--625
\OT1/cmr/m/n/8 week-ends, Christ-mas Days,
 []


Underfull \hbox (badness 10000) in paragraph at lines 626--626
[]|\OT1/cmr/m/n/8 Results are ex-ported di-rectly to a
 []


Underfull \hbox (badness 7030) in paragraph at lines 626--626
\OT1/cmr/m/n/8 anal-y-sis to command-line for-mat-ting.
 []


Overfull \hbox (1.89929pt too wide) in alignment at lines 619--631
 [] [] [] 
 []


Package fancyhdr Warning: \headheight is too small (12.0pt): 
(fancyhdr)                Make it at least 13.59999pt, for example:
(fancyhdr)                \setlength{\headheight}{13.59999pt}.
(fancyhdr)                You might also make \topmargin smaller to compensate:

(fancyhdr)                \addtolength{\topmargin}{-1.59999pt}.

[28]
Underfull \hbox (badness 10000) in paragraph at lines 636--637

 []


Underfull \hbox (badness 10000) in paragraph at lines 638--639

 []


Underfull \hbox (badness 10000) in paragraph at lines 641--644

 []


Package fancyhdr Warning: \headheight is too small (12.0pt): 
(fancyhdr)                Make it at least 13.59999pt, for example:
(fancyhdr)                \setlength{\headheight}{13.59999pt}.
(fancyhdr)                You might also make \topmargin smaller to compensate:

(fancyhdr)                \addtolength{\topmargin}{-1.59999pt}.

[29]

Package fancyhdr Warning: \headheight is too small (12.0pt): 
(fancyhdr)                Make it at least 13.59999pt, for example:
(fancyhdr)                \setlength{\headheight}{13.59999pt}.
(fancyhdr)                You might also make \topmargin smaller to compensate:

(fancyhdr)                \addtolength{\topmargin}{-1.59999pt}.

[30]

Package fancyhdr Warning: \headheight is too small (12.0pt): 
(fancyhdr)                Make it at least 13.59999pt, for example:
(fancyhdr)                \setlength{\headheight}{13.59999pt}.
(fancyhdr)                You might also make \topmargin smaller to compensate:

(fancyhdr)                \addtolength{\topmargin}{-1.59999pt}.

[31]
Underfull \hbox (badness 10000) in paragraph at lines 738--739

 []


Underfull \hbox (badness 10000) in paragraph at lines 740--741

 []


Underfull \hbox (badness 10000) in paragraph at lines 742--743

 []


Underfull \hbox (badness 10000) in paragraph at lines 744--745

 []


Package fancyhdr Warning: \headheight is too small (12.0pt): 
(fancyhdr)                Make it at least 13.59999pt, for example:
(fancyhdr)                \setlength{\headheight}{13.59999pt}.
(fancyhdr)                You might also make \topmargin smaller to compensate:

(fancyhdr)                \addtolength{\topmargin}{-1.59999pt}.

[32]
Underfull \hbox (badness 10000) in paragraph at lines 759--760

 []


Underfull \hbox (badness 10000) in paragraph at lines 761--762

 []


Underfull \hbox (badness 10000) in paragraph at lines 771--772

 []


Package fancyhdr Warning: \headheight is too small (12.0pt): 
(fancyhdr)                Make it at least 13.59999pt, for example:
(fancyhdr)                \setlength{\headheight}{13.59999pt}.
(fancyhdr)                You might also make \topmargin smaller to compensate:

(fancyhdr)                \addtolength{\topmargin}{-1.59999pt}.

[33]

Package fancyhdr Warning: \headheight is too small (12.0pt): 
(fancyhdr)                Make it at least 13.59999pt, for example:
(fancyhdr)                \setlength{\headheight}{13.59999pt}.
(fancyhdr)                You might also make \topmargin smaller to compensate:

(fancyhdr)                \addtolength{\topmargin}{-1.59999pt}.

[34]
Underfull \hbox (badness 10000) in paragraph at lines 1038--1039

 []


Underfull \hbox (badness 10000) in paragraph at lines 1041--1052

 []


Underfull \hbox (badness 10000) in paragraph at lines 1053--1054

 []


Package fancyhdr Warning: \headheight is too small (12.0pt): 
(fancyhdr)                Make it at least 13.59999pt, for example:
(fancyhdr)                \setlength{\headheight}{13.59999pt}.
(fancyhdr)                You might also make \topmargin smaller to compensate:

(fancyhdr)                \addtolength{\topmargin}{-1.59999pt}.

[35]
Underfull \hbox (badness 10000) in paragraph at lines 1059--1060

 []


Underfull \hbox (badness 10000) in paragraph at lines 1061--1062

 []


Underfull \hbox (badness 10000) in paragraph at lines 1063--1064

 []


Underfull \hbox (badness 10000) in paragraph at lines 1065--1066

 []


Underfull \hbox (badness 10000) in paragraph at lines 1067--1068

 []


Package fancyhdr Warning: \headheight is too small (12.0pt): 
(fancyhdr)                Make it at least 13.59999pt, for example:
(fancyhdr)                \setlength{\headheight}{13.59999pt}.
(fancyhdr)                You might also make \topmargin smaller to compensate:

(fancyhdr)                \addtolength{\topmargin}{-1.59999pt}.

[36]
Underfull \hbox (badness 10000) in paragraph at lines 1081--1082

 []


Underfull \hbox (badness 10000) in paragraph at lines 1087--1088

 []


Underfull \hbox (badness 10000) in paragraph at lines 1093--1094

 []


Package fancyhdr Warning: \headheight is too small (12.0pt): 
(fancyhdr)                Make it at least 13.59999pt, for example:
(fancyhdr)                \setlength{\headheight}{13.59999pt}.
(fancyhdr)                You might also make \topmargin smaller to compensate:

(fancyhdr)                \addtolength{\topmargin}{-1.59999pt}.

[37]
Underfull \hbox (badness 10000) in paragraph at lines 1099--1100

 []


Underfull \hbox (badness 10000) in paragraph at lines 1101--1102

 []


Underfull \hbox (badness 10000) in paragraph at lines 1103--1104

 []


Package fancyhdr Warning: \headheight is too small (12.0pt): 
(fancyhdr)                Make it at least 13.59999pt, for example:
(fancyhdr)                \setlength{\headheight}{13.59999pt}.
(fancyhdr)                You might also make \topmargin smaller to compensate:

(fancyhdr)                \addtolength{\topmargin}{-1.59999pt}.

[38]
Overfull \hbox (8.57724pt too wide) in paragraph at lines 1116--1116
[]|\OT1/cmr/bx/n/8 Comprehensive| 
 []


Overfull \hbox (1.43713pt too wide) in alignment at lines 1113--1217
 [] [] [] [] [] [] 
 []


Package fancyhdr Warning: \headheight is too small (12.0pt): 
(fancyhdr)                Make it at least 13.59999pt, for example:
(fancyhdr)                \setlength{\headheight}{13.59999pt}.
(fancyhdr)                You might also make \topmargin smaller to compensate:

(fancyhdr)                \addtolength{\topmargin}{-1.59999pt}.

[39]
Underfull \hbox (badness 10000) in paragraph at lines 1220--1221

 []


Package fancyhdr Warning: \headheight is too small (12.0pt): 
(fancyhdr)                Make it at least 13.59999pt, for example:
(fancyhdr)                \setlength{\headheight}{13.59999pt}.
(fancyhdr)                You might also make \topmargin smaller to compensate:

(fancyhdr)                \addtolength{\topmargin}{-1.59999pt}.

[40]

Package fancyhdr Warning: \headheight is too small (12.0pt): 
(fancyhdr)                Make it at least 13.59999pt, for example:
(fancyhdr)                \setlength{\headheight}{13.59999pt}.
(fancyhdr)                You might also make \topmargin smaller to compensate:

(fancyhdr)                \addtolength{\topmargin}{-1.59999pt}.

[41]
Underfull \hbox (badness 1009) in paragraph at lines 1243--1243
[]\OT1/cmr/m/n/8 Back up ex-is-tence of the Week-end
 []


Underfull \hbox (badness 2582) in paragraph at lines 1243--1243
\OT1/cmr/m/n/8 FTSE100 but straight-forward and
 []


Underfull \hbox (badness 3623) in paragraph at lines 1253--1254
\OT1/cmr/m/n/8 pro-posed ques-tions around the
 []


Overfull \hbox (1.00313pt too wide) in paragraph at lines 1237--1256
 [] 
 []


Package fancyhdr Warning: \headheight is too small (12.0pt): 
(fancyhdr)                Make it at least 13.59999pt, for example:
(fancyhdr)                \setlength{\headheight}{13.59999pt}.
(fancyhdr)                You might also make \topmargin smaller to compensate:

(fancyhdr)                \addtolength{\topmargin}{-1.59999pt}.

[42]
Underfull \hbox (badness 10000) in paragraph at lines 1266--1267

 []

<./Figures//NYSE-Returns.png, id=919, 359.9046pt x 227.4096pt>
File: ./Figures//NYSE-Returns.png Graphic file (type png)
<use ./Figures//NYSE-Returns.png>
Package pdftex.def Info: ./Figures//NYSE-Returns.png  used on input line 1270.
(pdftex.def)             Requested size: 256.09421pt x 142.2625pt.

Underfull \hbox (badness 10000) in paragraph at lines 1275--1276

 []

<./Figures//NASDAQ-Returns.png, id=921, 366.168pt x 216.3282pt>
File: ./Figures//NASDAQ-Returns.png Graphic file (type png)
<use ./Figures//NASDAQ-Returns.png>
Package pdftex.def Info: ./Figures//NASDAQ-Returns.png  used on input line 1279
.
(pdftex.def)             Requested size: 256.08118pt x 142.272pt.

Package fancyhdr Warning: \headheight is too small (12.0pt): 
(fancyhdr)                Make it at least 13.59999pt, for example:
(fancyhdr)                \setlength{\headheight}{13.59999pt}.
(fancyhdr)                You might also make \topmargin smaller to compensate:

(fancyhdr)                \addtolength{\topmargin}{-1.59999pt}.

[43 <./Figures//NYSE-Returns.png>]
Underfull \hbox (badness 10000) in paragraph at lines 1284--1285

 []

<./Figures//S&P-Returns.png, id=927, 361.35pt x 218.7372pt>
File: ./Figures//S&P-Returns.png Graphic file (type png)
<use ./Figures//S&P-Returns.png>
Package pdftex.def Info: ./Figures//S&P-Returns.png  used on input line 1288.
(pdftex.def)             Requested size: 256.07509pt x 142.26425pt.

Package fancyhdr Warning: \headheight is too small (12.0pt): 
(fancyhdr)                Make it at least 13.59999pt, for example:
(fancyhdr)                \setlength{\headheight}{13.59999pt}.
(fancyhdr)                You might also make \topmargin smaller to compensate:

(fancyhdr)                \addtolength{\topmargin}{-1.59999pt}.

[44 <./Figures//NASDAQ-Returns.png> <./Figures//S&P-Returns.png>]
Overfull \hbox (4.07016pt too wide) in paragraph at lines 1339--1339
[]\OT1/cmr/m/n/8 Y$[]$| 
 []


Overfull \hbox (4.07016pt too wide) in paragraph at lines 1339--1339
[]\OT1/cmr/m/n/8 Y$[]$| 
 []


Package fancyhdr Warning: \headheight is too small (12.0pt): 
(fancyhdr)                Make it at least 13.59999pt, for example:
(fancyhdr)                \setlength{\headheight}{13.59999pt}.
(fancyhdr)                You might also make \topmargin smaller to compensate:

(fancyhdr)                \addtolength{\topmargin}{-1.59999pt}.

[45]

Package fancyhdr Warning: \headheight is too small (12.0pt): 
(fancyhdr)                Make it at least 13.59999pt, for example:
(fancyhdr)                \setlength{\headheight}{13.59999pt}.
(fancyhdr)                You might also make \topmargin smaller to compensate:

(fancyhdr)                \addtolength{\topmargin}{-1.59999pt}.

[46]
<./Figures//NYSE-WE1.png, id=944, 363.2772pt x 214.401pt>
File: ./Figures//NYSE-WE1.png Graphic file (type png)
<use ./Figures//NYSE-WE1.png>
Package pdftex.def Info: ./Figures//NYSE-WE1.png  used on input line 1373.
(pdftex.def)             Requested size: 256.08829pt x 142.26735pt.
<./Figures//NYSE-WE2.png, id=945, 363.2772pt x 218.7372pt>
File: ./Figures//NYSE-WE2.png Graphic file (type png)
<use ./Figures//NYSE-WE2.png>
Package pdftex.def Info: ./Figures//NYSE-WE2.png  used on input line 1382.
(pdftex.def)             Requested size: 256.08829pt x 142.26425pt.


Package fancyhdr Warning: \headheight is too small (12.0pt): 
(fancyhdr)                Make it at least 13.59999pt, for example:
(fancyhdr)                \setlength{\headheight}{13.59999pt}.
(fancyhdr)                You might also make \topmargin smaller to compensate:

(fancyhdr)                \addtolength{\topmargin}{-1.59999pt}.

[47 <./Figures//NYSE-WE1.png> <./Figures//NYSE-WE2.png>]

Package fancyhdr Warning: \headheight is too small (12.0pt): 
(fancyhdr)                Make it at least 13.59999pt, for example:
(fancyhdr)                \setlength{\headheight}{13.59999pt}.
(fancyhdr)                You might also make \topmargin smaller to compensate:

(fancyhdr)                \addtolength{\topmargin}{-1.59999pt}.

[48]

Package fancyhdr Warning: \headheight is too small (12.0pt): 
(fancyhdr)                Make it at least 13.59999pt, for example:
(fancyhdr)                \setlength{\headheight}{13.59999pt}.
(fancyhdr)                You might also make \topmargin smaller to compensate:

(fancyhdr)                \addtolength{\topmargin}{-1.59999pt}.

[49]
<./Figures//NAS-WE1.png, id=960, 364.2408pt x 215.3646pt>
File: ./Figures//NAS-WE1.png Graphic file (type png)
<use ./Figures//NAS-WE1.png>
Package pdftex.def Info: ./Figures//NAS-WE1.png  used on input line 1455.
(pdftex.def)             Requested size: 256.08951pt x 142.26593pt.
<./Figures//NAS-WE2.png, id=961, 363.2772pt x 220.6644pt>
File: ./Figures//NAS-WE2.png Graphic file (type png)
<use ./Figures//NAS-WE2.png>
Package pdftex.def Info: ./Figures//NAS-WE2.png  used on input line 1464.
(pdftex.def)             Requested size: 256.08829pt x 142.26851pt.


Package fancyhdr Warning: \headheight is too small (12.0pt): 
(fancyhdr)                Make it at least 13.59999pt, for example:
(fancyhdr)                \setlength{\headheight}{13.59999pt}.
(fancyhdr)                You might also make \topmargin smaller to compensate:

(fancyhdr)                \addtolength{\topmargin}{-1.59999pt}.

[50 <./Figures//NAS-WE1.png> <./Figures//NAS-WE2.png>]

Package fancyhdr Warning: \headheight is too small (12.0pt): 
(fancyhdr)                Make it at least 13.59999pt, for example:
(fancyhdr)                \setlength{\headheight}{13.59999pt}.
(fancyhdr)                You might also make \topmargin smaller to compensate:

(fancyhdr)                \addtolength{\topmargin}{-1.59999pt}.

[51]
<./Figures//SP-WE1.png, id=973, 364.2408pt x 214.401pt>
File: ./Figures//SP-WE1.png Graphic file (type png)
<use ./Figures//SP-WE1.png>
Package pdftex.def Info: ./Figures//SP-WE1.png  used on input line 1535.
(pdftex.def)             Requested size: 256.08951pt x 142.26735pt.
<./Figures//SP-WE2.png, id=974, 366.168pt x 216.3282pt>
File: ./Figures//SP-WE2.png Graphic file (type png)
<use ./Figures//SP-WE2.png>
Package pdftex.def Info: ./Figures//SP-WE2.png  used on input line 1544.
(pdftex.def)             Requested size: 256.08118pt x 142.272pt.


Package fancyhdr Warning: \headheight is too small (12.0pt): 
(fancyhdr)                Make it at least 13.59999pt, for example:
(fancyhdr)                \setlength{\headheight}{13.59999pt}.
(fancyhdr)                You might also make \topmargin smaller to compensate:

(fancyhdr)                \addtolength{\topmargin}{-1.59999pt}.

[52 <./Figures//SP-WE1.png>]

Package fancyhdr Warning: \headheight is too small (12.0pt): 
(fancyhdr)                Make it at least 13.59999pt, for example:
(fancyhdr)                \setlength{\headheight}{13.59999pt}.
(fancyhdr)                You might also make \topmargin smaller to compensate:

(fancyhdr)                \addtolength{\topmargin}{-1.59999pt}.

[53 <./Figures//SP-WE2.png>]

Package fancyhdr Warning: \headheight is too small (12.0pt): 
(fancyhdr)                Make it at least 13.59999pt, for example:
(fancyhdr)                \setlength{\headheight}{13.59999pt}.
(fancyhdr)                You might also make \topmargin smaller to compensate:

(fancyhdr)                \addtolength{\topmargin}{-1.59999pt}.

[54]

Package fancyhdr Warning: \headheight is too small (12.0pt): 
(fancyhdr)                Make it at least 13.59999pt, for example:
(fancyhdr)                \setlength{\headheight}{13.59999pt}.
(fancyhdr)                You might also make \topmargin smaller to compensate:

(fancyhdr)                \addtolength{\topmargin}{-1.59999pt}.

[55]
<./Figures//NYSE-JE1.png, id=993, 363.2772pt x 214.401pt>
File: ./Figures//NYSE-JE1.png Graphic file (type png)
<use ./Figures//NYSE-JE1.png>
Package pdftex.def Info: ./Figures//NYSE-JE1.png  used on input line 1621.
(pdftex.def)             Requested size: 256.08829pt x 142.26735pt.
<./Figures//NYSE-JE2.png, id=994, 358.941pt x 214.401pt>
File: ./Figures//NYSE-JE2.png Graphic file (type png)
<use ./Figures//NYSE-JE2.png>
Package pdftex.def Info: ./Figures//NYSE-JE2.png  used on input line 1630.
(pdftex.def)             Requested size: 256.07124pt x 142.26735pt.


Package fancyhdr Warning: \headheight is too small (12.0pt): 
(fancyhdr)                Make it at least 13.59999pt, for example:
(fancyhdr)                \setlength{\headheight}{13.59999pt}.
(fancyhdr)                You might also make \topmargin smaller to compensate:

(fancyhdr)                \addtolength{\topmargin}{-1.59999pt}.

[56 <./Figures//NYSE-JE1.png> <./Figures//NYSE-JE2.png>]

Package fancyhdr Warning: \headheight is too small (12.0pt): 
(fancyhdr)                Make it at least 13.59999pt, for example:
(fancyhdr)                \setlength{\headheight}{13.59999pt}.
(fancyhdr)                You might also make \topmargin smaller to compensate:

(fancyhdr)                \addtolength{\topmargin}{-1.59999pt}.

[57]
<./Figures//NAS-JE1.png, id=1007, 364.2408pt x 214.401pt>
File: ./Figures//NAS-JE1.png Graphic file (type png)
<use ./Figures//NAS-JE1.png>
Package pdftex.def Info: ./Figures//NAS-JE1.png  used on input line 1733.
(pdftex.def)             Requested size: 256.08951pt x 142.26735pt.


Package fancyhdr Warning: \headheight is too small (12.0pt): 
(fancyhdr)                Make it at least 13.59999pt, for example:
(fancyhdr)                \setlength{\headheight}{13.59999pt}.
(fancyhdr)                You might also make \topmargin smaller to compensate:

(fancyhdr)                \addtolength{\topmargin}{-1.59999pt}.

[58]
<./Figures//NAS-JE2.png, id=1012, 358.941pt x 214.401pt>
File: ./Figures//NAS-JE2.png Graphic file (type png)
<use ./Figures//NAS-JE2.png>
Package pdftex.def Info: ./Figures//NAS-JE2.png  used on input line 1742.
(pdftex.def)             Requested size: 256.07124pt x 142.26735pt.


Package fancyhdr Warning: \headheight is too small (12.0pt): 
(fancyhdr)                Make it at least 13.59999pt, for example:
(fancyhdr)                \setlength{\headheight}{13.59999pt}.
(fancyhdr)                You might also make \topmargin smaller to compensate:

(fancyhdr)                \addtolength{\topmargin}{-1.59999pt}.

[59 <./Figures//NAS-JE1.png> <./Figures//NAS-JE2.png>]

Package fancyhdr Warning: \headheight is too small (12.0pt): 
(fancyhdr)                Make it at least 13.59999pt, for example:
(fancyhdr)                \setlength{\headheight}{13.59999pt}.
(fancyhdr)                You might also make \topmargin smaller to compensate:

(fancyhdr)                \addtolength{\topmargin}{-1.59999pt}.

[60]
<./Figures//SP-JE1.png, id=1023, 364.2408pt x 214.401pt>
File: ./Figures//SP-JE1.png Graphic file (type png)
<use ./Figures//SP-JE1.png>
Package pdftex.def Info: ./Figures//SP-JE1.png  used on input line 1845.
(pdftex.def)             Requested size: 256.08951pt x 142.26735pt.


Package fancyhdr Warning: \headheight is too small (12.0pt): 
(fancyhdr)                Make it at least 13.59999pt, for example:
(fancyhdr)                \setlength{\headheight}{13.59999pt}.
(fancyhdr)                You might also make \topmargin smaller to compensate:

(fancyhdr)                \addtolength{\topmargin}{-1.59999pt}.

[61]
<./Figures//SP-JE2.png, id=1028, 358.941pt x 214.401pt>
File: ./Figures//SP-JE2.png Graphic file (type png)
<use ./Figures//SP-JE2.png>
Package pdftex.def Info: ./Figures//SP-JE2.png  used on input line 1854.
(pdftex.def)             Requested size: 256.07124pt x 142.26735pt.


Package fancyhdr Warning: \headheight is too small (12.0pt): 
(fancyhdr)                Make it at least 13.59999pt, for example:
(fancyhdr)                \setlength{\headheight}{13.59999pt}.
(fancyhdr)                You might also make \topmargin smaller to compensate:

(fancyhdr)                \addtolength{\topmargin}{-1.59999pt}.

[62 <./Figures//SP-JE1.png> <./Figures//SP-JE2.png>]

Package fancyhdr Warning: \headheight is too small (12.0pt): 
(fancyhdr)                Make it at least 13.59999pt, for example:
(fancyhdr)                \setlength{\headheight}{13.59999pt}.
(fancyhdr)                You might also make \topmargin smaller to compensate:

(fancyhdr)                \addtolength{\topmargin}{-1.59999pt}.

[63]

Package fancyhdr Warning: \headheight is too small (12.0pt): 
(fancyhdr)                Make it at least 13.59999pt, for example:
(fancyhdr)                \setlength{\headheight}{13.59999pt}.
(fancyhdr)                You might also make \topmargin smaller to compensate:

(fancyhdr)                \addtolength{\topmargin}{-1.59999pt}.

[64]
<./Figures//NYSE-HE1.png, id=1044, 367.1316pt x 213.4374pt>
File: ./Figures//NYSE-HE1.png Graphic file (type png)
<use ./Figures//NYSE-HE1.png>
Package pdftex.def Info: ./Figures//NYSE-HE1.png  used on input line 1961.
(pdftex.def)             Requested size: 256.07724pt x 142.27278pt.
<./Figures//NYSE-HE2.png, id=1045, 365.2044pt x 261.6174pt>
File: ./Figures//NYSE-HE2.png Graphic file (type png)
<use ./Figures//NYSE-HE2.png>
Package pdftex.def Info: ./Figures//NYSE-HE2.png  used on input line 1970.
(pdftex.def)             Requested size: 256.08156pt x 142.26527pt.


Package fancyhdr Warning: \headheight is too small (12.0pt): 
(fancyhdr)                Make it at least 13.59999pt, for example:
(fancyhdr)                \setlength{\headheight}{13.59999pt}.
(fancyhdr)                You might also make \topmargin smaller to compensate:

(fancyhdr)                \addtolength{\topmargin}{-1.59999pt}.

[65 <./Figures//NYSE-HE1.png> <./Figures//NYSE-HE2.png>]
<./Figures//NYSE-HE3.png, id=1054, 368.0952pt x 293.898pt>
File: ./Figures//NYSE-HE3.png Graphic file (type png)
<use ./Figures//NYSE-HE3.png>
Package pdftex.def Info: ./Figures//NYSE-HE3.png  used on input line 1979.
(pdftex.def)             Requested size: 256.06973pt x 142.26678pt.


Package fancyhdr Warning: \headheight is too small (12.0pt): 
(fancyhdr)                Make it at least 13.59999pt, for example:
(fancyhdr)                \setlength{\headheight}{13.59999pt}.
(fancyhdr)                You might also make \topmargin smaller to compensate:

(fancyhdr)                \addtolength{\topmargin}{-1.59999pt}.

[66 <./Figures//NYSE-HE3.png>]

Package fancyhdr Warning: \headheight is too small (12.0pt): 
(fancyhdr)                Make it at least 13.59999pt, for example:
(fancyhdr)                \setlength{\headheight}{13.59999pt}.
(fancyhdr)                You might also make \topmargin smaller to compensate:

(fancyhdr)                \addtolength{\topmargin}{-1.59999pt}.

[67]

Package fancyhdr Warning: \headheight is too small (12.0pt): 
(fancyhdr)                Make it at least 13.59999pt, for example:
(fancyhdr)                \setlength{\headheight}{13.59999pt}.
(fancyhdr)                You might also make \topmargin smaller to compensate:

(fancyhdr)                \addtolength{\topmargin}{-1.59999pt}.

[68]

Package fancyhdr Warning: \headheight is too small (12.0pt): 
(fancyhdr)                Make it at least 13.59999pt, for example:
(fancyhdr)                \setlength{\headheight}{13.59999pt}.
(fancyhdr)                You might also make \topmargin smaller to compensate:

(fancyhdr)                \addtolength{\topmargin}{-1.59999pt}.

[69]
<./Figures//NAS-HE1.png, id=1073, 367.1316pt x 213.4374pt>
File: ./Figures//NAS-HE1.png Graphic file (type png)
<use ./Figures//NAS-HE1.png>
Package pdftex.def Info: ./Figures//NAS-HE1.png  used on input line 2195.
(pdftex.def)             Requested size: 256.07724pt x 142.27278pt.
<./Figures//NAS-HE2.png, id=1074, 362.3136pt x 261.6174pt>
File: ./Figures//NAS-HE2.png Graphic file (type png)
<use ./Figures//NAS-HE2.png>
Package pdftex.def Info: ./Figures//NAS-HE2.png  used on input line 2204.
(pdftex.def)             Requested size: 256.07242pt x 142.26527pt.


Package fancyhdr Warning: \headheight is too small (12.0pt): 
(fancyhdr)                Make it at least 13.59999pt, for example:
(fancyhdr)                \setlength{\headheight}{13.59999pt}.
(fancyhdr)                You might also make \topmargin smaller to compensate:

(fancyhdr)                \addtolength{\topmargin}{-1.59999pt}.

[70 <./Figures//NAS-HE1.png>]
<./Figures//NAS-HE3.png, id=1080, 363.2772pt x 291.9708pt>
File: ./Figures//NAS-HE3.png Graphic file (type png)
<use ./Figures//NAS-HE3.png>
Package pdftex.def Info: ./Figures//NAS-HE3.png  used on input line 2213.
(pdftex.def)             Requested size: 256.08829pt x 142.26056pt.


Package fancyhdr Warning: \headheight is too small (12.0pt): 
(fancyhdr)                Make it at least 13.59999pt, for example:
(fancyhdr)                \setlength{\headheight}{13.59999pt}.
(fancyhdr)                You might also make \topmargin smaller to compensate:

(fancyhdr)                \addtolength{\topmargin}{-1.59999pt}.

[71 <./Figures//NAS-HE2.png> <./Figures//NAS-HE3.png>]

Package fancyhdr Warning: \headheight is too small (12.0pt): 
(fancyhdr)                Make it at least 13.59999pt, for example:
(fancyhdr)                \setlength{\headheight}{13.59999pt}.
(fancyhdr)                You might also make \topmargin smaller to compensate:

(fancyhdr)                \addtolength{\topmargin}{-1.59999pt}.

[72]

Package fancyhdr Warning: \headheight is too small (12.0pt): 
(fancyhdr)                Make it at least 13.59999pt, for example:
(fancyhdr)                \setlength{\headheight}{13.59999pt}.
(fancyhdr)                You might also make \topmargin smaller to compensate:

(fancyhdr)                \addtolength{\topmargin}{-1.59999pt}.

[73]

Package fancyhdr Warning: \headheight is too small (12.0pt): 
(fancyhdr)                Make it at least 13.59999pt, for example:
(fancyhdr)                \setlength{\headheight}{13.59999pt}.
(fancyhdr)                You might also make \topmargin smaller to compensate:

(fancyhdr)                \addtolength{\topmargin}{-1.59999pt}.

[74]

Package fancyhdr Warning: \headheight is too small (12.0pt): 
(fancyhdr)                Make it at least 13.59999pt, for example:
(fancyhdr)                \setlength{\headheight}{13.59999pt}.
(fancyhdr)                You might also make \topmargin smaller to compensate:

(fancyhdr)                \addtolength{\topmargin}{-1.59999pt}.

[75]
<./Figures//SP-HE1.png, id=1104, 367.1316pt x 213.4374pt>
File: ./Figures//SP-HE1.png Graphic file (type png)
<use ./Figures//SP-HE1.png>
Package pdftex.def Info: ./Figures//SP-HE1.png  used on input line 2431.
(pdftex.def)             Requested size: 256.07724pt x 142.27278pt.
<./Figures//SP-HE2.png, id=1105, 362.3136pt x 261.6174pt>
File: ./Figures//SP-HE2.png Graphic file (type png)
<use ./Figures//SP-HE2.png>
Package pdftex.def Info: ./Figures//SP-HE2.png  used on input line 2440.
(pdftex.def)             Requested size: 256.07242pt x 142.26527pt.


Package fancyhdr Warning: \headheight is too small (12.0pt): 
(fancyhdr)                Make it at least 13.59999pt, for example:
(fancyhdr)                \setlength{\headheight}{13.59999pt}.
(fancyhdr)                You might also make \topmargin smaller to compensate:

(fancyhdr)                \addtolength{\topmargin}{-1.59999pt}.

[76 <./Figures//SP-HE1.png>]
<./Figures//SP-HE3.png, id=1111, 364.2408pt x 292.9344pt>
File: ./Figures//SP-HE3.png Graphic file (type png)
<use ./Figures//SP-HE3.png>
Package pdftex.def Info: ./Figures//SP-HE3.png  used on input line 2449.
(pdftex.def)             Requested size: 256.08951pt x 142.26521pt.


Package fancyhdr Warning: \headheight is too small (12.0pt): 
(fancyhdr)                Make it at least 13.59999pt, for example:
(fancyhdr)                \setlength{\headheight}{13.59999pt}.
(fancyhdr)                You might also make \topmargin smaller to compensate:

(fancyhdr)                \addtolength{\topmargin}{-1.59999pt}.

[77 <./Figures//SP-HE2.png>]

Package fancyhdr Warning: \headheight is too small (12.0pt): 
(fancyhdr)                Make it at least 13.59999pt, for example:
(fancyhdr)                \setlength{\headheight}{13.59999pt}.
(fancyhdr)                You might also make \topmargin smaller to compensate:

(fancyhdr)                \addtolength{\topmargin}{-1.59999pt}.

[78 <./Figures//SP-HE3.png>]

Package fancyhdr Warning: \headheight is too small (12.0pt): 
(fancyhdr)                Make it at least 13.59999pt, for example:
(fancyhdr)                \setlength{\headheight}{13.59999pt}.
(fancyhdr)                You might also make \topmargin smaller to compensate:

(fancyhdr)                \addtolength{\topmargin}{-1.59999pt}.

[79]

Package fancyhdr Warning: \headheight is too small (12.0pt): 
(fancyhdr)                Make it at least 13.59999pt, for example:
(fancyhdr)                \setlength{\headheight}{13.59999pt}.
(fancyhdr)                You might also make \topmargin smaller to compensate:

(fancyhdr)                \addtolength{\topmargin}{-1.59999pt}.

[80]

Package fancyhdr Warning: \headheight is too small (12.0pt): 
(fancyhdr)                Make it at least 13.59999pt, for example:
(fancyhdr)                \setlength{\headheight}{13.59999pt}.
(fancyhdr)                You might also make \topmargin smaller to compensate:

(fancyhdr)                \addtolength{\topmargin}{-1.59999pt}.

[81]

Package fancyhdr Warning: \headheight is too small (12.0pt): 
(fancyhdr)                Make it at least 13.59999pt, for example:
(fancyhdr)                \setlength{\headheight}{13.59999pt}.
(fancyhdr)                You might also make \topmargin smaller to compensate:

(fancyhdr)                \addtolength{\topmargin}{-1.59999pt}.

[82]
Overfull \hbox (1.46405pt too wide) in paragraph at lines 2674--2674
[]\OT1/cmr/bx/n/8 Comprehensive| 
 []


Package fancyhdr Warning: \headheight is too small (12.0pt): 
(fancyhdr)                Make it at least 13.59999pt, for example:
(fancyhdr)                \setlength{\headheight}{13.59999pt}.
(fancyhdr)                You might also make \topmargin smaller to compensate:

(fancyhdr)                \addtolength{\topmargin}{-1.59999pt}.

[83]

Package fancyhdr Warning: \headheight is too small (12.0pt): 
(fancyhdr)                Make it at least 13.59999pt, for example:
(fancyhdr)                \setlength{\headheight}{13.59999pt}.
(fancyhdr)                You might also make \topmargin smaller to compensate:

(fancyhdr)                \addtolength{\topmargin}{-1.59999pt}.

[84]

Package fancyhdr Warning: \headheight is too small (12.0pt): 
(fancyhdr)                Make it at least 13.59999pt, for example:
(fancyhdr)                \setlength{\headheight}{13.59999pt}.
(fancyhdr)                You might also make \topmargin smaller to compensate:

(fancyhdr)                \addtolength{\topmargin}{-1.59999pt}.

[85]
Underfull \hbox (badness 10000) in paragraph at lines 2799--2800

 []


Package fancyhdr Warning: \headheight is too small (12.0pt): 
(fancyhdr)                Make it at least 13.59999pt, for example:
(fancyhdr)                \setlength{\headheight}{13.59999pt}.
(fancyhdr)                You might also make \topmargin smaller to compensate:

(fancyhdr)                \addtolength{\topmargin}{-1.59999pt}.

[86]
Underfull \hbox (badness 10000) in paragraph at lines 2807--2808

 []


Package fancyhdr Warning: \headheight is too small (12.0pt): 
(fancyhdr)                Make it at least 13.59999pt, for example:
(fancyhdr)                \setlength{\headheight}{13.59999pt}.
(fancyhdr)                You might also make \topmargin smaller to compensate:

(fancyhdr)                \addtolength{\topmargin}{-1.59999pt}.

[87]

Package fancyhdr Warning: \headheight is too small (12.0pt): 
(fancyhdr)                Make it at least 13.59999pt, for example:
(fancyhdr)                \setlength{\headheight}{13.59999pt}.
(fancyhdr)                You might also make \topmargin smaller to compensate:

(fancyhdr)                \addtolength{\topmargin}{-1.59999pt}.

[88]
Overfull \hbox (6.97255pt too wide) in paragraph at lines 2835--2835
|[]\OT1/cmr/m/sc/10.95 Is the Hol-i-day Ef-fect Sig-nif-i-cantly In-flu-enced B
y Christ-mas Days?| 
 []


Package fancyhdr Warning: \headheight is too small (12.0pt): 
(fancyhdr)                Make it at least 13.59999pt, for example:
(fancyhdr)                \setlength{\headheight}{13.59999pt}.
(fancyhdr)                You might also make \topmargin smaller to compensate:

(fancyhdr)                \addtolength{\topmargin}{-1.59999pt}.

[89]

Package fancyhdr Warning: \headheight is too small (12.0pt): 
(fancyhdr)                Make it at least 13.59999pt, for example:
(fancyhdr)                \setlength{\headheight}{13.59999pt}.
(fancyhdr)                You might also make \topmargin smaller to compensate:

(fancyhdr)                \addtolength{\topmargin}{-1.59999pt}.

[90]
Underfull \hbox (badness 10000) in paragraph at lines 2847--2848

 []


Underfull \hbox (badness 10000) in paragraph at lines 2849--2850

 []


LaTeX Font Warning: Font shape `TS1/cmr/m/sc' undefined
(Font)              using `TS1/cmr/m/n' instead
(Font)              for symbol `textcopyright' on input line 2857.


Package fancyhdr Warning: \headheight is too small (12.0pt): 
(fancyhdr)                Make it at least 13.59999pt, for example:
(fancyhdr)                \setlength{\headheight}{13.59999pt}.
(fancyhdr)                You might also make \topmargin smaller to compensate:

(fancyhdr)                \addtolength{\topmargin}{-1.59999pt}.

[91]
<./Figures//A1.png, id=1177, 255.95625pt x 136.51pt>
File: ./Figures//A1.png Graphic file (type png)
<use ./Figures//A1.png>
Package pdftex.def Info: ./Figures//A1.png  used on input line 2876.
(pdftex.def)             Requested size: 199.16858pt x 99.58481pt.
<./Figures//A2.png, id=1178, 255.95625pt x 139.52126pt>
File: ./Figures//A2.png Graphic file (type png)
<use ./Figures//A2.png>
Package pdftex.def Info: ./Figures//A2.png  used on input line 2884.
(pdftex.def)             Requested size: 199.16858pt x 99.58661pt.
<./Figures//A3.png, id=1179, 255.95625pt x 141.52875pt>
File: ./Figures//A3.png Graphic file (type png)
<use ./Figures//A3.png>
Package pdftex.def Info: ./Figures//A3.png  used on input line 2892.
(pdftex.def)             Requested size: 199.16858pt x 99.58774pt.
<./Figures//A4.png, id=1180, 199.74625pt x 104.39pt>
File: ./Figures//A4.png Graphic file (type png)
<use ./Figures//A4.png>
Package pdftex.def Info: ./Figures//A4.png  used on input line 2900.
(pdftex.def)             Requested size: 184.95135pt x 85.36299pt.


Package fancyhdr Warning: \headheight is too small (12.0pt): 
(fancyhdr)                Make it at least 13.59999pt, for example:
(fancyhdr)                \setlength{\headheight}{13.59999pt}.
(fancyhdr)                You might also make \topmargin smaller to compensate:

(fancyhdr)                \addtolength{\topmargin}{-1.59999pt}.

[1 <./Figures//A1.png> <./Figures//A2.png> <./Figures//A3.png>]
<./Figures//A5.png, id=1188, 199.74625pt x 84.315pt>
File: ./Figures//A5.png Graphic file (type png)
<use ./Figures//A5.png>
Package pdftex.def Info: ./Figures//A5.png  used on input line 2908.
(pdftex.def)             Requested size: 184.95135pt x 85.35944pt.
<./Figures//A6.png, id=1189, 199.74625pt x 84.315pt>
File: ./Figures//A6.png Graphic file (type png)
<use ./Figures//A6.png>
Package pdftex.def Info: ./Figures//A6.png  used on input line 2916.
(pdftex.def)             Requested size: 184.95135pt x 85.35944pt.
<./Figures//A7.png, id=1190, 199.74625pt x 85.31876pt>
File: ./Figures//A7.png Graphic file (type png)
<use ./Figures//A7.png>
Package pdftex.def Info: ./Figures//A7.png  used on input line 2924.
(pdftex.def)             Requested size: 184.95135pt x 85.36409pt.


Package fancyhdr Warning: \headheight is too small (12.0pt): 
(fancyhdr)                Make it at least 13.59999pt, for example:
(fancyhdr)                \setlength{\headheight}{13.59999pt}.
(fancyhdr)                You might also make \topmargin smaller to compensate:

(fancyhdr)                \addtolength{\topmargin}{-1.59999pt}.

[2 <./Figures//A4.png> <./Figures//A5.png> <./Figures//A6.png> <./Figures//A7.p
ng>]

Package fancyhdr Warning: \headheight is too small (12.0pt): 
(fancyhdr)                Make it at least 13.59999pt, for example:
(fancyhdr)                \setlength{\headheight}{13.59999pt}.
(fancyhdr)                You might also make \topmargin smaller to compensate:

(fancyhdr)                \addtolength{\topmargin}{-1.59999pt}.

[3]
LaTeX Font Info:    Trying to load font information for OMS+cmr on input line 3
033.
 (/usr/share/texmf-dist/tex/latex/base/omscmr.fd
File: omscmr.fd 2019/12/16 v2.5j Standard LaTeX font definitions
)
LaTeX Font Info:    Font shape `OMS/cmr/m/n' in size <8> not available
(Font)              Font shape `OMS/cmsy/m/n' tried instead on input line 3033.


Underfull \hbox (badness 1057) in paragraph at lines 3033--3034
\OT1/cmr/m/n/8 E.g. lin-ear (pos-i-tive/negative), poly-no-mial (vary-ing by de
-gree
 []


Package fancyhdr Warning: \headheight is too small (12.0pt): 
(fancyhdr)                Make it at least 13.59999pt, for example:
(fancyhdr)                \setlength{\headheight}{13.59999pt}.
(fancyhdr)                You might also make \topmargin smaller to compensate:

(fancyhdr)                \addtolength{\topmargin}{-1.59999pt}.

[4]

Package fancyhdr Warning: \headheight is too small (12.0pt): 
(fancyhdr)                Make it at least 13.59999pt, for example:
(fancyhdr)                \setlength{\headheight}{13.59999pt}.
(fancyhdr)                You might also make \topmargin smaller to compensate:

(fancyhdr)                \addtolength{\topmargin}{-1.59999pt}.

[5]

Package fancyhdr Warning: \headheight is too small (12.0pt): 
(fancyhdr)                Make it at least 13.59999pt, for example:
(fancyhdr)                \setlength{\headheight}{13.59999pt}.
(fancyhdr)                You might also make \topmargin smaller to compensate:

(fancyhdr)                \addtolength{\topmargin}{-1.59999pt}.

[6]
Underfull \hbox (badness 10000) in paragraph at lines 3076--3087

 []


Underfull \hbox (badness 10000) in paragraph at lines 3076--3087

 []


Underfull \hbox (badness 10000) in paragraph at lines 3076--3087

 []


Underfull \hbox (badness 10000) in paragraph at lines 3076--3087

 []


Underfull \hbox (badness 10000) in paragraph at lines 3076--3087

 []


Underfull \hbox (badness 10000) in paragraph at lines 3076--3087

 []


Underfull \hbox (badness 10000) in paragraph at lines 3076--3087

 []


Underfull \hbox (badness 10000) in paragraph at lines 3076--3087

 []


Underfull \hbox (badness 10000) in paragraph at lines 3076--3087

 []


Underfull \hbox (badness 10000) in paragraph at lines 3090--3093

 []


Underfull \hbox (badness 10000) in paragraph at lines 3111--3118

 []


Underfull \hbox (badness 10000) in paragraph at lines 3111--3118

 []


Underfull \hbox (badness 10000) in paragraph at lines 3111--3118

 []


Underfull \hbox (badness 10000) in paragraph at lines 3111--3118

 []


Underfull \hbox (badness 10000) in paragraph at lines 3111--3118

 []


Underfull \hbox (badness 10000) in paragraph at lines 3111--3118

 []


Underfull \hbox (badness 2671) in paragraph at lines 3111--3118
\OT1/cmr/bx/n/8 [3] In-for-ma-tion Cri-te-ria: \OT1/cmr/m/n/8 One way of se-lec
t-ing an op-ti-mal model is by find-ing the one
 []


Underfull \hbox (badness 10000) in paragraph at lines 3111--3118
\OT1/cmr/m/n/8 with the low-est pos-si-ble $[]$, $[]$ and/or
 []


Underfull \hbox (badness 10000) in paragraph at lines 3118--3144

 []


Underfull \hbox (badness 10000) in paragraph at lines 3118--3144

 []


Underfull \hbox (badness 10000) in paragraph at lines 3118--3144

 []


Underfull \hbox (badness 10000) in paragraph at lines 3118--3144

 []


Underfull \hbox (badness 10000) in paragraph at lines 3118--3144

 []


Underfull \hbox (badness 10000) in paragraph at lines 3118--3144

 []


Underfull \hbox (badness 10000) in paragraph at lines 3118--3144

 []


Underfull \hbox (badness 10000) in paragraph at lines 3118--3144

 []


Underfull \hbox (badness 10000) in paragraph at lines 3118--3144

 []


Underfull \hbox (badness 10000) in paragraph at lines 3118--3144

 []


Underfull \hbox (badness 10000) in paragraph at lines 3118--3144

 []


Underfull \hbox (badness 10000) in paragraph at lines 3118--3144

 []


Underfull \hbox (badness 10000) in paragraph at lines 3118--3144

 []


Underfull \hbox (badness 10000) in paragraph at lines 3144--3147

 []


Underfull \hbox (badness 10000) in paragraph at lines 3144--3147

 []


Underfull \hbox (badness 10000) in paragraph at lines 3147--3155

 []


Underfull \hbox (badness 10000) in paragraph at lines 3147--3155

 []


Underfull \hbox (badness 10000) in paragraph at lines 3147--3155

 []


Underfull \hbox (badness 10000) in paragraph at lines 3147--3155

 []


Underfull \hbox (badness 10000) in paragraph at lines 3147--3155

 []


Underfull \hbox (badness 10000) in paragraph at lines 3156--3159

 []


Package fancyhdr Warning: \headheight is too small (12.0pt): 
(fancyhdr)                Make it at least 13.59999pt, for example:
(fancyhdr)                \setlength{\headheight}{13.59999pt}.
(fancyhdr)                You might also make \topmargin smaller to compensate:

(fancyhdr)                \addtolength{\topmargin}{-1.59999pt}.

[7]

Package fancyhdr Warning: \headheight is too small (12.0pt): 
(fancyhdr)                Make it at least 13.59999pt, for example:
(fancyhdr)                \setlength{\headheight}{13.59999pt}.
(fancyhdr)                You might also make \topmargin smaller to compensate:

(fancyhdr)                \addtolength{\topmargin}{-1.59999pt}.

[8]

Package fancyhdr Warning: \headheight is too small (12.0pt): 
(fancyhdr)                Make it at least 13.59999pt, for example:
(fancyhdr)                \setlength{\headheight}{13.59999pt}.
(fancyhdr)                You might also make \topmargin smaller to compensate:

(fancyhdr)                \addtolength{\topmargin}{-1.59999pt}.

[9]

Package fancyhdr Warning: \headheight is too small (12.0pt): 
(fancyhdr)                Make it at least 13.59999pt, for example:
(fancyhdr)                \setlength{\headheight}{13.59999pt}.
(fancyhdr)                You might also make \topmargin smaller to compensate:

(fancyhdr)                \addtolength{\topmargin}{-1.59999pt}.

[10]

Package fancyhdr Warning: \headheight is too small (12.0pt): 
(fancyhdr)                Make it at least 13.59999pt, for example:
(fancyhdr)                \setlength{\headheight}{13.59999pt}.
(fancyhdr)                You might also make \topmargin smaller to compensate:

(fancyhdr)                \addtolength{\topmargin}{-1.59999pt}.

[11]
Underfull \hbox (badness 6348) in paragraph at lines 3181--3181
[]\OT1/cmr/m/n/8 X be-ing Bi-nary 1 re-sults in a
 []


Underfull \hbox (badness 2538) in paragraph at lines 3185--3185
\OT1/cmr/m/n/8 of Y be-ing Bi-nary 1 changes by
 []


Underfull \hbox (badness 1454) in paragraph at lines 3186--3187
\OT1/cmr/m/it/8 be-ing de-funct than a fund with-out
 []


Package fancyhdr Warning: \headheight is too small (12.0pt): 
(fancyhdr)                Make it at least 13.59999pt, for example:
(fancyhdr)                \setlength{\headheight}{13.59999pt}.
(fancyhdr)                You might also make \topmargin smaller to compensate:

(fancyhdr)                \addtolength{\topmargin}{-1.59999pt}.

[12]

Package fancyhdr Warning: \headheight is too small (12.0pt): 
(fancyhdr)                Make it at least 13.59999pt, for example:
(fancyhdr)                \setlength{\headheight}{13.59999pt}.
(fancyhdr)                You might also make \topmargin smaller to compensate:

(fancyhdr)                \addtolength{\topmargin}{-1.59999pt}.

[13]
LaTeX Font Info:    Calculating math sizes for size <11> on input line 3271.


LaTeX Font Warning: Font shape `OT1/cmr/m/n' in size <5.5> not available
(Font)              size <5> substituted on input line 3271.


LaTeX Font Warning: Font shape `OML/cmm/m/it' in size <5.5> not available
(Font)              size <5> substituted on input line 3271.


LaTeX Font Warning: Font shape `OMS/cmsy/m/n' in size <5.5> not available
(Font)              size <5> substituted on input line 3271.


LaTeX Font Warning: Font shape `OT1/cmr/bx/n' in size <5.5> not available
(Font)              size <5> substituted on input line 3271.


LaTeX Font Warning: Font shape `OT1/cmr/m/it' in size <5.5> not available
(Font)              size <5> substituted on input line 3271.


Package fancyhdr Warning: \headheight is too small (12.0pt): 
(fancyhdr)                Make it at least 13.59999pt, for example:
(fancyhdr)                \setlength{\headheight}{13.59999pt}.
(fancyhdr)                You might also make \topmargin smaller to compensate:

(fancyhdr)                \addtolength{\topmargin}{-1.59999pt}.

[14]

Package fancyhdr Warning: \headheight is too small (12.0pt): 
(fancyhdr)                Make it at least 13.59999pt, for example:
(fancyhdr)                \setlength{\headheight}{13.59999pt}.
(fancyhdr)                You might also make \topmargin smaller to compensate:

(fancyhdr)                \addtolength{\topmargin}{-1.59999pt}.

[15]
Underfull \hbox (badness 4505) in paragraph at lines 3430--3435
[]\OT1/cmr/m/n/10.95 Investopedia. (2020). \OT1/cmr/m/sl/10.95 What's the Most 
Ex-pen-sive Stock of All Time?
 []


Underfull \hbox (badness 2680) in paragraph at lines 3430--3435
\OT1/cmr/m/n/10.95 Avail-able At: \OT1/cmtt/m/n/10.95 https://www.investopedia.
com/ask/answers/081314/whats-
 []


Package fancyhdr Warning: \headheight is too small (12.0pt): 
(fancyhdr)                Make it at least 13.59999pt, for example:
(fancyhdr)                \setlength{\headheight}{13.59999pt}.
(fancyhdr)                You might also make \topmargin smaller to compensate:

(fancyhdr)                \addtolength{\topmargin}{-1.59999pt}.

[16]
Underfull \hbox (badness 6493) in paragraph at lines 3485--3490
[]\OT1/cmr/m/n/10.95 Lhor, S. (1981). \OT1/cmr/m/sl/10.95 1980 A Very Good Wall
 St. Year. \OT1/cmr/m/n/10.95 Avail-able At:
 []


Underfull \hbox (badness 10000) in paragraph at lines 3485--3490
\OT1/cmtt/m/n/10.95 https://www.nytimes.com/1981/01/01/business/1980-a-very-goo
d-wall-
 []


Underfull \hbox (badness 1776) in paragraph at lines 3513--3518
\OT1/cmr/m/n/10.95 At: \OT1/cmtt/m/n/10.95 https://www.measuringworth.com/calcu
lators/DJIA[]SP[]NASDAQ/. \OT1/cmr/m/n/10.95 (Ac-
 []


Package fancyhdr Warning: \headheight is too small (12.0pt): 
(fancyhdr)                Make it at least 13.59999pt, for example:
(fancyhdr)                \setlength{\headheight}{13.59999pt}.
(fancyhdr)                You might also make \topmargin smaller to compensate:

(fancyhdr)                \addtolength{\topmargin}{-1.59999pt}.

[17]
Underfull \hbox (badness 10000) in paragraph at lines 3577--3582
[]\OT1/cmr/m/n/10.95 Snopes. (2000). \OT1/cmr/m/sl/10.95 The Su-per-bowl In-di-
ca-tor. \OT1/cmr/m/n/10.95 Avail-able At:
 []


Underfull \hbox (badness 10000) in paragraph at lines 3577--3582
\OT1/cmtt/m/n/10.95 https://www.snopes.com/fact-check/super-bowl-indicator/. \O
T1/cmr/m/n/10.95 (Ac-cessed:
 []


Underfull \hbox (badness 10000) in paragraph at lines 3584--3589
[]\OT1/cmr/m/n/10.95 Statista. (2020). \OT1/cmr/m/sl/10.95 Largest stock ex-cha
nge op-er-a-tors world-wide as of
 []


Underfull \hbox (badness 4805) in paragraph at lines 3584--3589
\OT1/cmr/m/sl/10.95 Mar 2020, by mar-ket cap-i-tal-iza-tion of listed com-pa-ni
es. \OT1/cmr/m/n/10.95 Avail-able At:
 []


Underfull \hbox (badness 10000) in paragraph at lines 3584--3589
\OT1/cmtt/m/n/10.95 https://www.statista.com/statistics/270126/largest-stock-ex
change-
 []


Underfull \hbox (badness 10000) in paragraph at lines 3584--3589
\OT1/cmtt/m/n/10.95 operators-by-market-capitalization-of-listed- companies/. \
OT1/cmr/m/n/10.95 (Ac-cessed:
 []


Underfull \hbox (badness 4779) in paragraph at lines 3598--3603
[]\OT1/cmr/m/n/10.95 Time. (2017). \OT1/cmr/m/sl/10.95 How a Fi-nan-cial Panic 
Helped Launch the New York
 []


Underfull \hbox (badness 6808) in paragraph at lines 3598--3603
\OT1/cmr/m/sl/10.95 Stock Ex-change. \OT1/cmr/m/n/10.95 Avail-able At: \OT1/cmt
t/m/n/10.95 https://time.com/4777959/buttonwood-
 []


Underfull \hbox (badness 8151) in paragraph at lines 3614--3619
[]\OT1/cmr/m/n/10.95 Vim Diesel. (2020). \OT1/cmr/m/sl/10.95 Pro-grams and Equi
p-ment I Use. \OT1/cmr/m/n/10.95 Avail-able At:
 []


Package fancyhdr Warning: \headheight is too small (12.0pt): 
(fancyhdr)                Make it at least 13.59999pt, for example:
(fancyhdr)                \setlength{\headheight}{13.59999pt}.
(fancyhdr)                You might also make \topmargin smaller to compensate:

(fancyhdr)                \addtolength{\topmargin}{-1.59999pt}.

[18]
Underfull \hbox (badness 10000) in paragraph at lines 3650--3655
[]\OT1/cmr/m/n/10.95 Yahoo Fi-nance. (2020). \OT1/cmr/m/sl/10.95 Dow Jones In-d
us-trial Av-er-age (DJI)
 []


Underfull \hbox (badness 10000) in paragraph at lines 3650--3655
\OT1/cmr/m/sl/10.95 Charts, Data & News - Ya-hoo Fi-nance. \OT1/cmr/m/n/10.95 A
vail-able At:
 []


Underfull \hbox (badness 10000) in paragraph at lines 3657--3662
[]\OT1/cmr/m/n/10.95 Yahoo Fi-nance. (2020). \OT1/cmr/m/sl/10.95 NAS-DAQ Com-po
s-ite (IXIC)
 []


Underfull \hbox (badness 10000) in paragraph at lines 3657--3662
\OT1/cmr/m/sl/10.95 Charts, Data & News - Ya-hoo Fi-nance. \OT1/cmr/m/n/10.95 A
vail-able At:
 []


Underfull \hbox (badness 10000) in paragraph at lines 3657--3662
\OT1/cmtt/m/n/10.95 https://finance.yahoo.com/quote/%5EIXIC?p=%5EIXIC. \OT1/cmr
/m/n/10.95 (Ac-cessed:
 []


Underfull \hbox (badness 10000) in paragraph at lines 3664--3669
[]\OT1/cmr/m/n/10.95 Yahoo Fi-nance. (2020). \OT1/cmr/m/sl/10.95 NYSE COM-POS-I
TE (DJ) (NYA)
 []


Underfull \hbox (badness 10000) in paragraph at lines 3664--3669
\OT1/cmr/m/sl/10.95 Charts, Data & News - Ya-hoo Fi-nance. \OT1/cmr/m/n/10.95 A
vail-able At:
 []


Package fancyhdr Warning: \headheight is too small (12.0pt): 
(fancyhdr)                Make it at least 13.59999pt, for example:
(fancyhdr)                \setlength{\headheight}{13.59999pt}.
(fancyhdr)                You might also make \topmargin smaller to compensate:

(fancyhdr)                \addtolength{\topmargin}{-1.59999pt}.

[19] (./AG436-Assignment.aux)

LaTeX Font Warning: Size substitutions with differences
(Font)              up to 0.72pt have occurred.


LaTeX Font Warning: Some font shapes were not available, defaults substituted.

Package rerunfilecheck Info: File `AG436-Assignment.out' has not changed.
(rerunfilecheck)             Checksum: A0581D9F21BCB48E6E86B3AAEBFF3431;22363.
 ) 
Here is how much of TeX's memory you used:
 15577 strings out of 478353
 247998 string characters out of 5854636
 729878 words of memory out of 5000000
 33082 multiletter control sequences out of 15000+600000
 424673 words of font info for 107 fonts, out of 8000000 for 9000
 1141 hyphenation exceptions out of 8191
 68i,15n,77p,1854b,552s stack positions out of 5000i,500n,10000p,200000b,80000s
pdfTeX warning (dest): name{Hfootnote.5} has been referenced but does not exi
st, replaced by a fixed one

pdfTeX warning (dest): name{Hfootnote.4} has been referenced but does not exist
, replaced by a fixed one

pdfTeX warning (dest): name{Hfootnote.3} has been referenced but does not exist
, replaced by a fixed one

pdfTeX warning (dest): name{Hfootnote.2} has been referenced but does not exist
, replaced by a fixed one

pdfTeX warning (dest): name{Hfootnote.1} has been referenced but does not exist
, replaced by a fixed one

{/usr/share/texmf-dist/fonts/enc/dvips/cm-super/cm-super-ts1.enc}</usr/share/te
xmf-dist/fonts/type1/public/amsfonts/cm/cmbx10.pfb></usr/share/texmf-dist/fonts
/type1/public/amsfonts/cm/cmbx6.pfb></usr/share/texmf-dist/fonts/type1/public/a
msfonts/cm/cmbx8.pfb></usr/share/texmf-dist/fonts/type1/public/amsfonts/cm/cmcs
c10.pfb></usr/share/texmf-dist/fonts/type1/public/amsfonts/cm/cmex10.pfb></usr/
share/texmf-dist/fonts/type1/public/amsfonts/cmextra/cmex7.pfb></usr/share/texm
f-dist/fonts/type1/public/amsfonts/cmextra/cmex8.pfb></usr/share/texmf-dist/fon
ts/type1/public/amsfonts/cm/cmitt10.pfb></usr/share/texmf-dist/fonts/type1/publ
ic/amsfonts/cm/cmmi10.pfb></usr/share/texmf-dist/fonts/type1/public/amsfonts/cm
/cmmi5.pfb></usr/share/texmf-dist/fonts/type1/public/amsfonts/cm/cmmi6.pfb></us
r/share/texmf-dist/fonts/type1/public/amsfonts/cm/cmmi8.pfb></usr/share/texmf-d
ist/fonts/type1/public/amsfonts/cm/cmr10.pfb></usr/share/texmf-dist/fonts/type1
/public/amsfonts/cm/cmr6.pfb></usr/share/texmf-dist/fonts/type1/public/amsfonts
/cm/cmr8.pfb></usr/share/texmf-dist/fonts/type1/public/amsfonts/cm/cmr9.pfb></u
sr/share/texmf-dist/fonts/type1/public/amsfonts/cm/cmsl10.pfb></usr/share/texmf
-dist/fonts/type1/public/amsfonts/cm/cmsl8.pfb></usr/share/texmf-dist/fonts/typ
e1/public/amsfonts/cm/cmsltt10.pfb></usr/share/texmf-dist/fonts/type1/public/am
sfonts/cm/cmss8.pfb></usr/share/texmf-dist/fonts/type1/public/amsfonts/cm/cmssb
x10.pfb></usr/share/texmf-dist/fonts/type1/public/amsfonts/cm/cmssi8.pfb></usr/
share/texmf-dist/fonts/type1/public/amsfonts/cm/cmsy10.pfb></usr/share/texmf-di
st/fonts/type1/public/amsfonts/cm/cmsy5.pfb></usr/share/texmf-dist/fonts/type1/
public/amsfonts/cm/cmsy6.pfb></usr/share/texmf-dist/fonts/type1/public/amsfonts
/cm/cmsy8.pfb></usr/share/texmf-dist/fonts/type1/public/amsfonts/cm/cmtcsc10.pf
b></usr/share/texmf-dist/fonts/type1/public/amsfonts/cm/cmti10.pfb></usr/share/
texmf-dist/fonts/type1/public/amsfonts/cm/cmti12.pfb></usr/share/texmf-dist/fon
ts/type1/public/amsfonts/cm/cmti7.pfb></usr/share/texmf-dist/fonts/type1/public
/amsfonts/cm/cmti8.pfb></usr/share/texmf-dist/fonts/type1/public/amsfonts/cm/cm
tt10.pfb></usr/share/texmf-dist/fonts/type1/public/amsfonts/cm/cmtt8.pfb></usr/
share/texmf-dist/fonts/type1/public/cm-super/sfrm1095.pfb></usr/share/texmf-dis
t/fonts/type1/public/tipa/tipa10.pfb>
Output written on AG436-Assignment.pdf (120 pages, 1488622 bytes).
PDF statistics:
 1579 PDF objects out of 1728 (max. 8388607)
 1311 compressed objects within 14 object streams
 350 named destinations out of 1000 (max. 500000)
 1060 words of extra memory for PDF output out of 10000 (max. 10000000)

