\BOOKMARK [1][-]{section.1}{\376\377\000I\000n\000t\000r\000o\000d\000u\000c\000t\000i\000o\000n}{}% 1
\BOOKMARK [2][-]{subsection.1.1}{\376\377\000I\000n\000t\000r\000o\000d\000u\000c\000t\000i\000o\000n\000\040\000t\000o\000\040\000t\000h\000e\000\040\000I\000s\000s\000u\000e\000\040\000\046\000\040\000B\000r\000i\000e\000f\000\040\000H\000i\000s\000t\000o\000r\000y}{section.1}% 2
\BOOKMARK [2][-]{subsection.1.2}{\376\377\000I\000n\000t\000r\000o\000d\000u\000c\000t\000i\000o\000n\000\040\000t\000o\000\040\000t\000h\000e\000\040\000U\000S\000\040\000S\000t\000o\000c\000k\000\040\000M\000a\000r\000k\000e\000t}{section.1}% 3
\BOOKMARK [2][-]{subsection.1.3}{\376\377\000R\000e\000s\000e\000a\000r\000c\000h\000\040\000Q\000u\000e\000s\000t\000i\000o\000n\000s\000\040\000\046\000\040\000P\000u\000r\000p\000o\000s\000e}{section.1}% 4
\BOOKMARK [2][-]{subsection.1.4}{\376\377\000C\000r\000u\000c\000i\000a\000l\000\040\000D\000e\000f\000i\000n\000i\000t\000i\000o\000n\000s}{section.1}% 5
\BOOKMARK [3][-]{subsubsection.1.4.1}{\376\377\000M\000a\000r\000k\000e\000t\000\040\000E\000f\000f\000i\000c\000i\000e\000n\000c\000y\000\040\000\046\000\040\000E\000M\000H}{subsection.1.4}% 6
\BOOKMARK [3][-]{subsubsection.1.4.2}{\376\377\000E\000f\000f\000i\000c\000i\000e\000n\000t\000\040\000M\000a\000r\000k\000e\000t\000\040\000A\000n\000o\000m\000a\000l\000i\000e\000s}{subsection.1.4}% 7
\BOOKMARK [3][-]{subsubsection.1.4.3}{\376\377\000T\000h\000e\000\040\000U\000S\000\040\000S\000t\000o\000c\000k\000\040\000\046\000\040\000C\000o\000m\000m\000o\000d\000i\000t\000y\000\040\000E\000x\000c\000h\000a\000n\000g\000e\000s}{subsection.1.4}% 8
\BOOKMARK [2][-]{subsection.1.5}{\376\377\000D\000i\000s\000p\000o\000s\000i\000t\000i\000o\000n}{section.1}% 9
\BOOKMARK [1][-]{section.2}{\376\377\000T\000h\000e\000o\000r\000e\000t\000i\000c\000a\000l\000\040\000\046\000\040\000E\000v\000i\000d\000e\000n\000t\000i\000a\000l\000\040\000B\000a\000c\000k\000g\000r\000o\000u\000n\000d}{}% 10
\BOOKMARK [2][-]{subsection.2.1}{\376\377\000A\000r\000e\000a\000s\000\040\000o\000f\000\040\000E\000x\000p\000l\000o\000r\000a\000t\000i\000o\000n\000\040\000\046\000\040\000J\000u\000s\000t\000i\000f\000i\000c\000a\000t\000i\000o\000n}{section.2}% 11
\BOOKMARK [3][-]{subsubsection.2.1.1}{\376\377\000W\000h\000y\000\040\000M\000a\000r\000k\000e\000t\000\040\000E\000f\000f\000i\000c\000i\000e\000n\000c\000y}{subsection.2.1}% 12
\BOOKMARK [3][-]{subsubsection.2.1.2}{\376\377\000W\000h\000y\000\040\000t\000h\000e\000\040\000U\000S\000\040\000S\000t\000o\000c\000k\000\040\000E\000x\000c\000h\000a\000n\000g\000e}{subsection.2.1}% 13
\BOOKMARK [2][-]{subsection.2.2}{\376\377\000I\000n\000t\000r\000o\000d\000u\000c\000t\000i\000o\000n\000\040\000t\000o\000\040\000M\000a\000r\000k\000e\000t\000\040\000E\000f\000f\000i\000c\000i\000e\000n\000c\000y}{section.2}% 14
\BOOKMARK [3][-]{subsubsection.2.2.1}{\376\377\000E\000f\000f\000i\000c\000i\000e\000n\000t\000\040\000M\000a\000r\000k\000e\000t\000\040\000H\000y\000p\000o\000t\000h\000e\000s\000i\000s}{subsection.2.2}% 15
\BOOKMARK [3][-]{subsubsection.2.2.2}{\376\377\000F\000o\000r\000m\000s\000\040\000o\000f\000\040\000E\000f\000f\000i\000c\000i\000e\000n\000t\000\040\000M\000a\000r\000k\000e\000t\000\040\000H\000y\000p\000o\000t\000h\000e\000s\000i\000s}{subsection.2.2}% 16
\BOOKMARK [4][-]{paragraph.2.2.2.1}{\376\377\000W\000e\000a\000k\000\040\000F\000o\000r\000m\000\040\000E\000f\000f\000i\000c\000i\000e\000n\000c\000y}{subsubsection.2.2.2}% 17
\BOOKMARK [4][-]{paragraph.2.2.2.2}{\376\377\000S\000e\000m\000i\000-\000S\000t\000r\000o\000n\000g\000\040\000F\000o\000r\000m\000\040\000E\000f\000f\000i\000c\000i\000e\000n\000c\000y}{subsubsection.2.2.2}% 18
\BOOKMARK [4][-]{paragraph.2.2.2.3}{\376\377\000S\000t\000r\000o\000n\000g\000\040\000F\000o\000r\000m\000\040\000E\000f\000f\000i\000c\000i\000e\000n\000c\000y}{subsubsection.2.2.2}% 19
\BOOKMARK [2][-]{subsection.2.3}{\376\377\000E\000M\000H\000\040\000A\000n\000o\000m\000a\000l\000i\000e\000s\000\040\000I\000:\000\040\000S\000e\000a\000s\000o\000n\000a\000l\000\040\000`\000C\000a\000l\000e\000n\000d\000a\000r\000'\000\040\000E\000f\000f\000e\000c\000t}{section.2}% 20
\BOOKMARK [3][-]{subsubsection.2.3.1}{\376\377\000D\000a\000y\000-\000o\000f\000-\000t\000h\000e\000-\000W\000e\000e\000k\000\040\000E\000f\000f\000e\000c\000t}{subsection.2.3}% 21
\BOOKMARK [4][-]{paragraph.2.3.1.1}{\376\377\000M\000o\000n\000d\000a\000y\000\040\000\046\000\040\000F\000r\000i\000d\000a\000y\000\040\000`\000W\000e\000e\000k\000e\000n\000d\000'\000\040\000E\000f\000f\000e\000c\000t}{subsubsection.2.3.1}% 22
\BOOKMARK [4][-]{paragraph.2.3.1.2}{\376\377\000C\000a\000s\000e\000s\000\040\000H\000e\000l\000d\000\040\000t\000o\000\040\000b\000e\000\040\000S\000e\000l\000f\000-\000E\000v\000i\000d\000e\000n\000t}{subsubsection.2.3.1}% 23
\BOOKMARK [4][-]{paragraph.2.3.1.3}{\376\377\000E\000x\000p\000l\000a\000n\000a\000t\000i\000o\000n\000s\000\040\000H\000e\000l\000d\000\040\000t\000o\000\040\000b\000e\000\040\000S\000e\000l\000f\000-\000E\000v\000i\000d\000e\000n\000t}{subsubsection.2.3.1}% 24
\BOOKMARK [3][-]{subsubsection.2.3.2}{\376\377\000M\000o\000n\000t\000h\000-\000o\000f\000-\000t\000h\000e\000-\000Y\000e\000a\000r\000\040\000E\000f\000f\000e\000c\000t}{subsection.2.3}% 25
\BOOKMARK [4][-]{paragraph.2.3.2.1}{\376\377\000J\000a\000n\000u\000a\000r\000y\000,\000\040\000S\000e\000m\000i\000-\000M\000o\000n\000t\000h\000\040\000\046\000\040\000H\000o\000l\000i\000d\000a\000y\000\040\000E\000f\000f\000e\000c\000t}{subsubsection.2.3.2}% 26
\BOOKMARK [4][-]{paragraph.2.3.2.2}{\376\377\000C\000a\000s\000e\000s\000\040\000H\000e\000l\000d\000\040\000t\000o\000\040\000b\000e\000\040\000S\000e\000l\000f\000-\000E\000v\000i\000d\000e\000n\000t}{subsubsection.2.3.2}% 27
\BOOKMARK [4][-]{paragraph.2.3.2.3}{\376\377\000E\000x\000p\000l\000a\000n\000t\000i\000o\000n\000s\000\040\000H\000e\000l\000d\000\040\000t\000o\000\040\000b\000e\000\040\000S\000e\000l\000f\000-\000E\000v\000i\000d\000e\000n\000t}{subsubsection.2.3.2}% 28
\BOOKMARK [2][-]{subsection.2.4}{\376\377\000E\000M\000H\000\040\000A\000n\000o\000m\000a\000l\000i\000e\000s\000\040\000I\000I\000:\000\040\000N\000o\000n\000-\000S\000e\000a\000s\000o\000n\000a\000l\000\040\000E\000f\000f\000e\000c\000t\000s}{section.2}% 29
\BOOKMARK [3][-]{subsubsection.2.4.1}{\376\377\000M\000a\000j\000o\000r\000\040\000N\000o\000n\000-\000S\000e\000a\000s\000o\000n\000a\000l\000\040\000E\000f\000f\000e\000c\000t\000s}{subsection.2.4}% 30
\BOOKMARK [4][-]{paragraph.2.4.1.1}{\376\377\000F\000i\000r\000m\000\040\000S\000i\000z\000e}{subsubsection.2.4.1}% 31
\BOOKMARK [4][-]{paragraph.2.4.1.2}{\376\377\000A\000n\000n\000o\000u\000n\000c\000e\000m\000e\000n\000t\000s}{subsubsection.2.4.1}% 32
\BOOKMARK [4][-]{paragraph.2.4.1.3}{\376\377\000T\000r\000a\000d\000i\000n\000g\000\040\000V\000o\000l\000u\000m\000e}{subsubsection.2.4.1}% 33
\BOOKMARK [3][-]{subsubsection.2.4.2}{\376\377\000M\000i\000n\000o\000r\000\040\000N\000o\000n\000-\000S\000e\000a\000s\000o\000n\000a\000l\000\040\000A\000n\000o\000m\000a\000l\000i\000e\000s}{subsection.2.4}% 34
\BOOKMARK [2][-]{subsection.2.5}{\376\377\000T\000h\000e\000o\000r\000e\000t\000i\000c\000a\000l\000\040\000\046\000\040\000E\000v\000i\000d\000e\000n\000t\000i\000a\000l\000\040\000C\000o\000n\000c\000l\000u\000s\000i\000o\000n\000s}{section.2}% 35
\BOOKMARK [3][-]{subsubsection.2.5.1}{\376\377\000S\000u\000m\000m\000a\000r\000y\000\040\000\046\000\040\000Q\000u\000e\000s\000t\000i\000o\000n\000s\000\040\000A\000n\000s\000w\000e\000r\000e\000d}{subsection.2.5}% 36
\BOOKMARK [3][-]{subsubsection.2.5.2}{\376\377\000Q\000u\000e\000s\000t\000i\000o\000n\000s\000\040\000t\000o\000\040\000b\000e\000\040\000A\000n\000s\000w\000e\000r\000e\000d}{subsection.2.5}% 37
\BOOKMARK [1][-]{section.3}{\376\377\000U\000n\000i\000t\000e\000d\000\040\000S\000t\000a\000t\000e\000s\000\040\000S\000t\000o\000c\000k\000\040\000E\000x\000c\000h\000a\000n\000g\000e}{}% 38
\BOOKMARK [2][-]{subsection.3.1}{\376\377\000S\000t\000o\000c\000k\000\040\000E\000x\000c\000h\000a\000n\000g\000e\000s}{section.3}% 39
\BOOKMARK [3][-]{subsubsection.3.1.1}{\376\377\000T\000h\000e\000\040\000N\000Y\000S\000E}{subsection.3.1}% 40
\BOOKMARK [3][-]{subsubsection.3.1.2}{\376\377\000T\000h\000e\000\040\000N\000A\000S\000D\000A\000Q}{subsection.3.1}% 41
\BOOKMARK [2][-]{subsection.3.2}{\376\377\000S\000t\000o\000c\000k\000\040\000I\000n\000d\000i\000c\000e\000s}{section.3}% 42
\BOOKMARK [3][-]{subsubsection.3.2.1}{\376\377\000N\000Y\000S\000E\000\040\000C\000o\000m\000p\000o\000s\000i\000t\000e}{subsection.3.2}% 43
\BOOKMARK [3][-]{subsubsection.3.2.2}{\376\377\000N\000A\000S\000D\000A\000Q\000\040\000C\000o\000m\000p\000o\000s\000i\000t\000e}{subsection.3.2}% 44
\BOOKMARK [3][-]{subsubsection.3.2.3}{\376\377\000S\000\046\000P\000\040\0005\0000\0000}{subsection.3.2}% 45
\BOOKMARK [3][-]{subsubsection.3.2.4}{\376\377\000D\000o\000w\000\040\000J\000o\000n\000e\000s\000\040\000I\000n\000d\000u\000s\000t\000r\000i\000a\000l\000\040\000A\000v\000e\000r\000a\000g\000e}{subsection.3.2}% 46
\BOOKMARK [2][-]{subsection.3.3}{\376\377\000L\000a\000w\000\040\000\046\000\040\000R\000e\000g\000u\000l\000a\000t\000i\000o\000n\000\040\000o\000f\000\040\000L\000i\000s\000t\000i\000n\000g}{section.3}% 47
\BOOKMARK [1][-]{section.4}{\376\377\000R\000e\000s\000e\000a\000r\000c\000h\000\040\000M\000e\000t\000h\000o\000d\000o\000l\000o\000g\000y}{}% 48
\BOOKMARK [2][-]{subsection.4.1}{\376\377\000P\000r\000e\000l\000i\000m\000i\000n\000a\000r\000i\000e\000s}{section.4}% 49
\BOOKMARK [3][-]{subsubsection.4.1.1}{\376\377\000E\000x\000p\000e\000c\000t\000a\000t\000i\000o\000n\000s\000\040\000o\000f\000\040\000R\000e\000s\000u\000l\000t\000s}{subsection.4.1}% 50
\BOOKMARK [3][-]{subsubsection.4.1.2}{\376\377\000A\000p\000p\000r\000o\000a\000c\000h\000\040\000\046\000\040\000L\000i\000m\000i\000t\000a\000t\000i\000o\000n\000s}{subsection.4.1}% 51
\BOOKMARK [2][-]{subsection.4.2}{\376\377\000D\000a\000t\000a\000\040\000A\000c\000q\000u\000i\000s\000i\000t\000i\000o\000n\000\040\000\046\000\040\000M\000a\000n\000i\000p\000u\000l\000a\000t\000i\000o\000n}{section.4}% 52
\BOOKMARK [3][-]{subsubsection.4.2.1}{\376\377\000D\000a\000t\000a\000\040\000P\000r\000o\000c\000e\000s\000s\000i\000n\000g}{subsection.4.2}% 53
\BOOKMARK [3][-]{subsubsection.4.2.2}{\376\377\000D\000a\000t\000a\000s\000e\000t\000\040\000S\000u\000m\000m\000a\000r\000y}{subsection.4.2}% 54
\BOOKMARK [4][-]{paragraph.4.2.2.1}{\376\377\000T\000h\000e\000\040\000W\000e\000e\000k\000e\000n\000d\000\040\000E\000f\000f\000e\000c\000t}{subsubsection.4.2.2}% 55
\BOOKMARK [4][-]{paragraph.4.2.2.2}{\376\377\000T\000h\000e\000\040\000J\000a\000n\000u\000a\000r\000y\000\040\000E\000f\000f\000e\000c\000t}{subsubsection.4.2.2}% 56
\BOOKMARK [4][-]{paragraph.4.2.2.3}{\376\377\000T\000h\000e\000\040\000H\000o\000l\000i\000d\000a\000y\000\040\000E\000f\000f\000e\000c\000t}{subsubsection.4.2.2}% 57
\BOOKMARK [2][-]{subsection.4.3}{\376\377\000D\000a\000t\000a\000\040\000A\000n\000a\000l\000y\000s\000i\000s}{section.4}% 58
\BOOKMARK [3][-]{subsubsection.4.3.1}{\376\377\000R\000e\000g\000r\000e\000s\000s\000i\000o\000n\000\040\000M\000o\000d\000e\000l\000l\000i\000n\000g\000\040\000B\000a\000s\000i\000c\000s}{subsection.4.3}% 59
\BOOKMARK [4][-]{paragraph.4.3.1.1}{\376\377\000T\000h\000e\000\040\000W\000e\000e\000k\000e\000n\000d\000\040\000E\000f\000f\000e\000c\000t}{subsubsection.4.3.1}% 60
\BOOKMARK [4][-]{paragraph.4.3.1.2}{\376\377\000T\000h\000e\000\040\000J\000a\000n\000u\000a\000r\000y\000\040\000E\000f\000f\000e\000c\000t}{subsubsection.4.3.1}% 61
\BOOKMARK [4][-]{paragraph.4.3.1.3}{\376\377\000T\000h\000e\000\040\000H\000o\000l\000i\000d\000a\000y\000\040\000E\000f\000f\000e\000c\000t}{subsubsection.4.3.1}% 62
\BOOKMARK [3][-]{subsubsection.4.3.2}{\376\377\000H\000y\000p\000o\000t\000h\000e\000s\000i\000s\000\040\000T\000e\000s\000t\000i\000n\000g\000\040\000B\000a\000s\000i\000c\000s}{subsection.4.3}% 63
\BOOKMARK [3][-]{subsubsection.4.3.3}{\376\377\000S\000e\000r\000i\000e\000s\000\040\000o\000f\000\040\000H\000y\000p\000o\000t\000h\000e\000s\000i\000s\000\040\000T\000e\000s\000t\000s}{subsection.4.3}% 64
\BOOKMARK [4][-]{paragraph.4.3.3.1}{\376\377\000T\000h\000e\000\040\000W\000e\000e\000k\000e\000n\000d\000\040\000E\000f\000f\000e\000c\000t}{subsubsection.4.3.3}% 65
\BOOKMARK [4][-]{paragraph.4.3.3.2}{\376\377\000T\000h\000e\000\040\000J\000a\000n\000u\000a\000r\000y\000\040\000E\000f\000f\000e\000c\000t}{subsubsection.4.3.3}% 66
\BOOKMARK [4][-]{paragraph.4.3.3.3}{\376\377\000T\000h\000e\000\040\000H\000o\000l\000i\000d\000a\000y\000\040\000E\000f\000f\000e\000c\000t}{subsubsection.4.3.3}% 67
\BOOKMARK [2][-]{subsection.4.4}{\376\377\000S\000u\000m\000m\000a\000r\000y\000\040\000S\000t\000a\000t\000i\000s\000t\000i\000c\000s}{section.4}% 68
\BOOKMARK [1][-]{section.5}{\376\377\000E\000m\000p\000i\000r\000i\000c\000a\000l\000\040\000R\000e\000s\000e\000a\000r\000c\000h}{}% 69
\BOOKMARK [2][-]{subsection.5.1}{\376\377\000S\000u\000c\000c\000e\000e\000d\000i\000n\000g\000\040\000P\000a\000s\000t\000\040\000L\000i\000t\000e\000r\000a\000t\000u\000r\000e}{section.5}% 70
\BOOKMARK [2][-]{subsection.5.2}{\376\377\000H\000i\000s\000t\000o\000r\000i\000c\000a\000l\000\040\000R\000e\000t\000u\000r\000n\000s}{section.5}% 71
\BOOKMARK [2][-]{subsection.5.3}{\376\377\000R\000e\000s\000u\000l\000t\000s\000\040\000S\000u\000m\000m\000a\000r\000y}{section.5}% 72
\BOOKMARK [2][-]{subsection.5.4}{\376\377\000T\000h\000e\000\040\000W\000e\000e\000k\000e\000n\000d\000\040\000E\000f\000f\000e\000c\000t}{section.5}% 73
\BOOKMARK [3][-]{subsubsection.5.4.1}{\376\377\000T\000h\000e\000\040\000N\000Y\000S\000E\000\040\000C\000o\000m\000p\000o\000s\000i\000t\000e\000\040\000I\000n\000d\000e\000x}{subsection.5.4}% 74
\BOOKMARK [3][-]{subsubsection.5.4.2}{\376\377\000T\000h\000e\000\040\000N\000A\000S\000D\000A\000Q\000\040\000C\000o\000m\000p\000o\000s\000i\000t\000e\000\040\000I\000n\000d\000e\000x}{subsection.5.4}% 75
\BOOKMARK [3][-]{subsubsection.5.4.3}{\376\377\000T\000h\000e\000\040\000S\000\046\000P\000\040\0005\0000\0000}{subsection.5.4}% 76
\BOOKMARK [2][-]{subsection.5.5}{\376\377\000T\000h\000e\000\040\000J\000a\000n\000u\000a\000r\000y\000\040\000E\000f\000f\000e\000c\000t}{section.5}% 77
\BOOKMARK [3][-]{subsubsection.5.5.1}{\376\377\000T\000h\000e\000\040\000N\000Y\000S\000E\000\040\000C\000o\000m\000p\000o\000s\000i\000t\000e\000\040\000I\000n\000d\000e\000x}{subsection.5.5}% 78
\BOOKMARK [3][-]{subsubsection.5.5.2}{\376\377\000T\000h\000e\000\040\000N\000A\000S\000D\000A\000Q\000\040\000C\000o\000m\000p\000o\000s\000i\000t\000e\000\040\000I\000n\000d\000e\000x}{subsection.5.5}% 79
\BOOKMARK [3][-]{subsubsection.5.5.3}{\376\377\000T\000h\000e\000\040\000S\000\046\000P\000\040\0005\0000\0000}{subsection.5.5}% 80
\BOOKMARK [2][-]{subsection.5.6}{\376\377\000T\000h\000e\000\040\000H\000o\000l\000i\000d\000a\000y\000\040\000E\000f\000f\000e\000c\000t}{section.5}% 81
\BOOKMARK [3][-]{subsubsection.5.6.1}{\376\377\000T\000h\000e\000\040\000N\000Y\000S\000E\000\040\000C\000o\000m\000p\000o\000s\000i\000t\000e\000\040\000I\000n\000d\000e\000x}{subsection.5.6}% 82
\BOOKMARK [4][-]{paragraph.5.6.1.1}{\376\377\000S\000t\000a\000n\000d\000a\000r\000d\000\040\000O\000b\000s\000e\000r\000v\000a\000t\000i\000o\000n\000s}{subsubsection.5.6.1}% 83
\BOOKMARK [4][-]{paragraph.5.6.1.2}{\376\377\000O\000m\000i\000t\000t\000i\000n\000g\000\040\000P\000r\000e\000-\000H\000o\000l\000i\000d\000a\000y\000\040\000F\000r\000i\000d\000a\000y\000s}{subsubsection.5.6.1}% 84
\BOOKMARK [4][-]{paragraph.5.6.1.3}{\376\377\000O\000m\000i\000t\000t\000i\000n\000g\000\040\000W\000i\000n\000t\000e\000r\000\040\000W\000e\000e\000k\000e\000n\000d\000s}{subsubsection.5.6.1}% 85
\BOOKMARK [4][-]{paragraph.5.6.1.4}{\376\377\000O\000m\000i\000t\000t\000i\000n\000g\000\040\000C\000h\000r\000i\000s\000t\000m\000a\000s\000\040\000D\000a\000y\000s}{subsubsection.5.6.1}% 86
\BOOKMARK [4][-]{paragraph.5.6.1.5}{\376\377\000O\000m\000i\000t\000t\000i\000n\000g\000\040\000N\000e\000w\000\040\000Y\000e\000a\000r\040\031\000s\000\040\000D\000a\000y\000s}{subsubsection.5.6.1}% 87
\BOOKMARK [3][-]{subsubsection.5.6.2}{\376\377\000T\000h\000e\000\040\000N\000A\000S\000D\000A\000Q\000\040\000C\000o\000m\000p\000o\000s\000i\000t\000e\000\040\000I\000n\000d\000e\000x}{subsection.5.6}% 88
\BOOKMARK [4][-]{paragraph.5.6.2.1}{\376\377\000S\000t\000a\000n\000d\000a\000r\000d\000\040\000O\000b\000s\000e\000r\000v\000a\000t\000i\000o\000n}{subsubsection.5.6.2}% 89
\BOOKMARK [4][-]{paragraph.5.6.2.2}{\376\377\000O\000m\000i\000t\000t\000i\000n\000g\000\040\000P\000r\000e\000-\000H\000o\000l\000i\000d\000a\000y\000\040\000F\000r\000i\000d\000a\000y\000s}{subsubsection.5.6.2}% 90
\BOOKMARK [4][-]{paragraph.5.6.2.3}{\376\377\000O\000m\000i\000t\000t\000i\000n\000g\000\040\000W\000i\000n\000t\000e\000r\000\040\000W\000e\000e\000k\000e\000n\000d\000s}{subsubsection.5.6.2}% 91
\BOOKMARK [4][-]{paragraph.5.6.2.4}{\376\377\000O\000m\000i\000t\000t\000i\000n\000g\000\040\000C\000h\000r\000i\000s\000t\000m\000a\000s\000\040\000D\000a\000y\000s}{subsubsection.5.6.2}% 92
\BOOKMARK [4][-]{paragraph.5.6.2.5}{\376\377\000O\000m\000i\000t\000t\000i\000n\000g\000\040\000N\000e\000w\000\040\000Y\000e\000a\000r\040\031\000s\000\040\000D\000a\000y\000s}{subsubsection.5.6.2}% 93
\BOOKMARK [3][-]{subsubsection.5.6.3}{\376\377\000T\000h\000e\000\040\000S\000\046\000P\000\040\0005\0000\0000}{subsection.5.6}% 94
\BOOKMARK [4][-]{paragraph.5.6.3.1}{\376\377\000S\000t\000a\000n\000d\000a\000r\000d\000\040\000O\000b\000s\000e\000r\000v\000a\000t\000i\000o\000n}{subsubsection.5.6.3}% 95
\BOOKMARK [4][-]{paragraph.5.6.3.2}{\376\377\000O\000m\000i\000t\000t\000i\000n\000g\000\040\000P\000r\000e\000-\000H\000o\000l\000i\000d\000a\000y\000\040\000F\000r\000i\000d\000a\000y\000s}{subsubsection.5.6.3}% 96
\BOOKMARK [4][-]{paragraph.5.6.3.3}{\376\377\000O\000m\000i\000t\000t\000i\000n\000g\000\040\000W\000i\000n\000t\000e\000r\000\040\000W\000e\000e\000k\000e\000n\000d\000s}{subsubsection.5.6.3}% 97
\BOOKMARK [4][-]{paragraph.5.6.3.4}{\376\377\000O\000m\000i\000t\000t\000i\000n\000g\000\040\000C\000h\000r\000i\000s\000t\000m\000a\000s\000\040\000D\000a\000y\000s}{subsubsection.5.6.3}% 98
\BOOKMARK [4][-]{paragraph.5.6.3.5}{\376\377\000O\000m\000i\000t\000t\000i\000n\000g\000\040\000N\000e\000w\000\040\000Y\000e\000a\000r\040\031\000s\000\040\000D\000a\000y\000s}{subsubsection.5.6.3}% 99
\BOOKMARK [2][-]{subsection.5.7}{\376\377\000M\000e\000a\000s\000u\000r\000e\000s\000\040\000o\000f\000\040\000M\000o\000d\000e\000l\000\040\000I\000n\000t\000e\000g\000r\000i\000t\000y}{section.5}% 100
\BOOKMARK [2][-]{subsection.5.8}{\376\377\000Q\000u\000e\000s\000t\000i\000o\000n\000\040\000\046\000\040\000A\000n\000s\000w\000e\000r\000\040\000S\000u\000m\000m\000a\000r\000y}{section.5}% 101
\BOOKMARK [1][-]{section.6}{\376\377\000R\000e\000s\000e\000a\000r\000c\000h\000\040\000C\000o\000n\000c\000l\000u\000s\000i\000o\000n\000s}{}% 102
\BOOKMARK [2][-]{subsection.6.1}{\376\377\000D\000o\000e\000s\000\040\000F\000a\000m\000a\040\031\000s\000\040\000\050\0001\0009\0007\0000\000\051\000\040\000E\000M\000H\000\040\000H\000o\000l\000d\000\040\000I\000n\000\040\000P\000r\000a\000c\000t\000i\000c\000e\000?}{section.6}% 103
\BOOKMARK [2][-]{subsection.6.2}{\376\377\000I\000s\000\040\000t\000h\000e\000\040\000S\000e\000a\000s\000o\000n\000a\000l\000\040\000E\000f\000f\000e\000c\000t\000\040\000P\000r\000e\000s\000e\000n\000t\000\040\000i\000n\000\040\000t\000h\000e\000\040\000U\000S\000\040\000M\000a\000r\000k\000e\000t\000?}{section.6}% 104
\BOOKMARK [3][-]{subsubsection.6.2.1}{\376\377\000D\000o\000e\000s\000\040\000t\000h\000e\000\040\000W\000e\000e\000k\000e\000n\000d\000\040\000E\000f\000f\000e\000c\000t\000\040\000E\000x\000i\000s\000t\000?}{subsection.6.2}% 105
\BOOKMARK [3][-]{subsubsection.6.2.2}{\376\377\000D\000o\000e\000s\000\040\000t\000h\000e\000\040\000J\000a\000n\000u\000a\000r\000y\000\040\000E\000f\000f\000e\000c\000t\000\040\000E\000x\000i\000s\000t\000?}{subsection.6.2}% 106
\BOOKMARK [3][-]{subsubsection.6.2.3}{\376\377\000D\000o\000e\000s\000\040\000t\000h\000e\000\040\000H\000o\000l\000i\000d\000a\000y\000\040\000E\000f\000f\000e\000c\000t\000\040\000E\000x\000i\000s\000t\000?}{subsection.6.2}% 107
\BOOKMARK [2][-]{subsection.6.3}{\376\377\000W\000h\000a\000t\000\040\000D\000r\000i\000v\000e\000s\000\040\000A\000b\000n\000o\000r\000m\000a\000l\000\040\000R\000e\000t\000u\000r\000n\000s\000?}{section.6}% 108
\BOOKMARK [3][-]{subsubsection.6.3.1}{\376\377\000I\000s\000\040\000t\000h\000e\000\040\000H\000o\000l\000i\000d\000a\000y\000\040\000E\000f\000f\000e\000c\000t\000\040\000S\000i\000g\000n\000i\000f\000i\000c\000a\000n\000t\000l\000y\000\040\000I\000n\000f\000l\000u\000e\000n\000c\000e\000d\000\040\000B\000y\000\040\000P\000r\000e\000-\000H\000o\000l\000i\000d\000a\000y\000\040\000F\000r\000i\000d\000a\000y\000s\000?}{subsection.6.3}% 109
\BOOKMARK [3][-]{subsubsection.6.3.2}{\376\377\000I\000s\000\040\000t\000h\000e\000\040\000H\000o\000l\000i\000d\000a\000y\000\040\000E\000f\000f\000e\000c\000t\000\040\000S\000i\000g\000n\000i\000f\000i\000c\000a\000n\000t\000l\000y\000\040\000I\000n\000f\000l\000u\000e\000n\000c\000e\000d\000\040\000B\000y\000\040\000W\000i\000n\000t\000e\000r\000\040\000W\000e\000e\000k\000e\000n\000d\000s\000?}{subsection.6.3}% 110
\BOOKMARK [3][-]{subsubsection.6.3.3}{\376\377\000I\000s\000\040\000t\000h\000e\000\040\000H\000o\000l\000i\000d\000a\000y\000\040\000E\000f\000f\000e\000c\000t\000\040\000S\000i\000g\000n\000i\000f\000i\000c\000a\000n\000t\000l\000y\000\040\000I\000n\000f\000l\000u\000e\000n\000c\000e\000d\000\040\000B\000y\000\040\000C\000h\000r\000i\000s\000t\000m\000a\000s\000\040\000D\000a\000y\000s\000?}{subsection.6.3}% 111
\BOOKMARK [3][-]{subsubsection.6.3.4}{\376\377\000I\000s\000\040\000t\000h\000e\000\040\000H\000o\000l\000i\000d\000a\000y\000\040\000E\000f\000f\000e\000c\000t\000\040\000S\000i\000g\000n\000i\000f\000i\000c\000a\000n\000t\000l\000y\000\040\000I\000n\000f\000l\000u\000e\000n\000c\000e\000d\000\040\000B\000y\000\040\000N\000e\000w\000\040\000Y\000e\000a\000r\000?}{subsection.6.3}% 112
\BOOKMARK [2][-]{subsection.6.4}{\376\377\000F\000i\000n\000a\000l\000\040\000N\000o\000t\000e\000s}{section.6}% 113
