This is pdfTeX, Version 3.14159265-2.6-1.40.20 (TeX Live 2019) (preloaded format=pdflatex 2019.12.22)  20 JAN 2021 17:52
entering extended mode
 restricted \write18 enabled.
 %&-line parsing enabled.
**main.tex
(./main.tex
LaTeX2e <2018-12-01>
(/usr/local/texlive/2019/texmf-dist/tex/latex/base/article.cls
Document Class: article 2018/09/03 v1.4i Standard LaTeX document class
(/usr/local/texlive/2019/texmf-dist/tex/latex/base/size11.clo
File: size11.clo 2018/09/03 v1.4i Standard LaTeX file (size option)
)
\c@part=\count80
\c@section=\count81
\c@subsection=\count82
\c@subsubsection=\count83
\c@paragraph=\count84
\c@subparagraph=\count85
\c@figure=\count86
\c@table=\count87
\abovecaptionskip=\skip41
\belowcaptionskip=\skip42
\bibindent=\dimen102
)
(/usr/local/texlive/2019/texmf-dist/tex/latex/geometry/geometry.sty
Package: geometry 2018/04/16 v5.8 Page Geometry

(/usr/local/texlive/2019/texmf-dist/tex/latex/graphics/keyval.sty
Package: keyval 2014/10/28 v1.15 key=value parser (DPC)
\KV@toks@=\toks14
)
(/usr/local/texlive/2019/texmf-dist/tex/generic/oberdiek/ifpdf.sty
Package: ifpdf 2018/09/07 v3.3 Provides the ifpdf switch
)
(/usr/local/texlive/2019/texmf-dist/tex/generic/oberdiek/ifvtex.sty
Package: ifvtex 2016/05/16 v1.6 Detect VTeX and its facilities (HO)
Package ifvtex Info: VTeX not detected.
)
(/usr/local/texlive/2019/texmf-dist/tex/generic/ifxetex/ifxetex.sty
Package: ifxetex 2010/09/12 v0.6 Provides ifxetex conditional
)
\Gm@cnth=\count88
\Gm@cntv=\count89
\c@Gm@tempcnt=\count90
\Gm@bindingoffset=\dimen103
\Gm@wd@mp=\dimen104
\Gm@odd@mp=\dimen105
\Gm@even@mp=\dimen106
\Gm@layoutwidth=\dimen107
\Gm@layoutheight=\dimen108
\Gm@layouthoffset=\dimen109
\Gm@layoutvoffset=\dimen110
\Gm@dimlist=\toks15
)

Package geometry Warning: Over-specification in `h'-direction.
    `width' (597.50787pt) is ignored.


Package geometry Warning: Over-specification in `v'-direction.
    `height' (845.04684pt) is ignored.

(/usr/local/texlive/2019/texmf-dist/tex/latex/titlesec/titlesec.sty
Package: titlesec 2016/03/21 v2.10.2 Sectioning titles
\ttl@box=\box27
\beforetitleunit=\skip43
\aftertitleunit=\skip44
\ttl@plus=\dimen111
\ttl@minus=\dimen112
\ttl@toksa=\toks16
\titlewidth=\dimen113
\titlewidthlast=\dimen114
\titlewidthfirst=\dimen115
)
(/usr/local/texlive/2019/texmf-dist/tex/latex/caption/caption.sty
Package: caption 2018/10/06 v3.3-154 Customizing captions (AR)

(/usr/local/texlive/2019/texmf-dist/tex/latex/caption/caption3.sty
Package: caption3 2018/09/12 v1.8c caption3 kernel (AR)
Package caption3 Info: TeX engine: e-TeX on input line 64.
\captionmargin=\dimen116
\captionmargin@=\dimen117
\captionwidth=\dimen118
\caption@tempdima=\dimen119
\caption@indent=\dimen120
\caption@parindent=\dimen121
\caption@hangindent=\dimen122
)
\c@caption@flags=\count91
\c@ContinuedFloat=\count92
)
(/usr/local/texlive/2019/texmf-dist/tex/latex/float/float.sty
Package: float 2001/11/08 v1.3d Float enhancements (AL)
\c@float@type=\count93
\float@exts=\toks17
\float@box=\box28
\@float@everytoks=\toks18
\@floatcapt=\box29
)
(/usr/local/texlive/2019/texmf-dist/tex/latex/tools/longtable.sty
Package: longtable 2014/10/28 v4.11 Multi-page Table package (DPC)+ FMi change
\LTleft=\skip45
\LTright=\skip46
\LTpre=\skip47
\LTpost=\skip48
\LTchunksize=\count94
\LTcapwidth=\dimen123
\LT@head=\box30
\LT@firsthead=\box31
\LT@foot=\box32
\LT@lastfoot=\box33
\LT@cols=\count95
\LT@rows=\count96
\c@LT@tables=\count97
\c@LT@chunks=\count98
\LT@p@ftn=\toks19
)
(/usr/local/texlive/2019/texmf-dist/tex/latex/tools/multicol.sty
Package: multicol 2018/12/27 v1.8v multicolumn formatting (FMi)
\c@tracingmulticols=\count99
\mult@box=\box34
\multicol@leftmargin=\dimen124
\c@unbalance=\count100
\c@collectmore=\count101
\doublecol@number=\count102
\multicoltolerance=\count103
\multicolpretolerance=\count104
\full@width=\dimen125
\page@free=\dimen126
\premulticols=\dimen127
\postmulticols=\dimen128
\multicolsep=\skip49
\multicolbaselineskip=\skip50
\partial@page=\box35
\last@line=\box36
\maxbalancingoverflow=\dimen129
\mult@rightbox=\box37
\mult@grightbox=\box38
\mult@gfirstbox=\box39
\mult@firstbox=\box40
\@tempa=\box41
\@tempa=\box42
\@tempa=\box43
\@tempa=\box44
\@tempa=\box45
\@tempa=\box46
\@tempa=\box47
\@tempa=\box48
\@tempa=\box49
\@tempa=\box50
\@tempa=\box51
\@tempa=\box52
\@tempa=\box53
\@tempa=\box54
\@tempa=\box55
\@tempa=\box56
\@tempa=\box57
\c@columnbadness=\count105
\c@finalcolumnbadness=\count106
\last@try=\dimen130
\multicolovershoot=\dimen131
\multicolundershoot=\dimen132
\mult@nat@firstbox=\box58
\colbreak@box=\box59
\mc@col@check@num=\count107
)
(/usr/local/texlive/2019/texmf-dist/tex/latex/multirow/multirow.sty
Package: multirow 2019/01/01 v2.4 Span multiple rows of a table
\multirow@colwidth=\skip51
\multirow@cntb=\count108
\multirow@dima=\skip52
\bigstrutjot=\dimen133
)
(/usr/local/texlive/2019/texmf-dist/tex/latex/amsmath/amsmath.sty
Package: amsmath 2018/12/01 v2.17b AMS math features
\@mathmargin=\skip53

For additional information on amsmath, use the `?' option.
(/usr/local/texlive/2019/texmf-dist/tex/latex/amsmath/amstext.sty
Package: amstext 2000/06/29 v2.01 AMS text

(/usr/local/texlive/2019/texmf-dist/tex/latex/amsmath/amsgen.sty
File: amsgen.sty 1999/11/30 v2.0 generic functions
\@emptytoks=\toks20
\ex@=\dimen134
))
(/usr/local/texlive/2019/texmf-dist/tex/latex/amsmath/amsbsy.sty
Package: amsbsy 1999/11/29 v1.2d Bold Symbols
\pmbraise@=\dimen135
)
(/usr/local/texlive/2019/texmf-dist/tex/latex/amsmath/amsopn.sty
Package: amsopn 2016/03/08 v2.02 operator names
)
\inf@bad=\count109
LaTeX Info: Redefining \frac on input line 223.
\uproot@=\count110
\leftroot@=\count111
LaTeX Info: Redefining \overline on input line 385.
\classnum@=\count112
\DOTSCASE@=\count113
LaTeX Info: Redefining \ldots on input line 482.
LaTeX Info: Redefining \dots on input line 485.
LaTeX Info: Redefining \cdots on input line 606.
\Mathstrutbox@=\box60
\strutbox@=\box61
\big@size=\dimen136
LaTeX Font Info:    Redeclaring font encoding OML on input line 729.
LaTeX Font Info:    Redeclaring font encoding OMS on input line 730.
\macc@depth=\count114
\c@MaxMatrixCols=\count115
\dotsspace@=\muskip10
\c@parentequation=\count116
\dspbrk@lvl=\count117
\tag@help=\toks21
\row@=\count118
\column@=\count119
\maxfields@=\count120
\andhelp@=\toks22
\eqnshift@=\dimen137
\alignsep@=\dimen138
\tagshift@=\dimen139
\tagwidth@=\dimen140
\totwidth@=\dimen141
\lineht@=\dimen142
\@envbody=\toks23
\multlinegap=\skip54
\multlinetaggap=\skip55
\mathdisplay@stack=\toks24
LaTeX Info: Redefining \[ on input line 2844.
LaTeX Info: Redefining \] on input line 2845.
)
(/usr/local/texlive/2019/texmf-dist/tex/latex/graphics/graphicx.sty
Package: graphicx 2017/06/01 v1.1a Enhanced LaTeX Graphics (DPC,SPQR)

(/usr/local/texlive/2019/texmf-dist/tex/latex/graphics/graphics.sty
Package: graphics 2017/06/25 v1.2c Standard LaTeX Graphics (DPC,SPQR)

(/usr/local/texlive/2019/texmf-dist/tex/latex/graphics/trig.sty
Package: trig 2016/01/03 v1.10 sin cos tan (DPC)
)
(/usr/local/texlive/2019/texmf-dist/tex/latex/graphics-cfg/graphics.cfg
File: graphics.cfg 2016/06/04 v1.11 sample graphics configuration
)
Package graphics Info: Driver file: pdftex.def on input line 99.

(/usr/local/texlive/2019/texmf-dist/tex/latex/graphics-def/pdftex.def
File: pdftex.def 2018/01/08 v1.0l Graphics/color driver for pdftex
))
\Gin@req@height=\dimen143
\Gin@req@width=\dimen144
)
(/usr/local/texlive/2019/texmf-dist/tex/latex/tipa/tipa.sty
Package: tipa 2002/08/08 TIPA version 1.1

(/usr/local/texlive/2019/texmf-dist/tex/latex/base/fontenc.sty
Package: fontenc 2018/08/11 v2.0j Standard LaTeX package

(/usr/local/texlive/2019/texmf-dist/tex/latex/tipa/t3enc.def
File: t3enc.def 2001/12/31 T3 encoding
Now handling font encoding T3 ...
... no UTF-8 mapping file for font encoding T3
)
(/usr/local/texlive/2019/texmf-dist/tex/latex/base/ot1enc.def
File: ot1enc.def 2018/08/11 v2.0j Standard LaTeX file
LaTeX Font Info:    Redeclaring font encoding OT1 on input line 48.
)))
(/usr/local/texlive/2019/texmf-dist/tex/generic/babel/babel.sty
Package: babel 2019/05/04 3.31 The Babel package

(/usr/local/texlive/2019/texmf-dist/tex/generic/babel/switch.def
File: switch.def 2019/05/04 3.31 Babel switching mechanism
)
Package babel Info: You haven't specified a language. I'll use 'nil'
(babel)             as the main language. Reported on input line 544.

(/usr/local/texlive/2019/texmf-dist/tex/generic/babel/nil.ldf
Language: nil 2019/05/04 3.31 Nil language

(/usr/local/texlive/2019/texmf-dist/tex/generic/babel/babel.def
File: babel.def 2019/05/04 3.31 Babel common definitions
\babel@savecnt=\count121
\U@D=\dimen145

(/usr/local/texlive/2019/texmf-dist/tex/generic/babel/txtbabel.def)
\bbl@dirlevel=\count122
)))

LaTeX Warning: Unused global option(s):
    [a4].

(./main.aux)
\openout1 = `main.aux'.

LaTeX Font Info:    Checking defaults for OML/cmm/m/it on input line 69.
LaTeX Font Info:    ... okay on input line 69.
LaTeX Font Info:    Checking defaults for T1/cmr/m/n on input line 69.
LaTeX Font Info:    ... okay on input line 69.
LaTeX Font Info:    Checking defaults for OT1/cmr/m/n on input line 69.
LaTeX Font Info:    ... okay on input line 69.
LaTeX Font Info:    Checking defaults for OMS/cmsy/m/n on input line 69.
LaTeX Font Info:    ... okay on input line 69.
LaTeX Font Info:    Checking defaults for OMX/cmex/m/n on input line 69.
LaTeX Font Info:    ... okay on input line 69.
LaTeX Font Info:    Checking defaults for U/cmr/m/n on input line 69.
LaTeX Font Info:    ... okay on input line 69.
LaTeX Font Info:    Checking defaults for T3/cmr/m/n on input line 69.
LaTeX Font Info:    Try loading font information for T3+cmr on input line 69.
 (/usr/local/texlive/2019/texmf-dist/tex/latex/tipa/t3cmr.fd
File: t3cmr.fd 2001/12/31 TIPA font definitions
)
LaTeX Font Info:    ... okay on input line 69.

*geometry* driver: auto-detecting
*geometry* detected driver: pdftex
*geometry* verbose mode - [ preamble ] result:
* driver: pdftex
* paper: a4paper
* layout: <same size as paper>
* layoutoffset:(h,v)=(0.0pt,0.0pt)
* modes: 
* h-part:(L,W,R)=(92.756pt, 411.99588pt, 92.756pt)
* v-part:(T,H,B)=(116.08725pt, 612.87234pt, 116.08725pt)
* \paperwidth=597.50787pt
* \paperheight=845.04684pt
* \textwidth=411.99588pt
* \textheight=612.87234pt
* \oddsidemargin=20.48601pt
* \evensidemargin=20.48601pt
* \topmargin=6.81726pt
* \headheight=12.0pt
* \headsep=25.0pt
* \topskip=11.0pt
* \footskip=30.0pt
* \marginparwidth=59.0pt
* \marginparsep=10.0pt
* \columnsep=10.0pt
* \skip\footins=10.0pt plus 4.0pt minus 2.0pt
* \hoffset=0.0pt
* \voffset=0.0pt
* \mag=1000
* \@twocolumnfalse
* \@twosidefalse
* \@mparswitchfalse
* \@reversemarginfalse
* (1in=72.27pt=25.4mm, 1cm=28.453pt)

Package caption Info: Begin \AtBeginDocument code.
Package caption Info: float package is loaded.
Package caption Info: longtable package is loaded.
(/usr/local/texlive/2019/texmf-dist/tex/latex/caption/ltcaption.sty
Package: ltcaption 2018/08/26 v1.4-95 longtable captions (AR)
)
Package caption Info: End \AtBeginDocument code.

(/usr/local/texlive/2019/texmf-dist/tex/context/base/mkii/supp-pdf.mkii
[Loading MPS to PDF converter (version 2006.09.02).]
\scratchcounter=\count123
\scratchdimen=\dimen146
\scratchbox=\box62
\nofMPsegments=\count124
\nofMParguments=\count125
\everyMPshowfont=\toks25
\MPscratchCnt=\count126
\MPscratchDim=\dimen147
\MPnumerator=\count127
\makeMPintoPDFobject=\count128
\everyMPtoPDFconversion=\toks26
) (/usr/local/texlive/2019/texmf-dist/tex/latex/oberdiek/epstopdf-base.sty
Package: epstopdf-base 2016/05/15 v2.6 Base part for package epstopdf

(/usr/local/texlive/2019/texmf-dist/tex/generic/oberdiek/infwarerr.sty
Package: infwarerr 2016/05/16 v1.4 Providing info/warning/error messages (HO)
)
(/usr/local/texlive/2019/texmf-dist/tex/latex/oberdiek/grfext.sty
Package: grfext 2016/05/16 v1.2 Manage graphics extensions (HO)

(/usr/local/texlive/2019/texmf-dist/tex/generic/oberdiek/kvdefinekeys.sty
Package: kvdefinekeys 2016/05/16 v1.4 Define keys (HO)

(/usr/local/texlive/2019/texmf-dist/tex/generic/oberdiek/ltxcmds.sty
Package: ltxcmds 2016/05/16 v1.23 LaTeX kernel commands for general use (HO)
)))
(/usr/local/texlive/2019/texmf-dist/tex/latex/oberdiek/kvoptions.sty
Package: kvoptions 2016/05/16 v3.12 Key value format for package options (HO)

(/usr/local/texlive/2019/texmf-dist/tex/generic/oberdiek/kvsetkeys.sty
Package: kvsetkeys 2016/05/16 v1.17 Key value parser (HO)

(/usr/local/texlive/2019/texmf-dist/tex/generic/oberdiek/etexcmds.sty
Package: etexcmds 2016/05/16 v1.6 Avoid name clashes with e-TeX commands (HO)

(/usr/local/texlive/2019/texmf-dist/tex/generic/oberdiek/ifluatex.sty
Package: ifluatex 2016/05/16 v1.4 Provides the ifluatex switch (HO)
Package ifluatex Info: LuaTeX not detected.
))))
(/usr/local/texlive/2019/texmf-dist/tex/generic/oberdiek/pdftexcmds.sty
Package: pdftexcmds 2018/09/10 v0.29 Utility functions of pdfTeX for LuaTeX (HO
)
Package pdftexcmds Info: LuaTeX not detected.
Package pdftexcmds Info: \pdf@primitive is available.
Package pdftexcmds Info: \pdf@ifprimitive is available.
Package pdftexcmds Info: \pdfdraftmode found.
)
Package epstopdf-base Info: Redefining graphics rule for `.eps' on input line 4
38.
Package grfext Info: Graphics extension search list:
(grfext)             [.pdf,.png,.jpg,.mps,.jpeg,.jbig2,.jb2,.PDF,.PNG,.JPG,.JPE
G,.JBIG2,.JB2,.eps]
(grfext)             \AppendGraphicsExtensions on input line 456.

(/usr/local/texlive/2019/texmf-dist/tex/latex/latexconfig/epstopdf-sys.cfg
File: epstopdf-sys.cfg 2010/07/13 v1.3 Configuration of (r)epstopdf for TeX Liv
e
))
[1

{/usr/local/texlive/2019/texmf-var/fonts/map/pdftex/updmap/pdftex.map}]
[1]

LaTeX Font Warning: Font shape `OT1/cmr/bx/n' in size <18> not available
(Font)              size <17.28> substituted on input line 123.


Underfull \hbox (badness 10000) in paragraph at lines 125--126

 []


Underfull \hbox (badness 10000) in paragraph at lines 127--129

 []

LaTeX Font Info:    Try loading font information for OMS+cmr on input line 130.

(/usr/local/texlive/2019/texmf-dist/tex/latex/base/omscmr.fd
File: omscmr.fd 2014/09/29 v2.5h Standard LaTeX font definitions
)
LaTeX Font Info:    Font shape `OMS/cmr/m/n' in size <10.95> not available
(Font)              Font shape `OMS/cmsy/m/n' tried instead on input line 130.

Underfull \hbox (badness 10000) in paragraph at lines 130--131

 []


Underfull \hbox (badness 10000) in paragraph at lines 132--133

 []


Underfull \hbox (badness 10000) in paragraph at lines 134--135

 []


Underfull \hbox (badness 10000) in paragraph at lines 136--137

 []

[2]
Underfull \hbox (badness 10000) in paragraph at lines 145--146

 []


Underfull \hbox (badness 10000) in paragraph at lines 147--148

 []


Underfull \hbox (badness 10000) in paragraph at lines 149--150

 []

[3]
Underfull \hbox (badness 10000) in paragraph at lines 158--159

 []


Underfull \hbox (badness 10000) in paragraph at lines 160--161

 []


Underfull \hbox (badness 10000) in paragraph at lines 162--163

 []


Underfull \hbox (badness 10000) in paragraph at lines 164--165

 []


Underfull \hbox (badness 10000) in paragraph at lines 166--167

 []

[4] [5] (./main.toc [6] [7] [8])
\tf@toc=\write3
\openout3 = `main.toc'.

 [9] (./main.lot)
\tf@lot=\write4
\openout4 = `main.lot'.

 (./main.lof [10])
\tf@lof=\write5
\openout5 = `main.lof'.

 [11]
Underfull \hbox (badness 10000) in paragraph at lines 195--196

 []


Underfull \hbox (badness 10000) in paragraph at lines 197--198

 []


Overfull \hbox (2.73589pt too wide) in paragraph at lines 199--200
\OT1/cmr/m/n/10.95 returns throughout subsequent market and corporate growth, e
ven as close to foundation
 []

[1] [2]
Underfull \hbox (badness 10000) in paragraph at lines 206--207

 []


Underfull \hbox (badness 10000) in paragraph at lines 208--209

 []

[3]
Underfull \hbox (badness 10000) in paragraph at lines 216--217

 []

[4]
Overfull \hbox (10.82674pt too wide) in paragraph at lines 259--260
\OT1/cmr/m/n/10.95 Efficient market anomalies are anything which fundamentally 
contradict market efficiency;
 []

[5]
Underfull \hbox (badness 10000) in paragraph at lines 269--270

 []


Overfull \hbox (2.09723pt too wide) in paragraph at lines 271--272
[]\OT1/cmr/bx/n/10.95 3 United States Stock Exchange: \OT1/cmr/m/n/10.95 Breakd
own of the United States market, focussing
 []


Overfull \hbox (18.09633pt too wide) in paragraph at lines 271--272
\OT1/cmr/m/n/10.95 research is relevant becomes apparent through understanding 
of market structure regulation
 []


Underfull \hbox (badness 10000) in paragraph at lines 271--272

 []


Underfull \hbox (badness 10000) in paragraph at lines 273--274

 []


Underfull \hbox (badness 10000) in paragraph at lines 275--276

 []

[6]
Overfull \hbox (13.01678pt too wide) in paragraph at lines 290--291
\OT1/cmr/m/n/10.95 Analysing Seasonal Effects provides a starting point to gain
 understanding of opportunities
 []

[7]
Underfull \hbox (badness 10000) in paragraph at lines 302--303

 []


Underfull \hbox (badness 10000) in paragraph at lines 304--305

 []


Overfull \hbox (8.36295pt too wide) in paragraph at lines 312--313
[]\OT1/cmr/m/n/10.95 Under Weak Form efficiency, current stock prices are said 
to reflect all historic information
 []

[8]
Overfull \hbox (21.50304pt too wide) in paragraph at lines 320--321
\OT1/cmr/m/n/10.95 current prices reflect all aforementioned information with t
he addition of insider information;
 []

[9]
Overfull \hbox (0.57625pt too wide) in paragraph at lines 332--333
[]\OT1/cmr/m/n/10.95 Day-of-the-Week Effect is comprised of the Monday and Frid
ay Effect, which collectively
 []


Overfull \hbox (9.26537pt too wide) in paragraph at lines 332--333
\OT1/cmr/m/n/10.95 form the `Weekend Effect'. The Monday Effect states that Mon
day returns are historically
 []


Underfull \hbox (badness 10000) in paragraph at lines 336--337

 []


Overfull \hbox (19.68816pt too wide) in paragraph at lines 338--339
\OT1/cmr/m/n/10.95 magnitude by roughly 0.07% (Figure A2); hence, the majority 
of causation of lower/negative
 []

[10]
Underfull \hbox (badness 10000) in paragraph at lines 342--343

 []


Underfull \hbox (badness 10000) in paragraph at lines 344--345

 []

[11]
Underfull \hbox (badness 10000) in paragraph at lines 356--357

 []


Underfull \hbox (badness 10000) in paragraph at lines 358--359

 []

[12]
Underfull \hbox (badness 10000) in paragraph at lines 364--365

 []

[13] [14]
Underfull \hbox (badness 10000) in paragraph at lines 378--379

 []


Overfull \hbox (4.31755pt too wide) in paragraph at lines 384--385
[]\OT1/cmr/m/n/10.95 Bessembinder & Hertzel (1993) find that Friday information
 disclosures have a significant
 []


Overfull \hbox (16.77818pt too wide) in paragraph at lines 384--385
\OT1/cmr/m/n/10.95 Mondays following bad-news Fridays, experience lower or more
 negative returns. Therefore,
 []


Underfull \hbox (badness 10000) in paragraph at lines 384--385

 []

[15]
Overfull \hbox (8.21095pt too wide) in paragraph at lines 390--391
[]\OT1/cmr/m/n/10.95 Draper & Paudyal (2002) highlight that, due to the aforeme
ntioned institutional Mondays
 []


Underfull \hbox (badness 10000) in paragraph at lines 394--395

 []

[16] [17]
Overfull \hbox (6.46696pt too wide) in paragraph at lines 408--409
\OT1/cmr/m/n/10.95 of this study. Amendments to questions are included based on
 the structure of subsequent
 []

[18]
Overfull \hbox (17.57683pt too wide) in paragraph at lines 445--446
\OT1/cmr/m/n/10.95 Looking into the associated indices, specifically the NYSE C
omposite, NASDAQ Composite
 []


Underfull \hbox (badness 10000) in paragraph at lines 453--454

 []


Underfull \hbox (badness 10000) in paragraph at lines 459--460

 []

[19] [20] [21] [22]
Underfull \hbox (badness 10000) in paragraph at lines 489--490

 []


Overfull \hbox (14.56796pt too wide) in paragraph at lines 491--492
[]\OT1/cmr/m/n/10.95 Engaging in and maintaining a listing is overseen by the S
ecurities & Exchange Commission
 []

[23]
Underfull \hbox (badness 10000) in paragraph at lines 504--505

 []

[24]
Underfull \hbox (badness 10000) in paragraph at lines 525--525
[]|$[]$\OT1/cmr/m/n/8 Below-average pre-
 []


Underfull \hbox (badness 10000) in paragraph at lines 525--525
\OT1/cmr/m/n/8 holidays removed;
 []


Underfull \hbox (badness 10000) in paragraph at lines 525--525
\OT1/cmr/m/n/8 Pre-holiday Fridays
 []


Underfull \hbox (badness 10000) in paragraph at lines 525--525
\OT1/cmr/m/n/8 contain smaller/no
 []


Underfull \hbox (badness 10000) in paragraph at lines 525--525
\OT1/cmr/m/n/8 pre- holiday effect,
 []


Underfull \hbox (badness 1609) in paragraph at lines 525--525
\OT1/cmr/m/n/8 if pre- holiday effect
 []


Underfull \hbox (badness 10000) in paragraph at lines 526--526
[]|$[]$\OT1/cmr/m/n/8 Below-average pre-
 []


Underfull \hbox (badness 10000) in paragraph at lines 526--526
\OT1/cmr/m/n/8 holidays removed;
 []


Underfull \hbox (badness 10000) in paragraph at lines 526--526
\OT1/cmr/m/n/8 Lower-return winter
 []


Underfull \hbox (badness 4531) in paragraph at lines 526--526
\OT1/cmr/m/n/8 weekend Fridays fall
 []


Underfull \hbox (badness 10000) in paragraph at lines 526--526
[]|$[]$\OT1/cmr/m/n/8 Below-average post-
 []


Underfull \hbox (badness 10000) in paragraph at lines 526--526
\OT1/cmr/m/n/8 holidays removed;
 []


Underfull \hbox (badness 10000) in paragraph at lines 526--526
\OT1/cmr/m/n/8 Lower-return winter
 []


Underfull \hbox (badness 10000) in paragraph at lines 526--527
[]|\OT1/cmr/m/n/8 Below-average other
 []


Underfull \hbox (badness 10000) in paragraph at lines 527--527
[]|$[]$\OT1/cmr/m/n/8 Below-average pre-
 []


Underfull \hbox (badness 10000) in paragraph at lines 527--527
\OT1/cmr/m/n/8 holidays removed;
 []


Underfull \hbox (badness 10000) in paragraph at lines 527--527
\OT1/cmr/m/n/8 Pre-Christmas-
 []


Underfull \hbox (badness 3250) in paragraph at lines 527--527
\OT1/cmr/m/n/8 holiday days contain
 []


Underfull \hbox (badness 4341) in paragraph at lines 527--527
\OT1/cmr/m/n/8 effect, if pre-holiday
 []


Underfull \hbox (badness 10000) in paragraph at lines 527--527
[]|$[]$\OT1/cmr/m/n/8 Below-average post-
 []


Underfull \hbox (badness 10000) in paragraph at lines 527--527
\OT1/cmr/m/n/8 holidays removed;
 []


Underfull \hbox (badness 10000) in paragraph at lines 527--527
\OT1/cmr/m/n/8 Post-Christmas-
 []


Underfull \hbox (badness 3250) in paragraph at lines 527--527
\OT1/cmr/m/n/8 holiday days contain
 []


Underfull \hbox (badness 10000) in paragraph at lines 527--527
\OT1/cmr/m/n/8 greater post-holiday
 []


Underfull \hbox (badness 1127) in paragraph at lines 527--527
\OT1/cmr/m/n/8 effect, if post-holiday
 []


Underfull \hbox (badness 10000) in paragraph at lines 528--528
[]|$[]$\OT1/cmr/m/n/8 Below-average pre-
 []


Underfull \hbox (badness 10000) in paragraph at lines 528--528
\OT1/cmr/m/n/8 holidays removed;
 []


Underfull \hbox (badness 10000) in paragraph at lines 528--528
\OT1/cmr/m/n/8 Pre-NY-holiday days
 []


Underfull \hbox (badness 10000) in paragraph at lines 528--528
\OT1/cmr/m/n/8 contain smaller/no
 []


Underfull \hbox (badness 10000) in paragraph at lines 528--528
\OT1/cmr/m/n/8 pre-holiday effect,
 []


Underfull \hbox (badness 10000) in paragraph at lines 528--528
\OT1/cmr/m/n/8 if pre-holiday effect
 []


Underfull \hbox (badness 10000) in paragraph at lines 528--528
[]|$[]$\OT1/cmr/m/n/8 Below-average post-
 []


Underfull \hbox (badness 10000) in paragraph at lines 528--528
\OT1/cmr/m/n/8 holidays removed;
 []


Underfull \hbox (badness 10000) in paragraph at lines 528--528
\OT1/cmr/m/n/8 Post-NY-holiday
 []


Underfull \hbox (badness 4353) in paragraph at lines 528--528
\OT1/cmr/m/n/8 days contain greater
 []


Underfull \hbox (badness 10000) in paragraph at lines 528--528
\OT1/cmr/m/n/8 post-holiday effect,
 []


Underfull \hbox (badness 3780) in paragraph at lines 528--528
\OT1/cmr/m/n/8 if post-holiday effect
 []


Underfull \hbox (badness 10000) in paragraph at lines 532--532
[]|$[]$\OT1/cmr/m/n/8 Above-average pre-
 []


Underfull \hbox (badness 10000) in paragraph at lines 532--532
\OT1/cmr/m/n/8 holidays removed;
 []


Underfull \hbox (badness 10000) in paragraph at lines 532--532
\OT1/cmr/m/n/8 Pre-holiday Fridays
 []


Underfull \hbox (badness 7397) in paragraph at lines 532--532
\OT1/cmr/m/n/8 contain greater pre-
 []


Underfull \hbox (badness 10000) in paragraph at lines 532--532
\OT1/cmr/m/n/8 holiday effect, if
 []


Underfull \hbox (badness 10000) in paragraph at lines 532--532
\OT1/cmr/m/n/8 pre-holiday effect
 []


Underfull \hbox (badness 10000) in paragraph at lines 533--533
[]|$[]$\OT1/cmr/m/n/8 Above-average pre-
 []


Underfull \hbox (badness 10000) in paragraph at lines 533--533
\OT1/cmr/m/n/8 holidays removed;
 []


Underfull \hbox (badness 10000) in paragraph at lines 533--533
\OT1/cmr/m/n/8 Higher-return winter
 []


Underfull \hbox (badness 4531) in paragraph at lines 533--533
\OT1/cmr/m/n/8 weekend Fridays fall
 []


Underfull \hbox (badness 6944) in paragraph at lines 533--533
[]|$[]$\OT1/cmr/m/n/8 Above-average post-
 []


Underfull \hbox (badness 10000) in paragraph at lines 533--533
\OT1/cmr/m/n/8 holidays removed;
 []


Underfull \hbox (badness 10000) in paragraph at lines 533--533
\OT1/cmr/m/n/8 Higher-return winter
 []


Underfull \hbox (badness 10000) in paragraph at lines 533--534
[]|\OT1/cmr/m/n/8 Above-average other
 []


Underfull \hbox (badness 10000) in paragraph at lines 534--534
[]|$[]$\OT1/cmr/m/n/8 Above-average pre-
 []


Underfull \hbox (badness 10000) in paragraph at lines 534--534
\OT1/cmr/m/n/8 holidays removed;
 []


Underfull \hbox (badness 10000) in paragraph at lines 534--534
\OT1/cmr/m/n/8 Pre-Christmas-holiday
 []


Underfull \hbox (badness 4353) in paragraph at lines 534--534
\OT1/cmr/m/n/8 days contain greater
 []


Underfull \hbox (badness 10000) in paragraph at lines 534--534
\OT1/cmr/m/n/8 pre-holiday effect,
 []


Underfull \hbox (badness 10000) in paragraph at lines 534--534
\OT1/cmr/m/n/8 if pre-holiday effect
 []


Underfull \hbox (badness 6944) in paragraph at lines 534--534
[]|$[]$\OT1/cmr/m/n/8 Above-average post-
 []


Underfull \hbox (badness 10000) in paragraph at lines 534--534
\OT1/cmr/m/n/8 holidays removed;
 []


Underfull \hbox (badness 10000) in paragraph at lines 534--534
\OT1/cmr/m/n/8 Post-Christmas-
 []


Underfull \hbox (badness 3250) in paragraph at lines 534--534
\OT1/cmr/m/n/8 holiday days contain
 []


Underfull \hbox (badness 10000) in paragraph at lines 534--534
\OT1/cmr/m/n/8 smaller/no post-
 []


Underfull \hbox (badness 10000) in paragraph at lines 534--534
\OT1/cmr/m/n/8 holiday effect, if
 []


Underfull \hbox (badness 10000) in paragraph at lines 534--534
\OT1/cmr/m/n/8 post-holiday effect
 []


Underfull \hbox (badness 10000) in paragraph at lines 535--535
[]|$[]$\OT1/cmr/m/n/8 Above-average pre-
 []


Underfull \hbox (badness 10000) in paragraph at lines 535--535
\OT1/cmr/m/n/8 holidays removed;
 []


Underfull \hbox (badness 10000) in paragraph at lines 535--535
\OT1/cmr/m/n/8 Pre-NY-holiday days
 []


Underfull \hbox (badness 7397) in paragraph at lines 535--535
\OT1/cmr/m/n/8 contain greater pre-
 []


Underfull \hbox (badness 10000) in paragraph at lines 535--535
\OT1/cmr/m/n/8 holiday effect, if
 []


Underfull \hbox (badness 10000) in paragraph at lines 535--535
\OT1/cmr/m/n/8 pre-holiday effect
 []


Underfull \hbox (badness 6944) in paragraph at lines 535--535
[]|$[]$\OT1/cmr/m/n/8 Above-average post-
 []


Underfull \hbox (badness 2564) in paragraph at lines 535--535
\OT1/cmr/m/n/8 Post-NY-holiday days
 []


Underfull \hbox (badness 10000) in paragraph at lines 535--535
\OT1/cmr/m/n/8 contain smaller/no
 []


Underfull \hbox (badness 7796) in paragraph at lines 535--535
\OT1/cmr/m/n/8 post- holiday effect,
 []


Underfull \hbox (badness 3780) in paragraph at lines 535--535
\OT1/cmr/m/n/8 if post-holiday effect
 []

[25]
Underfull \hbox (badness 10000) in paragraph at lines 555--556

 []

[26]
Underfull \hbox (badness 10000) in paragraph at lines 557--558

 []

[27]
Underfull \hbox (badness 4060) in paragraph at lines 572--572
\OT1/cmr/m/n/8 line. Yielding `Full Vi Experience'
 []


Underfull \hbox (badness 5231) in paragraph at lines 572--573
[]|\OT1/cmr/m/n/8 Daily open and (adjusted)
 []


Underfull \hbox (badness 3039) in paragraph at lines 572--573
\OT1/cmr/m/n/8 close data. `Adjusted' to
 []


Underfull \hbox (badness 7796) in paragraph at lines 572--573
\OT1/cmr/m/n/8 account for any corporate
 []


Underfull \hbox (badness 10000) in paragraph at lines 572--573
\OT1/cmr/m/n/8 actions such as dividend
 []


Underfull \hbox (badness 7888) in paragraph at lines 573--573
[]|\OT1/cmr/m/n/8 The language R allows the easiest
 []


Underfull \hbox (badness 10000) in paragraph at lines 573--574
\OT1/cmr/m/n/8 statistics are irrelevant as
 []


Underfull \hbox (badness 10000) in paragraph at lines 574--574
[]|\OT1/cmr/m/n/8 The command-line Comma-Separated
 []


Underfull \hbox (badness 10000) in paragraph at lines 574--575
\OT1/cmr/m/n/8 returns into four periods
 []


Underfull \hbox (badness 3417) in paragraph at lines 574--575
\OT1/cmr/m/n/8 for closer analysis such as
 []


Underfull \hbox (badness 5847) in paragraph at lines 574--575
\OT1/cmr/m/n/8 diminishing of factors; [2]
 []


Underfull \hbox (badness 3098) in paragraph at lines 574--575
\OT1/cmr/m/n/8 creating dummies for days,
 []


Underfull \hbox (badness 4505) in paragraph at lines 574--575
\OT1/cmr/m/n/8 months, pre-holidays, post-
 []


Underfull \hbox (badness 10000) in paragraph at lines 574--575
\OT1/cmr/m/n/8 holidays, other days; [3]
 []


Underfull \hbox (badness 3302) in paragraph at lines 574--575
\OT1/cmr/m/n/8 winter weekends, Christmas
 []


Underfull \hbox (badness 10000) in paragraph at lines 575--576
[]|\OT1/cmr/m/n/8 [1] Return graphs, [2]
 []


Underfull \hbox (badness 10000) in paragraph at lines 575--576
\OT1/cmr/m/n/8 mean- comparison graphs,
 []


Underfull \hbox (badness 10000) in paragraph at lines 576--576
[]|\OT1/cmr/m/n/8 Results are exported directly to a
 []


Underfull \hbox (badness 7030) in paragraph at lines 576--576
\OT1/cmr/m/n/8 analysis to command-line formatting.
 []


Overfull \hbox (1.89929pt too wide) in alignment at lines 569--581
 [] [] [] 
 []


Underfull \hbox (badness 10000) in paragraph at lines 584--585

 []

[28]
Underfull \hbox (badness 10000) in paragraph at lines 586--587

 []


Underfull \hbox (badness 10000) in paragraph at lines 592--593

 []


Underfull \hbox (badness 10000) in paragraph at lines 594--595

 []

[29] [30] [31]
Underfull \hbox (badness 10000) in paragraph at lines 690--691

 []


Underfull \hbox (badness 10000) in paragraph at lines 692--693

 []


Underfull \hbox (badness 10000) in paragraph at lines 694--695

 []


Underfull \hbox (badness 10000) in paragraph at lines 696--697

 []

[32]
Underfull \hbox (badness 10000) in paragraph at lines 710--711

 []


Underfull \hbox (badness 10000) in paragraph at lines 712--713

 []


Underfull \hbox (badness 10000) in paragraph at lines 722--723

 []

[33]
Underfull \hbox (badness 10000) in paragraph at lines 732--733

 []


Overfull \hbox (6.50752pt too wide) in paragraph at lines 738--739
[]\OT1/cmr/m/n/10.95 Example showing returns for all of week 1, ..., last day i
n sample (a Thursday) represented
 []


Underfull \hbox (badness 10000) in paragraph at lines 822--823

 []


Overfull \hbox (12.83418pt too wide) in paragraph at lines 828--829
\OT1/cmr/m/n/10.95 represented as t = 1,...N; including dummy variables for Jan
uary, ..., November, December,
 []

[34]
Underfull \hbox (badness 10000) in paragraph at lines 989--990

 []


Underfull \hbox (badness 10000) in paragraph at lines 991--992

 []


Underfull \hbox (badness 10000) in paragraph at lines 994--1005

 []


Underfull \hbox (badness 10000) in paragraph at lines 1006--1007

 []

[35]
Underfull \hbox (badness 10000) in paragraph at lines 1012--1013

 []


Underfull \hbox (badness 10000) in paragraph at lines 1014--1015

 []


Underfull \hbox (badness 10000) in paragraph at lines 1016--1017

 []


Underfull \hbox (badness 10000) in paragraph at lines 1018--1019

 []


Underfull \hbox (badness 10000) in paragraph at lines 1020--1021

 []

[36]
Underfull \hbox (badness 10000) in paragraph at lines 1034--1035

 []


Underfull \hbox (badness 10000) in paragraph at lines 1040--1041

 []


Overfull \hbox (1.02246pt too wide) in paragraph at lines 1046--1047
[]\OT1/cmr/m/n/10.95 (Q2.3) Does the Holiday Effect exist? Identify if pre-holi
day day returns are significantly
 []


Underfull \hbox (badness 10000) in paragraph at lines 1046--1047

 []

[37]
Underfull \hbox (badness 10000) in paragraph at lines 1052--1053

 []


Underfull \hbox (badness 10000) in paragraph at lines 1054--1055

 []


Underfull \hbox (badness 10000) in paragraph at lines 1056--1057

 []

[38]
Overfull \hbox (8.57724pt too wide) in paragraph at lines 1069--1069
[]|\OT1/cmr/bx/n/8 Comprehensive| 
 []


Overfull \hbox (1.43713pt too wide) in alignment at lines 1066--1095
 [] [] [] [] [] [] 
 []


Overfull \hbox (1.43713pt too wide) in alignment at lines 1095--1120
 [] [] [] [] [] [] 
 []


Overfull \hbox (1.43713pt too wide) in alignment at lines 1120--1147
 [] [] [] [] [] [] 
 []


Overfull \hbox (1.43713pt too wide) in alignment at lines 1147--1168
 [] [] [] [] [] [] 
 []

[39]
Underfull \hbox (badness 10000) in paragraph at lines 1171--1172

 []

[40] [41]
Overfull \hbox (0.21124pt too wide) in paragraph at lines 1180--1181
\OT1/cmr/m/n/10.95 This chapter illustrates, describes and justifies research f
indings relevant to the Weekend
 []


Underfull \hbox (badness 2237) in paragraph at lines 1192--1192
[]\OT1/cmr/m/n/8 Evidence from S&P 500 and DJI
 []


Underfull \hbox (badness 1009) in paragraph at lines 1193--1193
[]\OT1/cmr/m/n/8 Back up existence of the Weekend
 []


Underfull \hbox (badness 2582) in paragraph at lines 1193--1193
\OT1/cmr/m/n/8 FTSE100 but straight-forward and
 []


Underfull \hbox (badness 2644) in paragraph at lines 1197--1198
[]\OT1/cmr/m/n/8 Idea of a diminishing January
 []


Underfull \hbox (badness 10000) in paragraph at lines 1201--1201
\OT1/cmr/m/n/8 and AMEX. Good wide-spread
 []


Underfull \hbox (badness 4254) in paragraph at lines 1201--1202
[]\OT1/cmr/m/n/8 Similar study is updated and
 []


Underfull \hbox (badness 10000) in paragraph at lines 1202--1203
[]\OT1/cmr/m/n/8 Consolidates and provides a
 []


Underfull \hbox (badness 5667) in paragraph at lines 1202--1203
\OT1/cmr/m/n/8 around removal of pre-holiday
 []


Underfull \hbox (badness 1990) in paragraph at lines 1203--1203
[]\OT1/cmr/m/n/8 Theorise investor behaviour factors
 []


Underfull \hbox (badness 1521) in paragraph at lines 1203--1203
\OT1/cmr/m/n/8 investigations. Relates to inflated
 []


Underfull \hbox (badness 10000) in paragraph at lines 1203--1203
\OT1/cmr/m/n/8 winter holiday behaviour thus,
 []


Underfull \hbox (badness 10000) in paragraph at lines 1203--1203
\OT1/cmr/m/n/8 amplified holiday effects (higher/
 []


Underfull \hbox (badness 10000) in paragraph at lines 1203--1204
[]\OT1/cmr/m/n/8 Consolidates and provides a
 []


Underfull \hbox (badness 10000) in paragraph at lines 1203--1204
\OT1/cmr/m/n/8 concise answer to the three
 []


Underfull \hbox (badness 10000) in paragraph at lines 1203--1204
\OT1/cmr/m/n/8 previously proposed questions
 []


Underfull \hbox (badness 5231) in paragraph at lines 1203--1204
\OT1/cmr/m/n/8 around the Holiday Effect at
 []


Overfull \hbox (1.00313pt too wide) in paragraph at lines 1187--1206
 [] 
 []

[42] [43]
Underfull \hbox (badness 10000) in paragraph at lines 1216--1217

 []

<./Figures/NYSE-Returns.png, id=196, 359.9046pt x 227.4096pt>
File: ./Figures/NYSE-Returns.png Graphic file (type png)
<use ./Figures/NYSE-Returns.png>
Package pdftex.def Info: ./Figures/NYSE-Returns.png  used on input line 1220.
(pdftex.def)             Requested size: 256.09421pt x 142.2625pt.

Underfull \hbox (badness 10000) in paragraph at lines 1225--1226

 []

<./Figures/NASDAQ-Returns.png, id=198, 366.168pt x 216.3282pt>
File: ./Figures/NASDAQ-Returns.png Graphic file (type png)
<use ./Figures/NASDAQ-Returns.png>
Package pdftex.def Info: ./Figures/NASDAQ-Returns.png  used on input line 1229.

(pdftex.def)             Requested size: 256.08118pt x 142.272pt.
[44 <./Figures/NYSE-Returns.png>]
Underfull \hbox (badness 10000) in paragraph at lines 1234--1235

 []

<./Figures/S&P-Returns.png, id=203, 361.35pt x 218.7372pt>
File: ./Figures/S&P-Returns.png Graphic file (type png)
<use ./Figures/S&P-Returns.png>
Package pdftex.def Info: ./Figures/S&P-Returns.png  used on input line 1238.
(pdftex.def)             Requested size: 256.07509pt x 142.26425pt.
[45 <./Figures/NASDAQ-Returns.png> <./Figures/S&P-Returns.png>]
Overfull \hbox (4.07016pt too wide) in paragraph at lines 1288--1288
[]\OT1/cmr/m/n/8 Y$[]$| 
 []


Overfull \hbox (4.07016pt too wide) in paragraph at lines 1288--1288
[]\OT1/cmr/m/n/8 Y$[]$| 
 []

[46] [47]
<./Figures/NYSE-WE1.png, id=216, 363.2772pt x 214.401pt>
File: ./Figures/NYSE-WE1.png Graphic file (type png)
<use ./Figures/NYSE-WE1.png>
Package pdftex.def Info: ./Figures/NYSE-WE1.png  used on input line 1322.
(pdftex.def)             Requested size: 256.08829pt x 142.26735pt.

Overfull \hbox (8.39218pt too wide) in paragraph at lines 1327--1328
\OT1/cmr/m/n/10.95 Figure 4 shows partial evidence of the Monday Effect in the 
NYSE as a whole, highlighting
 []

<./Figures/NYSE-WE2.png, id=217, 363.2772pt x 218.7372pt>
File: ./Figures/NYSE-WE2.png Graphic file (type png)
<use ./Figures/NYSE-WE2.png>
Package pdftex.def Info: ./Figures/NYSE-WE2.png  used on input line 1331.
(pdftex.def)             Requested size: 256.08829pt x 142.26425pt.
[48 <./Figures/NYSE-WE1.png> <./Figures/NYSE-WE2.png>] [49] [50]
<./Figures/NAS-WE1.png, id=230, 364.2408pt x 215.3646pt>
File: ./Figures/NAS-WE1.png Graphic file (type png)
<use ./Figures/NAS-WE1.png>
Package pdftex.def Info: ./Figures/NAS-WE1.png  used on input line 1401.
(pdftex.def)             Requested size: 256.08951pt x 142.26593pt.
<./Figures/NAS-WE2.png, id=231, 363.2772pt x 220.6644pt>
File: ./Figures/NAS-WE2.png Graphic file (type png)
<use ./Figures/NAS-WE2.png>
Package pdftex.def Info: ./Figures/NAS-WE2.png  used on input line 1410.
(pdftex.def)             Requested size: 256.08829pt x 142.26851pt.

Overfull \hbox (0.74864pt too wide) in paragraph at lines 1415--1416
\OT1/cmr/m/n/10.95 primarily due to 1980-1989/2000-2009's very low Monday retur
ns. 1980-1989's Mondays
 []


Overfull \hbox (7.32874pt too wide) in paragraph at lines 1415--1416
\OT1/cmr/m/n/10.95 Thursday's 1980-1989 highest-across-the-board { which have r
oughly the same magnitude
 []

[51 <./Figures/NAS-WE1.png> <./Figures/NAS-WE2.png>] [52]
<./Figures/SP-WE1.png, id=240, 364.2408pt x 214.401pt>
File: ./Figures/SP-WE1.png Graphic file (type png)
<use ./Figures/SP-WE1.png>
Package pdftex.def Info: ./Figures/SP-WE1.png  used on input line 1478.
(pdftex.def)             Requested size: 256.08951pt x 142.26735pt.
<./Figures/SP-WE2.png, id=241, 366.168pt x 216.3282pt>
File: ./Figures/SP-WE2.png Graphic file (type png)
<use ./Figures/SP-WE2.png>
Package pdftex.def Info: ./Figures/SP-WE2.png  used on input line 1487.
(pdftex.def)             Requested size: 256.08118pt x 142.272pt.
 [53 <./Figures/SP-WE1.png>] [54 <./Figures/SP-WE2.png>]
Overfull \hbox (1.8132pt too wide) in paragraph at lines 1551--1552
\OT1/cmr/m/n/10.95 driven by positivity in 1980-1989/1990-1999. However, there 
are no significantly positive
 []

[55] [56]
<./Figures/NYSE-JE1.png, id=257, 363.2772pt x 214.401pt>
File: ./Figures/NYSE-JE1.png Graphic file (type png)
<use ./Figures/NYSE-JE1.png>
Package pdftex.def Info: ./Figures/NYSE-JE1.png  used on input line 1561.
(pdftex.def)             Requested size: 256.08829pt x 142.26735pt.
<./Figures/NYSE-JE2.png, id=258, 358.941pt x 214.401pt>
File: ./Figures/NYSE-JE2.png Graphic file (type png)
<use ./Figures/NYSE-JE2.png>
Package pdftex.def Info: ./Figures/NYSE-JE2.png  used on input line 1570.
(pdftex.def)             Requested size: 256.07124pt x 142.26735pt.
 [57 <./Figures/NYSE-JE1.png> <./Figures/NYSE-JE2.png>] [58]
<./Figures/NAS-JE1.png, id=267, 364.2408pt x 214.401pt>
File: ./Figures/NAS-JE1.png Graphic file (type png)
<use ./Figures/NAS-JE1.png>
Package pdftex.def Info: ./Figures/NAS-JE1.png  used on input line 1671.
(pdftex.def)             Requested size: 256.08951pt x 142.26735pt.
 [59]
<./Figures/NAS-JE2.png, id=271, 358.941pt x 214.401pt>
File: ./Figures/NAS-JE2.png Graphic file (type png)
<use ./Figures/NAS-JE2.png>
Package pdftex.def Info: ./Figures/NAS-JE2.png  used on input line 1680.
(pdftex.def)             Requested size: 256.07124pt x 142.26735pt.

[60 <./Figures/NAS-JE1.png> <./Figures/NAS-JE2.png>] [61]
Overfull \hbox (8.54549pt too wide) in paragraph at lines 1775--1776
\OT1/cmr/m/n/10.95 month's returns are approximately equal to those of others i
s rejected with 99% confidence
 []

<./Figures/SP-JE1.png, id=281, 364.2408pt x 214.401pt>
File: ./Figures/SP-JE1.png Graphic file (type png)
<use ./Figures/SP-JE1.png>
Package pdftex.def Info: ./Figures/SP-JE1.png  used on input line 1781.
(pdftex.def)             Requested size: 256.08951pt x 142.26735pt.
[62]
<./Figures/SP-JE2.png, id=285, 358.941pt x 214.401pt>
File: ./Figures/SP-JE2.png Graphic file (type png)
<use ./Figures/SP-JE2.png>
Package pdftex.def Info: ./Figures/SP-JE2.png  used on input line 1790.
(pdftex.def)             Requested size: 256.07124pt x 142.26735pt.
 [63 <./Figures/SP-JE1.png> <./Figures/SP-JE2.png>] [64]
Overfull \hbox (10.3299pt too wide) in paragraph at lines 1885--1886
\OT1/cmr/m/n/10.95 months are significant. For example, 2010-2016's October is 
positive at the 1% significance
 []

[65]
<./Figures/NYSE-HE1.png, id=297, 367.1316pt x 213.4374pt>
File: ./Figures/NYSE-HE1.png Graphic file (type png)
<use ./Figures/NYSE-HE1.png>
Package pdftex.def Info: ./Figures/NYSE-HE1.png  used on input line 1895.
(pdftex.def)             Requested size: 256.07724pt x 142.27278pt.
<./Figures/NYSE-HE2.png, id=298, 365.2044pt x 261.6174pt>
File: ./Figures/NYSE-HE2.png Graphic file (type png)
<use ./Figures/NYSE-HE2.png>
Package pdftex.def Info: ./Figures/NYSE-HE2.png  used on input line 1904.
(pdftex.def)             Requested size: 256.08156pt x 142.26527pt.
 [66 <./Figures/NYSE-HE1.png> <./Figures/NYSE-HE2.png>]
<./Figures/NYSE-HE3.png, id=304, 368.0952pt x 293.898pt>
File: ./Figures/NYSE-HE3.png Graphic file (type png)
<use ./Figures/NYSE-HE3.png>
Package pdftex.def Info: ./Figures/NYSE-HE3.png  used on input line 1913.
(pdftex.def)             Requested size: 256.06973pt x 142.26678pt.

Overfull \hbox (9.16399pt too wide) in paragraph at lines 1918--1919
\OT1/cmr/m/n/10.95 negativity in post-holiday days coming from the large 2000-2
016 drops; further condensing
 []


Overfull \hbox (6.20332pt too wide) in paragraph at lines 1918--1919
\OT1/cmr/m/n/10.95 aligning with higher-than-average pre-Christmas-holiday days
 but also consistent `inverse
 []


Overfull \hbox (16.19011pt too wide) in paragraph at lines 1918--1919
\OT1/cmr/m/n/10.95 (holding lower-than-average pre-holidays and higher-than-ave
rage post-holidays; increasing
 []

[67 <./Figures/NYSE-HE3.png>] [68] [69] [70]
<./Figures/NAS-HE1.png, id=319, 367.1316pt x 213.4374pt>
File: ./Figures/NAS-HE1.png Graphic file (type png)
<use ./Figures/NAS-HE1.png>
Package pdftex.def Info: ./Figures/NAS-HE1.png  used on input line 2127.
(pdftex.def)             Requested size: 256.07724pt x 142.27278pt.
<./Figures/NAS-HE2.png, id=320, 362.3136pt x 261.6174pt>
File: ./Figures/NAS-HE2.png Graphic file (type png)
<use ./Figures/NAS-HE2.png>
Package pdftex.def Info: ./Figures/NAS-HE2.png  used on input line 2136.
(pdftex.def)             Requested size: 256.07242pt x 142.26527pt.
 [71 <./Figures/NAS-HE1.png>]
Overfull \hbox (28.16422pt too wide) in paragraph at lines 2141--2142
\OT1/cmr/m/n/10.95 Removing New Year has a negligible effect, likely meaning an
 even spread of positive/negative,
 []

<./Figures/NAS-HE3.png, id=325, 363.2772pt x 291.9708pt>
File: ./Figures/NAS-HE3.png Graphic file (type png)
<use ./Figures/NAS-HE3.png>
Package pdftex.def Info: ./Figures/NAS-HE3.png  used on input line 2145.
(pdftex.def)             Requested size: 256.08829pt x 142.26056pt.

Overfull \hbox (14.59842pt too wide) in paragraph at lines 2150--2151
\OT1/cmr/m/n/10.95 Friday-removal pre-holidays are primarily driven by 2000-200
9, with the greatest negativity
 []

[72 <./Figures/NAS-HE2.png> <./Figures/NAS-HE3.png>] [73] [74] [75] [76]
<./Figures/SP-HE1.png, id=344, 367.1316pt x 213.4374pt>
File: ./Figures/SP-HE1.png Graphic file (type png)
<use ./Figures/SP-HE1.png>
Package pdftex.def Info: ./Figures/SP-HE1.png  used on input line 2361.
(pdftex.def)             Requested size: 256.07724pt x 142.27278pt.
<./Figures/SP-HE2.png, id=345, 362.3136pt x 261.6174pt>
File: ./Figures/SP-HE2.png Graphic file (type png)
<use ./Figures/SP-HE2.png>
Package pdftex.def Info: ./Figures/SP-HE2.png  used on input line 2370.
(pdftex.def)             Requested size: 256.07242pt x 142.26527pt.

[77 <./Figures/SP-HE1.png>]
<./Figures/SP-HE3.png, id=350, 364.2408pt x 292.9344pt>
File: ./Figures/SP-HE3.png Graphic file (type png)
<use ./Figures/SP-HE3.png>
Package pdftex.def Info: ./Figures/SP-HE3.png  used on input line 2379.
(pdftex.def)             Requested size: 256.08951pt x 142.26521pt.
 [78 <./Figures/SP-HE2.png>] [79 <./Figures/SP-HE3.png>] [80] [81]
Overfull \hbox (12.83418pt too wide) in paragraph at lines 2577--2578
[]\OT1/cmr/m/n/10.95 Removal of pre-holiday Fridays sees pre-holiday days compr
ehensively go from insignificant
 []


Overfull \hbox (0.5762pt too wide) in paragraph at lines 2581--2582
[]\OT1/cmr/m/n/10.95 The removal of winter weekends first, removes comprehensiv
e significance in pre- holiday
 []

[82] [83]
Overfull \hbox (1.46405pt too wide) in paragraph at lines 2601--2601
[]\OT1/cmr/bx/n/8 Comprehensive| 
 []


LaTeX Warning: `h' float specifier changed to `ht'.


Overfull \hbox (6.71034pt too wide) in paragraph at lines 2677--2678
\OT1/cmr/m/n/10.95 that there is non-stationarity, unit-roots, is rejected with
 99% confidence. The alternative
 []

[84] [85] [86] [87]
Overfull \hbox (6.95364pt too wide) in paragraph at lines 2728--2729
\OT1/cmr/m/n/10.95 Following headings are named according to Q2 and Q3. Conclus
ions are made considering
 []


Underfull \hbox (badness 10000) in paragraph at lines 2728--2729

 []

[88] [89]
Overfull \hbox (3.10828pt too wide) in paragraph at lines 2748--2748
|[]\OT1/cmr/bx/n/10.95 Is the Holiday Effect Significantly Influenced By Pre-Ho
liday Fridays?| 
 []

[90] [91]
Underfull \hbox (badness 10000) in paragraph at lines 2768--2769

 []

[92]
<./Figures//Past-Lit-Pics/A1.png, id=402, 255.95625pt x 136.51pt>
File: ./Figures//Past-Lit-Pics/A1.png Graphic file (type png)
<use ./Figures//Past-Lit-Pics/A1.png>
Package pdftex.def Info: ./Figures//Past-Lit-Pics/A1.png  used on input line 27
84.
(pdftex.def)             Requested size: 199.16858pt x 99.58481pt.
<./Figures//Past-Lit-Pics/A2.png, id=403, 255.95625pt x 139.52126pt>
File: ./Figures//Past-Lit-Pics/A2.png Graphic file (type png)
<use ./Figures//Past-Lit-Pics/A2.png>
Package pdftex.def Info: ./Figures//Past-Lit-Pics/A2.png  used on input line 27
92.
(pdftex.def)             Requested size: 199.16858pt x 99.58661pt.
<./Figures//Past-Lit-Pics/A3.png, id=404, 255.95625pt x 141.52875pt>
File: ./Figures//Past-Lit-Pics/A3.png Graphic file (type png)
<use ./Figures//Past-Lit-Pics/A3.png>
Package pdftex.def Info: ./Figures//Past-Lit-Pics/A3.png  used on input line 28
00.
(pdftex.def)             Requested size: 199.16858pt x 99.58774pt.
<./Figures//Past-Lit-Pics/A4.png, id=405, 199.74625pt x 104.39pt>
File: ./Figures//Past-Lit-Pics/A4.png Graphic file (type png)
<use ./Figures//Past-Lit-Pics/A4.png>
Package pdftex.def Info: ./Figures//Past-Lit-Pics/A4.png  used on input line 28
08.
(pdftex.def)             Requested size: 184.95135pt x 85.36299pt.
 [1 <./Figures//Past-Lit-Pics/A1.png> <./Figures//Past-Lit-Pics/A2.png> <./Figu
res//Past-Lit-Pics/A3.png>]
<./Figures//Past-Lit-Pics/A5.png, id=412, 199.74625pt x 84.315pt>
File: ./Figures//Past-Lit-Pics/A5.png Graphic file (type png)
<use ./Figures//Past-Lit-Pics/A5.png>
Package pdftex.def Info: ./Figures//Past-Lit-Pics/A5.png  used on input line 28
16.
(pdftex.def)             Requested size: 184.95135pt x 85.35944pt.
<./Figures//Past-Lit-Pics/A6.png, id=413, 199.74625pt x 84.315pt>
File: ./Figures//Past-Lit-Pics/A6.png Graphic file (type png)
<use ./Figures//Past-Lit-Pics/A6.png>
Package pdftex.def Info: ./Figures//Past-Lit-Pics/A6.png  used on input line 28
24.
(pdftex.def)             Requested size: 184.95135pt x 85.35944pt.
<./Figures//Past-Lit-Pics/A7.png, id=414, 199.74625pt x 85.31876pt>
File: ./Figures//Past-Lit-Pics/A7.png Graphic file (type png)
<use ./Figures//Past-Lit-Pics/A7.png>
Package pdftex.def Info: ./Figures//Past-Lit-Pics/A7.png  used on input line 28
32.
(pdftex.def)             Requested size: 184.95135pt x 85.36409pt.
 [2 <./Figures//Past-Lit-Pics/A4.png> <./Figures//Past-Lit-Pics/A5.png> <./Figu
res//Past-Lit-Pics/A6.png> <./Figures//Past-Lit-Pics/A7.png>] [3]
Underfull \hbox (badness 10000) in paragraph at lines 2933--2934
[]|\OT1/cmr/m/n/8 Conductor observes information and translates it to data
 []


Underfull \vbox (badness 10000) detected at line 2934
 []

LaTeX Font Info:    Font shape `OMS/cmr/m/n' in size <8> not available
(Font)              Font shape `OMS/cmsy/m/n' tried instead on input line 2940.


Underfull \hbox (badness 1057) in paragraph at lines 2940--2941
\OT1/cmr/m/n/8 E.g. linear (positive/negative), polynomial (varying by degree
 []


Underfull \hbox (badness 1215) in paragraph at lines 2943--2944
[]|\OT1/cmr/m/n/8 Highlights minimum, first quartile, median, third quartile an
d
 []

[4] [5] [6]
Underfull \hbox (badness 10000) in paragraph at lines 2982--2992

 []


Underfull \hbox (badness 10000) in paragraph at lines 2982--2992

 []


Underfull \hbox (badness 10000) in paragraph at lines 2982--2992

 []


Underfull \hbox (badness 10000) in paragraph at lines 2982--2992

 []


Underfull \hbox (badness 10000) in paragraph at lines 2982--2992

 []


Underfull \hbox (badness 10000) in paragraph at lines 2982--2992

 []


Underfull \hbox (badness 10000) in paragraph at lines 2982--2992

 []


Underfull \hbox (badness 10000) in paragraph at lines 2982--2992

 []


Underfull \hbox (badness 10000) in paragraph at lines 2995--2998

 []


Underfull \hbox (badness 10000) in paragraph at lines 3016--3027

 []


Underfull \hbox (badness 10000) in paragraph at lines 3016--3027

 []


Underfull \hbox (badness 1112) in paragraph at lines 3016--3027
\OT1/cmr/m/it/8 The R$[]$ value of 0.2672 suggests the explanatory variable is 
responsible for and can statistically
 []


Underfull \hbox (badness 10000) in paragraph at lines 3016--3027

 []


Underfull \hbox (badness 10000) in paragraph at lines 3016--3027

 []


Underfull \hbox (badness 10000) in paragraph at lines 3016--3027

 []


Underfull \hbox (badness 10000) in paragraph at lines 3016--3027

 []


Underfull \hbox (badness 2671) in paragraph at lines 3016--3027
\OT1/cmr/bx/n/8 [3] Information Criteria: \OT1/cmr/m/n/8 One way of selecting a
n optimal model is by finding the one
 []


Underfull \hbox (badness 10000) in paragraph at lines 3016--3027
\OT1/cmr/m/n/8 with the lowest possible $[]$, $[]$ and/or
 []


Underfull \hbox (badness 10000) in paragraph at lines 3016--3027

 []


Underfull \hbox (badness 10000) in paragraph at lines 3016--3027

 []


Underfull \hbox (badness 10000) in paragraph at lines 3016--3027

 []


Underfull \hbox (badness 10000) in paragraph at lines 3027--3052

 []


Underfull \hbox (badness 10000) in paragraph at lines 3027--3052

 []


Underfull \hbox (badness 10000) in paragraph at lines 3027--3052

 []


Underfull \hbox (badness 10000) in paragraph at lines 3027--3052

 []


Underfull \hbox (badness 10000) in paragraph at lines 3027--3052

 []


Underfull \hbox (badness 10000) in paragraph at lines 3027--3052

 []


Underfull \hbox (badness 10000) in paragraph at lines 3027--3052

 []


Underfull \hbox (badness 10000) in paragraph at lines 3027--3052

 []


Underfull \hbox (badness 10000) in paragraph at lines 3027--3052

 []


Underfull \hbox (badness 10000) in paragraph at lines 3027--3052

 []


Underfull \hbox (badness 10000) in paragraph at lines 3027--3052

 []


Underfull \hbox (badness 10000) in paragraph at lines 3027--3052

 []


Underfull \hbox (badness 10000) in paragraph at lines 3027--3052

 []


Underfull \hbox (badness 10000) in paragraph at lines 3052--3060

 []


Underfull \hbox (badness 10000) in paragraph at lines 3052--3060

 []


Underfull \hbox (badness 10000) in paragraph at lines 3052--3060

 []


Underfull \hbox (badness 10000) in paragraph at lines 3052--3060

 []


Underfull \hbox (badness 10000) in paragraph at lines 3052--3060

 []


Underfull \hbox (badness 10000) in paragraph at lines 3061--3064

 []


Underfull \vbox (badness 10000) detected at line 3065
 []

[7] [8] [9]
Underfull \hbox (badness 2538) in paragraph at lines 3087--3087
\OT1/cmr/m/n/8 of Y being Binary 1 changes by
 []


Underfull \hbox (badness 10000) in paragraph at lines 3087--3088
\OT1/cmr/m/it/8 defunct changes by $\OML/cmm/m/it/8 <$\OT1/cmr/m/it/8 coefficie
nt$\OML/cmm/m/it/8 >$
 []


Underfull \hbox (badness 1454) in paragraph at lines 3088--3089
\OT1/cmr/m/it/8 being defunct than a fund without
 []

[10] [11]
LaTeX Font Info:    Calculating math sizes for size <11> on input line 3167.


LaTeX Font Warning: Font shape `OT1/cmr/m/n' in size <5.5> not available
(Font)              size <5> substituted on input line 3167.


LaTeX Font Warning: Font shape `OML/cmm/m/it' in size <5.5> not available
(Font)              size <5> substituted on input line 3167.


LaTeX Font Warning: Font shape `OMS/cmsy/m/n' in size <5.5> not available
(Font)              size <5> substituted on input line 3167.


LaTeX Font Warning: Font shape `OT1/cmr/bx/n' in size <5.5> not available
(Font)              size <5> substituted on input line 3167.


LaTeX Font Warning: Font shape `OT1/cmr/m/it' in size <5.5> not available
(Font)              size <5> substituted on input line 3167.


Overfull \hbox (22.27863pt too wide) in paragraph at lines 3194--3195
\OT1/cmr/m/n/10.95 educated regarding my pre-title of this study: `AG436 Disser
tation Coursework Assignment'.
 []

[12] [13]
Underfull \hbox (badness 4505) in paragraph at lines 3322--3327
[]\OT1/cmr/m/n/10.95 Investopedia. (2020). \OT1/cmr/m/sl/10.95 What's the Most 
Expensive Stock of All Time?
 []


Underfull \hbox (badness 2680) in paragraph at lines 3322--3327
\OT1/cmr/m/n/10.95 Available At: \OT1/cmtt/m/n/10.95 https://www.investopedia.c
om/ask/answers/081314/whats-
 []

[14]
Underfull \hbox (badness 6493) in paragraph at lines 3377--3382
[]\OT1/cmr/m/n/10.95 Lhor, S. (1981). \OT1/cmr/m/sl/10.95 1980 A Very Good Wall
 St. Year. \OT1/cmr/m/n/10.95 Available At:
 []


Underfull \hbox (badness 10000) in paragraph at lines 3377--3382
\OT1/cmtt/m/n/10.95 https://www.nytimes.com/1981/01/01/business/1980-a-very-goo
d-wall-
 []


Underfull \hbox (badness 2970) in paragraph at lines 3405--3410
\OT1/cmtt/m/n/10.95 https://www.measuringworth.com/calculators/DJIA[]SP[]NASDAQ
/. \OT1/cmr/m/n/10.95 (Accessed:
 []


Underfull \hbox (badness 1960) in paragraph at lines 3412--3417
[]\OT1/cmr/m/n/10.95 Moolenaar, B. (2020). \OT1/cmr/m/sl/10.95 Bram Moolenaar's
 website { home. \OT1/cmr/m/n/10.95 Available At:
 []

[15]
Underfull \hbox (badness 10000) in paragraph at lines 3469--3474
[]\OT1/cmr/m/n/10.95 Snopes. (2000). \OT1/cmr/m/sl/10.95 The Superbowl Indicato
r. \OT1/cmr/m/n/10.95 Available At:
 []


Underfull \hbox (badness 10000) in paragraph at lines 3469--3474
\OT1/cmtt/m/n/10.95 https://www.snopes.com/fact-check/super-bowl-indicator/. \O
T1/cmr/m/n/10.95 (Accessed:
 []


Underfull \hbox (badness 10000) in paragraph at lines 3476--3481
[]\OT1/cmr/m/n/10.95 Statista. (2020). \OT1/cmr/m/sl/10.95 Largest stock exchan
ge operators worldwide as of
 []


Underfull \hbox (badness 4805) in paragraph at lines 3476--3481
\OT1/cmr/m/sl/10.95 Mar 2020, by market capitalization of listed companies. \OT
1/cmr/m/n/10.95 Available At:
 []


Underfull \hbox (badness 10000) in paragraph at lines 3476--3481
\OT1/cmtt/m/n/10.95 https://www.statista.com/statistics/270126/largest-stock-ex
change-
 []


Underfull \hbox (badness 10000) in paragraph at lines 3476--3481
\OT1/cmtt/m/n/10.95 operators-by-market-capitalization-of-listed- companies/. \
OT1/cmr/m/n/10.95 (Accessed:
 []


Underfull \hbox (badness 4779) in paragraph at lines 3490--3495
[]\OT1/cmr/m/n/10.95 Time. (2017). \OT1/cmr/m/sl/10.95 How a Financial Panic He
lped Launch the New York
 []


Underfull \hbox (badness 6808) in paragraph at lines 3490--3495
\OT1/cmr/m/sl/10.95 Stock Exchange. \OT1/cmr/m/n/10.95 Available At: \OT1/cmtt/
m/n/10.95 https://time.com/4777959/buttonwood-
 []


Underfull \hbox (badness 10000) in paragraph at lines 3506--3511
[]\OT1/cmr/m/n/10.95 VimDiesel. (2020). \OT1/cmr/m/sl/10.95 Programs and Equipm
ent I Use. \OT1/cmr/m/n/10.95 Available At:
 []

[16]
Underfull \hbox (badness 10000) in paragraph at lines 3542--3547
[]\OT1/cmr/m/n/10.95 Yahoo Finance. (2020). \OT1/cmr/m/sl/10.95 Dow Jones Indus
trial Average (DJI)
 []


Underfull \hbox (badness 10000) in paragraph at lines 3542--3547
\OT1/cmr/m/sl/10.95 Charts, Data & News - Yahoo Finance. \OT1/cmr/m/n/10.95 Ava
ilable At:
 []


Underfull \hbox (badness 10000) in paragraph at lines 3549--3554
[]\OT1/cmr/m/n/10.95 Yahoo Finance. (2020). \OT1/cmr/m/sl/10.95 NASDAQ Composit
e (IXIC)
 []


Underfull \hbox (badness 10000) in paragraph at lines 3549--3554
\OT1/cmr/m/sl/10.95 Charts, Data & News - Yahoo Finance. \OT1/cmr/m/n/10.95 Ava
ilable At:
 []


Underfull \hbox (badness 10000) in paragraph at lines 3549--3554
\OT1/cmtt/m/n/10.95 https://finance.yahoo.com/quote/%5EIXIC?p=%5EIXIC. \OT1/cmr
/m/n/10.95 (Accessed:
 []


Underfull \hbox (badness 10000) in paragraph at lines 3556--3561
[]\OT1/cmr/m/n/10.95 Yahoo Finance. (2020). \OT1/cmr/m/sl/10.95 NYSE COMPOSITE 
(DJ) (NYA)
 []


Underfull \hbox (badness 10000) in paragraph at lines 3556--3561
\OT1/cmr/m/sl/10.95 Charts, Data & News - Yahoo Finance. \OT1/cmr/m/n/10.95 Ava
ilable At:
 []

[17] (./main.aux)

LaTeX Font Warning: Size substitutions with differences
(Font)              up to 0.72pt have occurred.

 ) 
Here is how much of TeX's memory you used:
 6155 strings out of 492616
 87911 string characters out of 6129480
 204385 words of memory out of 5000000
 9926 multiletter control sequences out of 15000+600000
 18668 words of font info for 66 fonts, out of 8000000 for 9000
 1141 hyphenation exceptions out of 8191
 41i,16n,46p,1841b,476s stack positions out of 5000i,500n,10000p,200000b,80000s
</usr/local/texlive/2019/texmf-dist/fonts/type1/public/amsfonts/cm/cmbx10.pfb
></usr/local/texlive/2019/texmf-dist/fonts/type1/public/amsfonts/cm/cmbx12.pfb>
</usr/local/texlive/2019/texmf-dist/fonts/type1/public/amsfonts/cm/cmbx6.pfb></
usr/local/texlive/2019/texmf-dist/fonts/type1/public/amsfonts/cm/cmbx8.pfb></us
r/local/texlive/2019/texmf-dist/fonts/type1/public/amsfonts/cm/cmcsc10.pfb></us
r/local/texlive/2019/texmf-dist/fonts/type1/public/amsfonts/cm/cmex10.pfb></usr
/local/texlive/2019/texmf-dist/fonts/type1/public/amsfonts/cmextra/cmex7.pfb></
usr/local/texlive/2019/texmf-dist/fonts/type1/public/amsfonts/cmextra/cmex8.pfb
></usr/local/texlive/2019/texmf-dist/fonts/type1/public/amsfonts/cm/cmitt10.pfb
></usr/local/texlive/2019/texmf-dist/fonts/type1/public/amsfonts/cm/cmmi10.pfb>
</usr/local/texlive/2019/texmf-dist/fonts/type1/public/amsfonts/cm/cmmi5.pfb></
usr/local/texlive/2019/texmf-dist/fonts/type1/public/amsfonts/cm/cmmi6.pfb></us
r/local/texlive/2019/texmf-dist/fonts/type1/public/amsfonts/cm/cmmi8.pfb></usr/
local/texlive/2019/texmf-dist/fonts/type1/public/amsfonts/cm/cmr10.pfb></usr/lo
cal/texlive/2019/texmf-dist/fonts/type1/public/amsfonts/cm/cmr5.pfb></usr/local
/texlive/2019/texmf-dist/fonts/type1/public/amsfonts/cm/cmr6.pfb></usr/local/te
xlive/2019/texmf-dist/fonts/type1/public/amsfonts/cm/cmr8.pfb></usr/local/texli
ve/2019/texmf-dist/fonts/type1/public/amsfonts/cm/cmr9.pfb></usr/local/texlive/
2019/texmf-dist/fonts/type1/public/amsfonts/cm/cmsl10.pfb></usr/local/texlive/2
019/texmf-dist/fonts/type1/public/amsfonts/cm/cmsl8.pfb></usr/local/texlive/201
9/texmf-dist/fonts/type1/public/amsfonts/cm/cmsltt10.pfb></usr/local/texlive/20
19/texmf-dist/fonts/type1/public/amsfonts/cm/cmss8.pfb></usr/local/texlive/2019
/texmf-dist/fonts/type1/public/amsfonts/cm/cmssbx10.pfb></usr/local/texlive/201
9/texmf-dist/fonts/type1/public/amsfonts/cm/cmssi8.pfb></usr/local/texlive/2019
/texmf-dist/fonts/type1/public/amsfonts/cm/cmsy10.pfb></usr/local/texlive/2019/
texmf-dist/fonts/type1/public/amsfonts/cm/cmsy5.pfb></usr/local/texlive/2019/te
xmf-dist/fonts/type1/public/amsfonts/cm/cmsy6.pfb></usr/local/texlive/2019/texm
f-dist/fonts/type1/public/amsfonts/cm/cmsy8.pfb></usr/local/texlive/2019/texmf-
dist/fonts/type1/public/amsfonts/cm/cmtcsc10.pfb></usr/local/texlive/2019/texmf
-dist/fonts/type1/public/amsfonts/cm/cmti10.pfb></usr/local/texlive/2019/texmf-
dist/fonts/type1/public/amsfonts/cm/cmti12.pfb></usr/local/texlive/2019/texmf-d
ist/fonts/type1/public/amsfonts/cm/cmti7.pfb></usr/local/texlive/2019/texmf-dis
t/fonts/type1/public/amsfonts/cm/cmti8.pfb></usr/local/texlive/2019/texmf-dist/
fonts/type1/public/amsfonts/cm/cmtt10.pfb></usr/local/texlive/2019/texmf-dist/f
onts/type1/public/amsfonts/cm/cmtt8.pfb></usr/local/texlive/2019/texmf-dist/fon
ts/type1/public/tipa/tipa10.pfb>
Output written on main.pdf (121 pages, 1434285 bytes).
PDF statistics:
 603 PDF objects out of 1000 (max. 8388607)
 378 compressed objects within 4 object streams
 0 named destinations out of 1000 (max. 500000)
 156 words of extra memory for PDF output out of 10000 (max. 10000000)

