\BOOKMARK [1][-]{section.1}{\376\377\000C\000r\000y\000p\000t\000o\000g\000r\000a\000p\000h\000y}{}% 1
\BOOKMARK [2][-]{subsection.1.1}{\376\377\000S\000c\000e\000n\000a\000r\000i\000o}{section.1}% 2
\BOOKMARK [2][-]{subsection.1.2}{\376\377\000Q\000u\000e\000s\000t\000i\000o\000n}{section.1}% 3
\BOOKMARK [2][-]{subsection.1.3}{\376\377\000A\000n\000s\000w\000e\000r}{section.1}% 4
\BOOKMARK [3][-]{subsubsection.1.3.1}{\376\377\000C\000r\000y\000p\000t\000o\000g\000r\000a\000p\000h\000y\000\040\000B\000a\000c\000k\000g\000r\000o\000u\000n\000d}{subsection.1.3}% 5
\BOOKMARK [3][-]{subsubsection.1.3.2}{\376\377\000C\000r\000y\000p\000t\000o\000g\000r\000a\000p\000h\000y\000\040\000C\000h\000o\000i\000c\000e}{subsection.1.3}% 6
\BOOKMARK [3][-]{subsubsection.1.3.3}{\376\377\000A\000l\000g\000o\000r\000i\000t\000h\000m\000\040\000B\000a\000c\000k\000g\000r\000o\000u\000n\000d}{subsection.1.3}% 7
\BOOKMARK [3][-]{subsubsection.1.3.4}{\376\377\000A\000l\000g\000o\000r\000i\000t\000h\000m\000\040\000C\000h\000o\000i\000c\000e}{subsection.1.3}% 8
\BOOKMARK [1][-]{section.2}{\376\377\000S\000t\000e\000g\000a\000n\000o\000g\000r\000a\000p\000h\000y\000\040\000\046\000\040\000A\000u\000t\000h\000e\000n\000t\000i\000c\000a\000t\000i\000o\000n}{}% 9
\BOOKMARK [2][-]{subsection.2.1}{\376\377\000S\000c\000e\000n\000a\000r\000i\000o\000\040\0001}{section.2}% 10
\BOOKMARK [2][-]{subsection.2.2}{\376\377\000Q\000u\000e\000s\000t\000i\000o\000n\000\040\0001}{section.2}% 11
\BOOKMARK [2][-]{subsection.2.3}{\376\377\000A\000n\000s\000w\000e\000r}{section.2}% 12
\BOOKMARK [3][-]{subsubsection.2.3.1}{\376\377\000S\000t\000e\000g\000a\000n\000o\000g\000r\000a\000p\000h\000y\000\040\000B\000a\000c\000k\000g\000r\000o\000u\000n\000d}{subsection.2.3}% 13
\BOOKMARK [3][-]{subsubsection.2.3.2}{\376\377\000L\000e\000a\000s\000t\000\040\000S\000i\000g\000n\000i\000f\000i\000c\000a\000n\000t\000\040\000B\000i\000t\000\040\000\050\000L\000S\000B\000\051\000\040\000A\000p\000p\000r\000o\000a\000c\000h}{subsection.2.3}% 14
\BOOKMARK [3][-]{subsubsection.2.3.3}{\376\377\000I\000n\000\040\000P\000r\000a\000c\000t\000i\000c\000e}{subsection.2.3}% 15
\BOOKMARK [3][-]{subsubsection.2.3.4}{\376\377\000S\000e\000l\000e\000c\000t\000i\000n\000g\000\040\000A\000n\000\040\000I\000m\000a\000g\000e}{subsection.2.3}% 16
\BOOKMARK [2][-]{subsection.2.4}{\376\377\000S\000c\000e\000n\000a\000r\000i\000o\000\040\0002}{section.2}% 17
\BOOKMARK [2][-]{subsection.2.5}{\376\377\000Q\000u\000e\000s\000t\000i\000o\000n\000\040\0002}{section.2}% 18
\BOOKMARK [2][-]{subsection.2.6}{\376\377\000A\000n\000s\000w\000e\000r}{section.2}% 19
\BOOKMARK [3][-]{subsubsection.2.6.1}{\376\377\000A\000u\000t\000h\000e\000n\000t\000i\000c\000a\000t\000i\000o\000n\000\040\000B\000a\000c\000k\000g\000r\000o\000u\000n\000d}{subsection.2.6}% 20
\BOOKMARK [3][-]{subsubsection.2.6.2}{\376\377\000A\000u\000t\000h\000e\000n\000t\000i\000c\000a\000t\000i\000o\000n\000\040\000F\000a\000c\000t\000o\000r\000s}{subsection.2.6}% 21
\BOOKMARK [3][-]{subsubsection.2.6.3}{\376\377\000K\000n\000o\000w\000l\000e\000d\000g\000e\000-\000B\000a\000s\000e\000d\000\040\000A\000t\000h\000e\000n\000t\000i\000c\000a\000t\000i\000o\000n}{subsection.2.6}% 22
\BOOKMARK [3][-]{subsubsection.2.6.4}{\376\377\000P\000o\000s\000e\000s\000s\000i\000o\000n\000-\000B\000a\000s\000e\000d\000\040\000A\000u\000t\000h\000e\000n\000t\000i\000c\000a\000t\000i\000o\000n}{subsection.2.6}% 23
\BOOKMARK [3][-]{subsubsection.2.6.5}{\376\377\000I\000n\000h\000e\000r\000e\000n\000c\000e\000\040\000/\000\040\000B\000i\000o\000m\000e\000t\000r\000i\000c\000s\000-\000B\000a\000s\000e\000d\000\040\000A\000u\000t\000h\000e\000n\000t\000i\000c\000a\000t\000i\000o\000n}{subsection.2.6}% 24
\BOOKMARK [3][-]{subsubsection.2.6.6}{\376\377\000L\000o\000c\000a\000t\000i\000o\000n\000-\000B\000a\000s\000e\000d\000\040\000A\000u\000t\000h\000e\000n\000t\000i\000c\000a\000t\000i\000o\000n}{subsection.2.6}% 25
\BOOKMARK [3][-]{subsubsection.2.6.7}{\376\377\000T\000i\000m\000e\000-\000B\000a\000s\000e\000d\000\040\000A\000u\000t\000h\000e\000n\000t\000i\000c\000a\000t\000i\000o\000n}{subsection.2.6}% 26
\BOOKMARK [3][-]{subsubsection.2.6.8}{\376\377\000T\000o\000k\000e\000n\000-\000B\000a\000s\000e\000d\000\040\000A\000u\000t\000h\000e\000n\000t\000i\000c\000a\000t\000i\000o\000n}{subsection.2.6}% 27
\BOOKMARK [3][-]{subsubsection.2.6.9}{\376\377\000A\000l\000g\000o\000r\000i\000t\000h\000m\000s}{subsection.2.6}% 28
\BOOKMARK [3][-]{subsubsection.2.6.10}{\376\377\000R\000e\000c\000o\000m\000m\000e\000n\000d\000a\000t\000i\000o\000n\000s}{subsection.2.6}% 29
\BOOKMARK [1][-]{section.3}{\376\377\000M\000a\000l\000w\000a\000r\000e}{}% 30
\BOOKMARK [2][-]{subsection.3.1}{\376\377\000S\000c\000e\000n\000a\000r\000i\000o\000\040\0001}{section.3}% 31
\BOOKMARK [2][-]{subsection.3.2}{\376\377\000Q\000u\000e\000s\000t\000i\000o\000n\000\040\0001}{section.3}% 32
\BOOKMARK [2][-]{subsection.3.3}{\376\377\000A\000n\000s\000w\000e\000r}{section.3}% 33
\BOOKMARK [3][-]{subsubsection.3.3.1}{\376\377\000V\000i\000r\000u\000s\000e\000s}{subsection.3.3}% 34
\BOOKMARK [3][-]{subsubsection.3.3.2}{\376\377\000W\000o\000r\000m\000s}{subsection.3.3}% 35
\BOOKMARK [3][-]{subsubsection.3.3.3}{\376\377\000T\000r\000o\000j\000a\000n\000s}{subsection.3.3}% 36
\BOOKMARK [3][-]{subsubsection.3.3.4}{\376\377\000I\000n\000t\000e\000n\000s\000i\000o\000n\000s\000\040\000\046\000\040\000S\000u\000b\000-\000T\000y\000p\000e\000s}{subsection.3.3}% 37
\BOOKMARK [3][-]{subsubsection.3.3.5}{\376\377\000C\000o\000m\000p\000a\000n\000y\000\040\000P\000o\000l\000i\000c\000y\000\040\000R\000e\000c\000o\000m\000m\000e\000n\000d\000a\000t\000i\000o\000n\000s}{subsection.3.3}% 38
\BOOKMARK [2][-]{subsection.3.4}{\376\377\000S\000c\000e\000n\000a\000r\000i\000o\000\040\0002}{section.3}% 39
\BOOKMARK [2][-]{subsection.3.5}{\376\377\000Q\000u\000e\000s\000t\000i\000o\000n\000\040\0002}{section.3}% 40
\BOOKMARK [2][-]{subsection.3.6}{\376\377\000A\000n\000s\000w\000e\000r}{section.3}% 41
\BOOKMARK [3][-]{subsubsection.3.6.1}{\376\377\000V\000i\000r\000u\000s\000e\000s}{subsection.3.6}% 42
\BOOKMARK [3][-]{subsubsection.3.6.2}{\376\377\000W\000o\000r\000m\000s}{subsection.3.6}% 43
\BOOKMARK [3][-]{subsubsection.3.6.3}{\376\377\000T\000r\000o\000j\000a\000n\000s}{subsection.3.6}% 44
\BOOKMARK [3][-]{subsubsection.3.6.4}{\376\377\000I\000n\000t\000e\000n\000s\000i\000o\000n\000s\000\040\000\046\000\040\000S\000u\000b\000-\000T\000y\000p\000e\000s}{subsection.3.6}% 45
\BOOKMARK [3][-]{subsubsection.3.6.5}{\376\377\000R\000e\000l\000a\000t\000i\000v\000e\000\040\000M\000a\000l\000w\000a\000r\000e\000\040\000\046\000\040\000I\000m\000p\000a\000c\000t}{subsection.3.6}% 46
\BOOKMARK [1][-]{section.4}{\376\377\000H\000u\000m\000a\000n\000\040\000S\000e\000c\000u\000r\000i\000t\000y}{}% 47
\BOOKMARK [1][-]{section.5}{\376\377\000N\000e\000t\000w\000o\000r\000k\000\040\000A\000t\000t\000a\000c\000k\000s}{}% 48
\BOOKMARK [2][-]{subsection.5.1}{\376\377\000S\000c\000e\000n\000a\000r\000i\000o}{section.5}% 49
\BOOKMARK [2][-]{subsection.5.2}{\376\377\000Q\000u\000e\000s\000t\000i\000o\000n}{section.5}% 50
\BOOKMARK [2][-]{subsection.5.3}{\376\377\000A\000n\000s\000w\000e\000r}{section.5}% 51
\BOOKMARK [3][-]{subsubsection.5.3.1}{\376\377\000B\000a\000c\000k\000g\000r\000o\000u\000n\000d}{subsection.5.3}% 52
\BOOKMARK [3][-]{subsubsection.5.3.2}{\376\377\000C\000o\000m\000m\000i\000n\000i\000c\000a\000t\000i\000o\000n\000s\000\040\000\046\000\040\000I\000n\000t\000e\000r\000f\000a\000c\000e\000s}{subsection.5.3}% 53
\BOOKMARK [3][-]{subsubsection.5.3.3}{\376\377\000S\000e\000r\000v\000e\000r\000\040\000V\000u\000l\000n\000e\000r\000a\000b\000i\000l\000i\000t\000i\000e\000s}{subsection.5.3}% 54
\BOOKMARK [3][-]{subsubsection.5.3.4}{\376\377\000P\000o\000r\000t\000\040\000\046\000\040\000R\000o\000u\000t\000e\000r\000\040\000V\000u\000l\000n\000e\000r\000a\000b\000i\000l\000i\000t\000i\000e\000s}{subsection.5.3}% 55
\BOOKMARK [3][-]{subsubsection.5.3.5}{\376\377\000C\000o\000m\000m\000u\000n\000i\000c\000a\000t\000i\000o\000n\000\040\000V\000u\000l\000n\000e\000r\000a\000b\000i\000l\000i\000t\000i\000e\000s}{subsection.5.3}% 56
\BOOKMARK [3][-]{subsubsection.5.3.6}{\376\377\000R\000e\000c\000o\000m\000m\000e\000n\000d\000a\000t\000i\000o\000n\000s}{subsection.5.3}% 57
\BOOKMARK [1][-]{section.6}{\376\377\000N\000e\000t\000w\000o\000r\000k\000\040\000D\000e\000f\000e\000n\000s\000e}{}% 58
\BOOKMARK [2][-]{subsection.6.1}{\376\377\000S\000c\000e\000n\000a\000r\000i\000o}{section.6}% 59
\BOOKMARK [2][-]{subsection.6.2}{\376\377\000Q\000u\000e\000s\000t\000i\000o\000n}{section.6}% 60
\BOOKMARK [2][-]{subsection.6.3}{\376\377\000A\000n\000s\000w\000e\000r}{section.6}% 61
\BOOKMARK [3][-]{subsubsection.6.3.1}{\376\377\000B\000a\000c\000k\000g\000r\000o\000u\000n\000d}{subsection.6.3}% 62
\BOOKMARK [3][-]{subsubsection.6.3.2}{\376\377\000F\000i\000r\000e\000w\000a\000l\000l\000s}{subsection.6.3}% 63
\BOOKMARK [3][-]{subsubsection.6.3.3}{\376\377\000V\000i\000r\000t\000u\000a\000l\000\040\000P\000r\000i\000v\000a\000t\000e\000\040\000N\000e\000t\000w\000o\000r\000k\000s}{subsection.6.3}% 64
\BOOKMARK [3][-]{subsubsection.6.3.4}{\376\377\000D\000e\000m\000i\000l\000i\000t\000a\000r\000i\000z\000e\000d\000\040\000Z\000o\000n\000e}{subsection.6.3}% 65
\BOOKMARK [3][-]{subsubsection.6.3.5}{\376\377\000I\000n\000t\000r\000u\000s\000i\000o\000n\000\040\000D\000e\000t\000e\000c\000t\000i\000o\000n\000\040\000S\000y\000s\000t\000e\000m\000s}{subsection.6.3}% 66
\BOOKMARK [3][-]{subsubsection.6.3.6}{\376\377\000D\000i\000g\000i\000t\000a\000l\000\040\000C\000e\000r\000t\000i\000f\000i\000c\000a\000t\000e\000s}{subsection.6.3}% 67
\BOOKMARK [3][-]{subsubsection.6.3.7}{\376\377\000R\000e\000c\000o\000m\000m\000e\000n\000d\000a\000t\000i\000o\000n\000s}{subsection.6.3}% 68
\BOOKMARK [1][-]{section.7}{\376\377\000T\000h\000r\000e\000a\000t\000\040\000M\000o\000d\000e\000l\000l\000i\000n\000g}{}% 69
\BOOKMARK [2][-]{subsection.7.1}{\376\377\000A\000n\000s\000w\000e\000r}{section.7}% 70
\BOOKMARK [3][-]{subsubsection.7.1.1}{\376\377\000B\000a\000c\000k\000g\000r\000o\000u\000n\000d}{subsection.7.1}% 71
\BOOKMARK [3][-]{subsubsection.7.1.2}{\376\377\000S\000T\000R\000I\000D\000E}{subsection.7.1}% 72
\BOOKMARK [3][-]{subsubsection.7.1.3}{\376\377\000C\000y\000b\000e\000r\000\040\000K\000i\000l\000l\000\040\000C\000h\000a\000i\000n\000s\000\256}{subsection.7.1}% 73
