This is pdfTeX, Version 3.141592653-2.6-1.40.24 (TeX Live 2022/Arch Linux) (preloaded format=pdflatex 2022.7.28)  16 AUG 2022 11:36
entering extended mode
 restricted \write18 enabled.
 %&-line parsing enabled.
**CS993_Assignment1.tex
(./CS993_Assignment1.tex
LaTeX2e <2021-11-15> patch level 1
L3 programming layer <2022-04-10>
(/usr/share/texmf-dist/tex/latex/base/article.cls
Document Class: article 2021/10/04 v1.4n Standard LaTeX document class
(/usr/share/texmf-dist/tex/latex/base/size11.clo
File: size11.clo 2021/10/04 v1.4n Standard LaTeX file (size option)
)
\c@part=\count185
\c@section=\count186
\c@subsection=\count187
\c@subsubsection=\count188
\c@paragraph=\count189
\c@subparagraph=\count190
\c@figure=\count191
\c@table=\count192
\abovecaptionskip=\skip47
\belowcaptionskip=\skip48
\bibindent=\dimen138
)
(/usr/share/texmf-dist/tex/latex/geometry/geometry.sty
Package: geometry 2020/01/02 v5.9 Page Geometry

(/usr/share/texmf-dist/tex/latex/graphics/keyval.sty
Package: keyval 2014/10/28 v1.15 key=value parser (DPC)
\KV@toks@=\toks16
)
(/usr/share/texmf-dist/tex/generic/iftex/ifvtex.sty
Package: ifvtex 2019/10/25 v1.7 ifvtex legacy package. Use iftex instead.

(/usr/share/texmf-dist/tex/generic/iftex/iftex.sty
Package: iftex 2022/02/03 v1.0f TeX engine tests
))
\Gm@cnth=\count193
\Gm@cntv=\count194
\c@Gm@tempcnt=\count195
\Gm@bindingoffset=\dimen139
\Gm@wd@mp=\dimen140
\Gm@odd@mp=\dimen141
\Gm@even@mp=\dimen142
\Gm@layoutwidth=\dimen143
\Gm@layoutheight=\dimen144
\Gm@layouthoffset=\dimen145
\Gm@layoutvoffset=\dimen146
\Gm@dimlist=\toks17
)

Package geometry Warning: Over-specification in `h'-direction.
    `width' (597.50787pt) is ignored.


Package geometry Warning: Over-specification in `v'-direction.
    `height' (845.04684pt) is ignored.

(/usr/share/texmf-dist/tex/latex/titlesec/titlesec.sty
Package: titlesec 2021/07/05 v2.14 Sectioning titles
\ttl@box=\box50
\beforetitleunit=\skip49
\aftertitleunit=\skip50
\ttl@plus=\dimen147
\ttl@minus=\dimen148
\ttl@toksa=\toks18
\titlewidth=\dimen149
\titlewidthlast=\dimen150
\titlewidthfirst=\dimen151
)
(/usr/share/texmf-dist/tex/latex/float/float.sty
Package: float 2001/11/08 v1.3d Float enhancements (AL)
\c@float@type=\count196
\float@exts=\toks19
\float@box=\box51
\@float@everytoks=\toks20
\@floatcapt=\box52
)
(/usr/share/texmf-dist/tex/latex/tools/longtable.sty
Package: longtable 2021-09-01 v4.17 Multi-page Table package (DPC)
\LTleft=\skip51
\LTright=\skip52
\LTpre=\skip53
\LTpost=\skip54
\LTchunksize=\count197
\LTcapwidth=\dimen152
\LT@head=\box53
\LT@firsthead=\box54
\LT@foot=\box55
\LT@lastfoot=\box56
\LT@gbox=\box57
\LT@cols=\count198
\LT@rows=\count199
\c@LT@tables=\count266
\c@LT@chunks=\count267
\LT@p@ftn=\toks21
)
(/usr/share/texmf-dist/tex/latex/multirow/multirow.sty
Package: multirow 2021/03/15 v2.8 Span multiple rows of a table
\multirow@colwidth=\skip55
\multirow@cntb=\count268
\multirow@dima=\skip56
\bigstrutjot=\dimen153
)
(/usr/share/texmf-dist/tex/latex/caption/caption.sty
Package: caption 2022/03/01 v3.6b Customizing captions (AR)

(/usr/share/texmf-dist/tex/latex/caption/caption3.sty
Package: caption3 2022/03/17 v2.3b caption3 kernel (AR)
\caption@tempdima=\dimen154
\captionmargin=\dimen155
\caption@leftmargin=\dimen156
\caption@rightmargin=\dimen157
\caption@width=\dimen158
\caption@indent=\dimen159
\caption@parindent=\dimen160
\caption@hangindent=\dimen161
Package caption Info: Standard document class detected.
)
\c@caption@flags=\count269
\c@continuedfloat=\count270
Package caption Info: float package is loaded.
Package caption Info: longtable package is loaded.

(/usr/share/texmf-dist/tex/latex/caption/ltcaption.sty
Package: ltcaption 2021/01/08 v1.4c longtable captions (AR)
))
(/usr/share/texmf-dist/tex/latex/caption/subcaption.sty
Package: subcaption 2022/01/07 v1.5 Sub-captions (AR)
\c@subfigure=\count271
\c@subtable=\count272
)
(/usr/share/texmf-dist/tex/latex/hyperref/hyperref.sty
Package: hyperref 2022-02-21 v7.00n Hypertext links for LaTeX

(/usr/share/texmf-dist/tex/generic/ltxcmds/ltxcmds.sty
Package: ltxcmds 2020-05-10 v1.25 LaTeX kernel commands for general use (HO)
)
(/usr/share/texmf-dist/tex/generic/pdftexcmds/pdftexcmds.sty
Package: pdftexcmds 2020-06-27 v0.33 Utility functions of pdfTeX for LuaTeX (HO
)

(/usr/share/texmf-dist/tex/generic/infwarerr/infwarerr.sty
Package: infwarerr 2019/12/03 v1.5 Providing info/warning/error messages (HO)
)
Package pdftexcmds Info: \pdf@primitive is available.
Package pdftexcmds Info: \pdf@ifprimitive is available.
Package pdftexcmds Info: \pdfdraftmode found.
)
(/usr/share/texmf-dist/tex/generic/kvsetkeys/kvsetkeys.sty
Package: kvsetkeys 2019/12/15 v1.18 Key value parser (HO)
)
(/usr/share/texmf-dist/tex/generic/kvdefinekeys/kvdefinekeys.sty
Package: kvdefinekeys 2019-12-19 v1.6 Define keys (HO)
)
(/usr/share/texmf-dist/tex/generic/pdfescape/pdfescape.sty
Package: pdfescape 2019/12/09 v1.15 Implements pdfTeX's escape features (HO)
)
(/usr/share/texmf-dist/tex/latex/hycolor/hycolor.sty
Package: hycolor 2020-01-27 v1.10 Color options for hyperref/bookmark (HO)
)
(/usr/share/texmf-dist/tex/latex/letltxmacro/letltxmacro.sty
Package: letltxmacro 2019/12/03 v1.6 Let assignment for LaTeX macros (HO)
)
(/usr/share/texmf-dist/tex/latex/auxhook/auxhook.sty
Package: auxhook 2019-12-17 v1.6 Hooks for auxiliary files (HO)
)
(/usr/share/texmf-dist/tex/latex/kvoptions/kvoptions.sty
Package: kvoptions 2020-10-07 v3.14 Key value format for package options (HO)
)
\@linkdim=\dimen162
\Hy@linkcounter=\count273
\Hy@pagecounter=\count274

(/usr/share/texmf-dist/tex/latex/hyperref/pd1enc.def
File: pd1enc.def 2022-02-21 v7.00n Hyperref: PDFDocEncoding definition (HO)
Now handling font encoding PD1 ...
... no UTF-8 mapping file for font encoding PD1
)
(/usr/share/texmf-dist/tex/generic/intcalc/intcalc.sty
Package: intcalc 2019/12/15 v1.3 Expandable calculations with integers (HO)
)
(/usr/share/texmf-dist/tex/generic/etexcmds/etexcmds.sty
Package: etexcmds 2019/12/15 v1.7 Avoid name clashes with e-TeX commands (HO)
)
\Hy@SavedSpaceFactor=\count275

(/usr/share/texmf-dist/tex/latex/hyperref/puenc.def
File: puenc.def 2022-02-21 v7.00n Hyperref: PDF Unicode definition (HO)
Now handling font encoding PU ...
... no UTF-8 mapping file for font encoding PU
)
Package hyperref Info: Hyper figures OFF on input line 4137.
Package hyperref Info: Link nesting OFF on input line 4142.
Package hyperref Info: Hyper index ON on input line 4145.
Package hyperref Info: Plain pages OFF on input line 4152.
Package hyperref Info: Backreferencing OFF on input line 4157.
Package hyperref Info: Implicit mode ON; LaTeX internals redefined.
Package hyperref Info: Bookmarks ON on input line 4390.
\c@Hy@tempcnt=\count276

(/usr/share/texmf-dist/tex/latex/url/url.sty
\Urlmuskip=\muskip16
Package: url 2013/09/16  ver 3.4  Verb mode for urls, etc.
)
LaTeX Info: Redefining \url on input line 4749.
\XeTeXLinkMargin=\dimen163

(/usr/share/texmf-dist/tex/generic/bitset/bitset.sty
Package: bitset 2019/12/09 v1.3 Handle bit-vector datatype (HO)

(/usr/share/texmf-dist/tex/generic/bigintcalc/bigintcalc.sty
Package: bigintcalc 2019/12/15 v1.5 Expandable calculations on big integers (HO
)
))
\Fld@menulength=\count277
\Field@Width=\dimen164
\Fld@charsize=\dimen165
Package hyperref Info: Hyper figures OFF on input line 6027.
Package hyperref Info: Link nesting OFF on input line 6032.
Package hyperref Info: Hyper index ON on input line 6035.
Package hyperref Info: backreferencing OFF on input line 6042.
Package hyperref Info: Link coloring OFF on input line 6047.
Package hyperref Info: Link coloring with OCG OFF on input line 6052.
Package hyperref Info: PDF/A mode OFF on input line 6057.
LaTeX Info: Redefining \ref on input line 6097.
LaTeX Info: Redefining \pageref on input line 6101.

(/usr/share/texmf-dist/tex/latex/base/atbegshi-ltx.sty
Package: atbegshi-ltx 2021/01/10 v1.0c Emulation of the original atbegshi
package with kernel methods
)
\Hy@abspage=\count278
\c@Item=\count279
\c@Hfootnote=\count280
)
Package hyperref Info: Driver (autodetected): hpdftex.

(/usr/share/texmf-dist/tex/latex/hyperref/hpdftex.def
File: hpdftex.def 2022-02-21 v7.00n Hyperref driver for pdfTeX

(/usr/share/texmf-dist/tex/latex/base/atveryend-ltx.sty
Package: atveryend-ltx 2020/08/19 v1.0a Emulation of the original atveryend pac
kage
with kernel methods
)
\Fld@listcount=\count281
\c@bookmark@seq@number=\count282

(/usr/share/texmf-dist/tex/latex/rerunfilecheck/rerunfilecheck.sty
Package: rerunfilecheck 2019/12/05 v1.9 Rerun checks for auxiliary files (HO)

(/usr/share/texmf-dist/tex/generic/uniquecounter/uniquecounter.sty
Package: uniquecounter 2019/12/15 v1.4 Provide unlimited unique counter (HO)
)
Package uniquecounter Info: New unique counter `rerunfilecheck' on input line 2
86.
)
\Hy@SectionHShift=\skip57
)
Package hyperref Info: Option `colorlinks' set `true' on input line 47.

(/usr/share/texmf-dist/tex/latex/setspace/setspace.sty
Package: setspace 2011/12/19 v6.7a set line spacing
)
(/usr/share/texmf-dist/tex/latex/amsmath/amsmath.sty
Package: amsmath 2021/10/15 v2.17l AMS math features
\@mathmargin=\skip58

For additional information on amsmath, use the `?' option.
(/usr/share/texmf-dist/tex/latex/amsmath/amstext.sty
Package: amstext 2021/08/26 v2.01 AMS text

(/usr/share/texmf-dist/tex/latex/amsmath/amsgen.sty
File: amsgen.sty 1999/11/30 v2.0 generic functions
\@emptytoks=\toks22
\ex@=\dimen166
))
(/usr/share/texmf-dist/tex/latex/amsmath/amsbsy.sty
Package: amsbsy 1999/11/29 v1.2d Bold Symbols
\pmbraise@=\dimen167
)
(/usr/share/texmf-dist/tex/latex/amsmath/amsopn.sty
Package: amsopn 2021/08/26 v2.02 operator names
)
\inf@bad=\count283
LaTeX Info: Redefining \frac on input line 234.
\uproot@=\count284
\leftroot@=\count285
LaTeX Info: Redefining \overline on input line 399.
\classnum@=\count286
\DOTSCASE@=\count287
LaTeX Info: Redefining \ldots on input line 496.
LaTeX Info: Redefining \dots on input line 499.
LaTeX Info: Redefining \cdots on input line 620.
\Mathstrutbox@=\box58
\strutbox@=\box59
\big@size=\dimen168
LaTeX Font Info:    Redeclaring font encoding OML on input line 743.
LaTeX Font Info:    Redeclaring font encoding OMS on input line 744.
\macc@depth=\count288
\c@MaxMatrixCols=\count289
\dotsspace@=\muskip17
\c@parentequation=\count290
\dspbrk@lvl=\count291
\tag@help=\toks23
\row@=\count292
\column@=\count293
\maxfields@=\count294
\andhelp@=\toks24
\eqnshift@=\dimen169
\alignsep@=\dimen170
\tagshift@=\dimen171
\tagwidth@=\dimen172
\totwidth@=\dimen173
\lineht@=\dimen174
\@envbody=\toks25
\multlinegap=\skip59
\multlinetaggap=\skip60
\mathdisplay@stack=\toks26
LaTeX Info: Redefining \[ on input line 2938.
LaTeX Info: Redefining \] on input line 2939.
)
(/usr/share/texmf-dist/tex/latex/amsfonts/amssymb.sty
Package: amssymb 2013/01/14 v3.01 AMS font symbols

(/usr/share/texmf-dist/tex/latex/amsfonts/amsfonts.sty
Package: amsfonts 2013/01/14 v3.01 Basic AMSFonts support
\symAMSa=\mathgroup4
\symAMSb=\mathgroup5
LaTeX Font Info:    Redeclaring math symbol \hbar on input line 98.
LaTeX Font Info:    Overwriting math alphabet `\mathfrak' in version `bold'
(Font)                  U/euf/m/n --> U/euf/b/n on input line 106.
))
(/usr/share/texmf-dist/tex/latex/graphics/graphicx.sty
Package: graphicx 2021/09/16 v1.2d Enhanced LaTeX Graphics (DPC,SPQR)

(/usr/share/texmf-dist/tex/latex/graphics/graphics.sty
Package: graphics 2021/03/04 v1.4d Standard LaTeX Graphics (DPC,SPQR)

(/usr/share/texmf-dist/tex/latex/graphics/trig.sty
Package: trig 2021/08/11 v1.11 sin cos tan (DPC)
)
(/usr/share/texmf-dist/tex/latex/graphics-cfg/graphics.cfg
File: graphics.cfg 2016/06/04 v1.11 sample graphics configuration
)
Package graphics Info: Driver file: pdftex.def on input line 107.

(/usr/share/texmf-dist/tex/latex/graphics-def/pdftex.def
File: pdftex.def 2020/10/05 v1.2a Graphics/color driver for pdftex
))
\Gin@req@height=\dimen175
\Gin@req@width=\dimen176
)
(/usr/share/texmf-dist/tex/latex/pgf/frontendlayer/tikz.sty
(/usr/share/texmf-dist/tex/latex/pgf/basiclayer/pgf.sty
(/usr/share/texmf-dist/tex/latex/pgf/utilities/pgfrcs.sty
(/usr/share/texmf-dist/tex/generic/pgf/utilities/pgfutil-common.tex
\pgfutil@everybye=\toks27
\pgfutil@tempdima=\dimen177
\pgfutil@tempdimb=\dimen178

(/usr/share/texmf-dist/tex/generic/pgf/utilities/pgfutil-common-lists.tex))
(/usr/share/texmf-dist/tex/generic/pgf/utilities/pgfutil-latex.def
\pgfutil@abb=\box60
)
(/usr/share/texmf-dist/tex/generic/pgf/utilities/pgfrcs.code.tex
(/usr/share/texmf-dist/tex/generic/pgf/pgf.revision.tex)
Package: pgfrcs 2021/05/15 v3.1.9a (3.1.9a)
))
Package: pgf 2021/05/15 v3.1.9a (3.1.9a)

(/usr/share/texmf-dist/tex/latex/pgf/basiclayer/pgfcore.sty
(/usr/share/texmf-dist/tex/latex/pgf/systemlayer/pgfsys.sty
(/usr/share/texmf-dist/tex/generic/pgf/systemlayer/pgfsys.code.tex
Package: pgfsys 2021/05/15 v3.1.9a (3.1.9a)

(/usr/share/texmf-dist/tex/generic/pgf/utilities/pgfkeys.code.tex
\pgfkeys@pathtoks=\toks28
\pgfkeys@temptoks=\toks29

(/usr/share/texmf-dist/tex/generic/pgf/utilities/pgfkeysfiltered.code.tex
\pgfkeys@tmptoks=\toks30
))
\pgf@x=\dimen179
\pgf@y=\dimen180
\pgf@xa=\dimen181
\pgf@ya=\dimen182
\pgf@xb=\dimen183
\pgf@yb=\dimen184
\pgf@xc=\dimen185
\pgf@yc=\dimen186
\pgf@xd=\dimen187
\pgf@yd=\dimen188
\w@pgf@writea=\write3
\r@pgf@reada=\read2
\c@pgf@counta=\count295
\c@pgf@countb=\count296
\c@pgf@countc=\count297
\c@pgf@countd=\count298
\t@pgf@toka=\toks31
\t@pgf@tokb=\toks32
\t@pgf@tokc=\toks33
\pgf@sys@id@count=\count299

(/usr/share/texmf-dist/tex/generic/pgf/systemlayer/pgf.cfg
File: pgf.cfg 2021/05/15 v3.1.9a (3.1.9a)
)
Driver file for pgf: pgfsys-pdftex.def

(/usr/share/texmf-dist/tex/generic/pgf/systemlayer/pgfsys-pdftex.def
File: pgfsys-pdftex.def 2021/05/15 v3.1.9a (3.1.9a)

(/usr/share/texmf-dist/tex/generic/pgf/systemlayer/pgfsys-common-pdf.def
File: pgfsys-common-pdf.def 2021/05/15 v3.1.9a (3.1.9a)
)))
(/usr/share/texmf-dist/tex/generic/pgf/systemlayer/pgfsyssoftpath.code.tex
File: pgfsyssoftpath.code.tex 2021/05/15 v3.1.9a (3.1.9a)
\pgfsyssoftpath@smallbuffer@items=\count300
\pgfsyssoftpath@bigbuffer@items=\count301
)
(/usr/share/texmf-dist/tex/generic/pgf/systemlayer/pgfsysprotocol.code.tex
File: pgfsysprotocol.code.tex 2021/05/15 v3.1.9a (3.1.9a)
))
(/usr/share/texmf-dist/tex/latex/xcolor/xcolor.sty
Package: xcolor 2021/10/31 v2.13 LaTeX color extensions (UK)

(/usr/share/texmf-dist/tex/latex/graphics-cfg/color.cfg
File: color.cfg 2016/01/02 v1.6 sample color configuration
)
Package xcolor Info: Driver file: pdftex.def on input line 227.
Package xcolor Info: Model `cmy' substituted by `cmy0' on input line 1352.
Package xcolor Info: Model `hsb' substituted by `rgb' on input line 1356.
Package xcolor Info: Model `RGB' extended on input line 1368.
Package xcolor Info: Model `HTML' substituted by `rgb' on input line 1370.
Package xcolor Info: Model `Hsb' substituted by `hsb' on input line 1371.
Package xcolor Info: Model `tHsb' substituted by `hsb' on input line 1372.
Package xcolor Info: Model `HSB' substituted by `hsb' on input line 1373.
Package xcolor Info: Model `Gray' substituted by `gray' on input line 1374.
Package xcolor Info: Model `wave' substituted by `hsb' on input line 1375.
)
(/usr/share/texmf-dist/tex/generic/pgf/basiclayer/pgfcore.code.tex
Package: pgfcore 2021/05/15 v3.1.9a (3.1.9a)

(/usr/share/texmf-dist/tex/generic/pgf/math/pgfmath.code.tex
(/usr/share/texmf-dist/tex/generic/pgf/math/pgfmathcalc.code.tex
(/usr/share/texmf-dist/tex/generic/pgf/math/pgfmathutil.code.tex)
(/usr/share/texmf-dist/tex/generic/pgf/math/pgfmathparser.code.tex
\pgfmath@dimen=\dimen189
\pgfmath@count=\count302
\pgfmath@box=\box61
\pgfmath@toks=\toks34
\pgfmath@stack@operand=\toks35
\pgfmath@stack@operation=\toks36
)
(/usr/share/texmf-dist/tex/generic/pgf/math/pgfmathfunctions.code.tex
(/usr/share/texmf-dist/tex/generic/pgf/math/pgfmathfunctions.basic.code.tex)
(/usr/share/texmf-dist/tex/generic/pgf/math/pgfmathfunctions.trigonometric.code
.tex)
(/usr/share/texmf-dist/tex/generic/pgf/math/pgfmathfunctions.random.code.tex)
(/usr/share/texmf-dist/tex/generic/pgf/math/pgfmathfunctions.comparison.code.te
x) (/usr/share/texmf-dist/tex/generic/pgf/math/pgfmathfunctions.base.code.tex)
(/usr/share/texmf-dist/tex/generic/pgf/math/pgfmathfunctions.round.code.tex)
(/usr/share/texmf-dist/tex/generic/pgf/math/pgfmathfunctions.misc.code.tex)
(/usr/share/texmf-dist/tex/generic/pgf/math/pgfmathfunctions.integerarithmetics
.code.tex))) (/usr/share/texmf-dist/tex/generic/pgf/math/pgfmathfloat.code.tex
\c@pgfmathroundto@lastzeros=\count303
)) (/usr/share/texmf-dist/tex/generic/pgf/math/pgfint.code.tex)
(/usr/share/texmf-dist/tex/generic/pgf/basiclayer/pgfcorepoints.code.tex
File: pgfcorepoints.code.tex 2021/05/15 v3.1.9a (3.1.9a)
\pgf@picminx=\dimen190
\pgf@picmaxx=\dimen191
\pgf@picminy=\dimen192
\pgf@picmaxy=\dimen193
\pgf@pathminx=\dimen194
\pgf@pathmaxx=\dimen195
\pgf@pathminy=\dimen196
\pgf@pathmaxy=\dimen197
\pgf@xx=\dimen198
\pgf@xy=\dimen199
\pgf@yx=\dimen256
\pgf@yy=\dimen257
\pgf@zx=\dimen258
\pgf@zy=\dimen259
)
(/usr/share/texmf-dist/tex/generic/pgf/basiclayer/pgfcorepathconstruct.code.tex
File: pgfcorepathconstruct.code.tex 2021/05/15 v3.1.9a (3.1.9a)
\pgf@path@lastx=\dimen260
\pgf@path@lasty=\dimen261
) (/usr/share/texmf-dist/tex/generic/pgf/basiclayer/pgfcorepathusage.code.tex
File: pgfcorepathusage.code.tex 2021/05/15 v3.1.9a (3.1.9a)
\pgf@shorten@end@additional=\dimen262
\pgf@shorten@start@additional=\dimen263
)
(/usr/share/texmf-dist/tex/generic/pgf/basiclayer/pgfcorescopes.code.tex
File: pgfcorescopes.code.tex 2021/05/15 v3.1.9a (3.1.9a)
\pgfpic=\box62
\pgf@hbox=\box63
\pgf@layerbox@main=\box64
\pgf@picture@serial@count=\count304
)
(/usr/share/texmf-dist/tex/generic/pgf/basiclayer/pgfcoregraphicstate.code.tex
File: pgfcoregraphicstate.code.tex 2021/05/15 v3.1.9a (3.1.9a)
\pgflinewidth=\dimen264
)
(/usr/share/texmf-dist/tex/generic/pgf/basiclayer/pgfcoretransformations.code.t
ex
File: pgfcoretransformations.code.tex 2021/05/15 v3.1.9a (3.1.9a)
\pgf@pt@x=\dimen265
\pgf@pt@y=\dimen266
\pgf@pt@temp=\dimen267
) (/usr/share/texmf-dist/tex/generic/pgf/basiclayer/pgfcorequick.code.tex
File: pgfcorequick.code.tex 2021/05/15 v3.1.9a (3.1.9a)
)
(/usr/share/texmf-dist/tex/generic/pgf/basiclayer/pgfcoreobjects.code.tex
File: pgfcoreobjects.code.tex 2021/05/15 v3.1.9a (3.1.9a)
)
(/usr/share/texmf-dist/tex/generic/pgf/basiclayer/pgfcorepathprocessing.code.te
x
File: pgfcorepathprocessing.code.tex 2021/05/15 v3.1.9a (3.1.9a)
) (/usr/share/texmf-dist/tex/generic/pgf/basiclayer/pgfcorearrows.code.tex
File: pgfcorearrows.code.tex 2021/05/15 v3.1.9a (3.1.9a)
\pgfarrowsep=\dimen268
)
(/usr/share/texmf-dist/tex/generic/pgf/basiclayer/pgfcoreshade.code.tex
File: pgfcoreshade.code.tex 2021/05/15 v3.1.9a (3.1.9a)
\pgf@max=\dimen269
\pgf@sys@shading@range@num=\count305
\pgf@shadingcount=\count306
)
(/usr/share/texmf-dist/tex/generic/pgf/basiclayer/pgfcoreimage.code.tex
File: pgfcoreimage.code.tex 2021/05/15 v3.1.9a (3.1.9a)

(/usr/share/texmf-dist/tex/generic/pgf/basiclayer/pgfcoreexternal.code.tex
File: pgfcoreexternal.code.tex 2021/05/15 v3.1.9a (3.1.9a)
\pgfexternal@startupbox=\box65
))
(/usr/share/texmf-dist/tex/generic/pgf/basiclayer/pgfcorelayers.code.tex
File: pgfcorelayers.code.tex 2021/05/15 v3.1.9a (3.1.9a)
)
(/usr/share/texmf-dist/tex/generic/pgf/basiclayer/pgfcoretransparency.code.tex
File: pgfcoretransparency.code.tex 2021/05/15 v3.1.9a (3.1.9a)
) (/usr/share/texmf-dist/tex/generic/pgf/basiclayer/pgfcorepatterns.code.tex
File: pgfcorepatterns.code.tex 2021/05/15 v3.1.9a (3.1.9a)
)
(/usr/share/texmf-dist/tex/generic/pgf/basiclayer/pgfcorerdf.code.tex
File: pgfcorerdf.code.tex 2021/05/15 v3.1.9a (3.1.9a)
)))
(/usr/share/texmf-dist/tex/generic/pgf/modules/pgfmoduleshapes.code.tex
File: pgfmoduleshapes.code.tex 2021/05/15 v3.1.9a (3.1.9a)
\pgfnodeparttextbox=\box66
)
(/usr/share/texmf-dist/tex/generic/pgf/modules/pgfmoduleplot.code.tex
File: pgfmoduleplot.code.tex 2021/05/15 v3.1.9a (3.1.9a)
)
(/usr/share/texmf-dist/tex/latex/pgf/compatibility/pgfcomp-version-0-65.sty
Package: pgfcomp-version-0-65 2021/05/15 v3.1.9a (3.1.9a)
\pgf@nodesepstart=\dimen270
\pgf@nodesepend=\dimen271
)
(/usr/share/texmf-dist/tex/latex/pgf/compatibility/pgfcomp-version-1-18.sty
Package: pgfcomp-version-1-18 2021/05/15 v3.1.9a (3.1.9a)
))
(/usr/share/texmf-dist/tex/latex/pgf/utilities/pgffor.sty
(/usr/share/texmf-dist/tex/latex/pgf/utilities/pgfkeys.sty
(/usr/share/texmf-dist/tex/generic/pgf/utilities/pgfkeys.code.tex))
(/usr/share/texmf-dist/tex/latex/pgf/math/pgfmath.sty
(/usr/share/texmf-dist/tex/generic/pgf/math/pgfmath.code.tex))
(/usr/share/texmf-dist/tex/generic/pgf/utilities/pgffor.code.tex
Package: pgffor 2021/05/15 v3.1.9a (3.1.9a)

(/usr/share/texmf-dist/tex/generic/pgf/math/pgfmath.code.tex)
\pgffor@iter=\dimen272
\pgffor@skip=\dimen273
\pgffor@stack=\toks37
\pgffor@toks=\toks38
))
(/usr/share/texmf-dist/tex/generic/pgf/frontendlayer/tikz/tikz.code.tex
Package: tikz 2021/05/15 v3.1.9a (3.1.9a)

(/usr/share/texmf-dist/tex/generic/pgf/libraries/pgflibraryplothandlers.code.te
x
File: pgflibraryplothandlers.code.tex 2021/05/15 v3.1.9a (3.1.9a)
\pgf@plot@mark@count=\count307
\pgfplotmarksize=\dimen274
)
\tikz@lastx=\dimen275
\tikz@lasty=\dimen276
\tikz@lastxsaved=\dimen277
\tikz@lastysaved=\dimen278
\tikz@lastmovetox=\dimen279
\tikz@lastmovetoy=\dimen280
\tikzleveldistance=\dimen281
\tikzsiblingdistance=\dimen282
\tikz@figbox=\box67
\tikz@figbox@bg=\box68
\tikz@tempbox=\box69
\tikz@tempbox@bg=\box70
\tikztreelevel=\count308
\tikznumberofchildren=\count309
\tikznumberofcurrentchild=\count310
\tikz@fig@count=\count311
 (/usr/share/texmf-dist/tex/generic/pgf/modules/pgfmodulematrix.code.tex
File: pgfmodulematrix.code.tex 2021/05/15 v3.1.9a (3.1.9a)
\pgfmatrixcurrentrow=\count312
\pgfmatrixcurrentcolumn=\count313
\pgf@matrix@numberofcolumns=\count314
)
\tikz@expandcount=\count315

(/usr/share/texmf-dist/tex/generic/pgf/frontendlayer/tikz/libraries/tikzlibrary
topaths.code.tex
File: tikzlibrarytopaths.code.tex 2021/05/15 v3.1.9a (3.1.9a)
)))
(/usr/share/texmf-dist/tex/generic/pgf/frontendlayer/tikz/libraries/tikzlibrary
trees.code.tex
File: tikzlibrarytrees.code.tex 2021/05/15 v3.1.9a (3.1.9a)
)
(/usr/share/texmf-dist/tex/generic/pgf/frontendlayer/tikz/libraries/tikzlibrary
arrows.code.tex
File: tikzlibraryarrows.code.tex 2021/05/15 v3.1.9a (3.1.9a)

(/usr/share/texmf-dist/tex/generic/pgf/libraries/pgflibraryarrows.code.tex
File: pgflibraryarrows.code.tex 2021/05/15 v3.1.9a (3.1.9a)
\arrowsize=\dimen283
))
(/usr/share/texmf-dist/tex/latex/base/inputenc.sty
Package: inputenc 2021/02/14 v1.3d Input encoding file
\inpenc@prehook=\toks39
\inpenc@posthook=\toks40
)
(/usr/share/texmf-dist/tex/latex/base/fontenc.sty
Package: fontenc 2021/04/29 v2.0v Standard LaTeX package
)
(/usr/share/texmf-dist/tex/latex/l3backend/l3backend-pdftex.def
File: l3backend-pdftex.def 2022-04-14 L3 backend support: PDF output (pdfTeX)
\l__color_backend_stack_int=\count316
\l__pdf_internal_box=\box71
)
(./CS993_Assignment1.aux)
\openout1 = `CS993_Assignment1.aux'.

LaTeX Font Info:    Checking defaults for OML/cmm/m/it on input line 64.
LaTeX Font Info:    ... okay on input line 64.
LaTeX Font Info:    Checking defaults for OMS/cmsy/m/n on input line 64.
LaTeX Font Info:    ... okay on input line 64.
LaTeX Font Info:    Checking defaults for OT1/cmr/m/n on input line 64.
LaTeX Font Info:    ... okay on input line 64.
LaTeX Font Info:    Checking defaults for T1/cmr/m/n on input line 64.
LaTeX Font Info:    ... okay on input line 64.
LaTeX Font Info:    Checking defaults for TS1/cmr/m/n on input line 64.
LaTeX Font Info:    ... okay on input line 64.
LaTeX Font Info:    Checking defaults for OMX/cmex/m/n on input line 64.
LaTeX Font Info:    ... okay on input line 64.
LaTeX Font Info:    Checking defaults for U/cmr/m/n on input line 64.
LaTeX Font Info:    ... okay on input line 64.
LaTeX Font Info:    Checking defaults for PD1/pdf/m/n on input line 64.
LaTeX Font Info:    ... okay on input line 64.
LaTeX Font Info:    Checking defaults for PU/pdf/m/n on input line 64.
LaTeX Font Info:    ... okay on input line 64.

*geometry* driver: auto-detecting
*geometry* detected driver: pdftex
*geometry* verbose mode - [ preamble ] result:
* driver: pdftex
* paper: a4paper
* layout: <same size as paper>
* layoutoffset:(h,v)=(0.0pt,0.0pt)
* modes: 
* h-part:(L,W,R)=(68.2866pt, 460.93466pt, 68.2866pt)
* v-part:(T,H,B)=(91.04881pt, 662.94922pt, 91.04881pt)
* \paperwidth=597.50787pt
* \paperheight=845.04684pt
* \textwidth=460.93466pt
* \textheight=662.94922pt
* \oddsidemargin=-3.98338pt
* \evensidemargin=-3.98338pt
* \topmargin=-18.22118pt
* \headheight=12.0pt
* \headsep=25.0pt
* \topskip=11.0pt
* \footskip=30.0pt
* \marginparwidth=59.0pt
* \marginparsep=10.0pt
* \columnsep=10.0pt
* \skip\footins=10.0pt plus 4.0pt minus 2.0pt
* \hoffset=0.0pt
* \voffset=0.0pt
* \mag=1000
* \@twocolumnfalse
* \@twosidefalse
* \@mparswitchfalse
* \@reversemarginfalse
* (1in=72.27pt=25.4mm, 1cm=28.453pt)

Package caption Info: Begin \AtBeginDocument code.
Package caption Info: hyperref package is loaded.
Package caption Info: End \AtBeginDocument code.
Package hyperref Info: Link coloring ON on input line 64.
(/usr/share/texmf-dist/tex/latex/hyperref/nameref.sty
Package: nameref 2021-04-02 v2.47 Cross-referencing by name of section

(/usr/share/texmf-dist/tex/latex/refcount/refcount.sty
Package: refcount 2019/12/15 v3.6 Data extraction from label references (HO)
)
(/usr/share/texmf-dist/tex/generic/gettitlestring/gettitlestring.sty
Package: gettitlestring 2019/12/15 v1.6 Cleanup title references (HO)
)
\c@section@level=\count317
)
LaTeX Info: Redefining \ref on input line 64.
LaTeX Info: Redefining \pageref on input line 64.
LaTeX Info: Redefining \nameref on input line 64.

(./CS993_Assignment1.out) (./CS993_Assignment1.out)
\@outlinefile=\write4
\openout4 = `CS993_Assignment1.out'.


(/usr/share/texmf-dist/tex/context/base/mkii/supp-pdf.mkii
[Loading MPS to PDF converter (version 2006.09.02).]
\scratchcounter=\count318
\scratchdimen=\dimen284
\scratchbox=\box72
\nofMPsegments=\count319
\nofMParguments=\count320
\everyMPshowfont=\toks41
\MPscratchCnt=\count321
\MPscratchDim=\dimen285
\MPnumerator=\count322
\makeMPintoPDFobject=\count323
\everyMPtoPDFconversion=\toks42
) (/usr/share/texmf-dist/tex/latex/epstopdf-pkg/epstopdf-base.sty
Package: epstopdf-base 2020-01-24 v2.11 Base part for package epstopdf
Package epstopdf-base Info: Redefining graphics rule for `.eps' on input line 4
85.

(/usr/share/texmf-dist/tex/latex/latexconfig/epstopdf-sys.cfg
File: epstopdf-sys.cfg 2010/07/13 v1.3 Configuration of (r)epstopdf for TeX Liv
e
))
LaTeX Font Info:    Trying to load font information for U+msa on input line 72.


(/usr/share/texmf-dist/tex/latex/amsfonts/umsa.fd
File: umsa.fd 2013/01/14 v3.01 AMS symbols A
)
LaTeX Font Info:    Trying to load font information for U+msb on input line 72.


(/usr/share/texmf-dist/tex/latex/amsfonts/umsb.fd
File: umsb.fd 2013/01/14 v3.01 AMS symbols B
) [1

{/var/lib/texmf/fonts/map/pdftex/updmap/pdftex.map}]

LaTeX Font Warning: Font shape `T1/cmr/bx/n' in size <18> not available
(Font)              size <17.28> substituted on input line 79.

(./CS993_Assignment1.toc [1])
\tf@toc=\write5
\openout5 = `CS993_Assignment1.toc'.

 [2]
Underfull \hbox (badness 10000) in paragraph at lines 87--88

 []

[1]
Underfull \hbox (badness 10000) in paragraph at lines 105--106

 []

[2]
Underfull \hbox (badness 10000) in paragraph at lines 173--174

 []

[3]
Underfull \hbox (badness 10000) in paragraph at lines 203--204

 []


Underfull \hbox (badness 10000) in paragraph at lines 216--217

 []

[4] [5] [6]

LaTeX Warning: File `CS993_IMG/GANT_Section.pdf' not found on input line 280.


! Package pdftex.def Error: File `CS993_IMG/GANT_Section.pdf' not found: using 
draft setting.

See the pdftex.def package documentation for explanation.
Type  H <return>  for immediate help.
 ...                                              
                                                  
l.280 ...height=5.5cm]{CS993_IMG/GANT_Section.pdf}
                                                  
? 
LaTeX Font Info:    Trying to load font information for T1+cmtt on input line 2
80.
(/usr/share/texmf-dist/tex/latex/base/t1cmtt.fd
File: t1cmtt.fd 2019/12/16 v2.5j Standard LaTeX font definitions
)

LaTeX Warning: File `CS993_IMG/PERT_Section.pdf' not found on input line 289.


! Package pdftex.def Error: File `CS993_IMG/PERT_Section.pdf' not found: using 
draft setting.

See the pdftex.def package documentation for explanation.
Type  H <return>  for immediate help.
 ...                                              
                                                  
l.289 ...height=5.5cm]{CS993_IMG/PERT_Section.pdf}
                                                  
? 
[7]
Underfull \hbox (badness 10000) in paragraph at lines 296--297

 []


Underfull \hbox (badness 10000) in paragraph at lines 298--299

 []


Underfull \hbox (badness 10000) in paragraph at lines 304--305

 []


Underfull \hbox (badness 10000) in paragraph at lines 306--307

 []

[8]
Underfull \hbox (badness 10000) in paragraph at lines 308--309

 []


Underfull \hbox (badness 10000) in paragraph at lines 314--315

 []


Underfull \hbox (badness 10000) in paragraph at lines 316--317

 []

[9] [10]
Underfull \hbox (badness 10000) in paragraph at lines 356--357

 []


Underfull \hbox (badness 10000) in paragraph at lines 358--359

 []


Underfull \hbox (badness 10000) in paragraph at lines 378--379

 []

[11]
Underfull \hbox (badness 10000) in paragraph at lines 382--383

 []


Underfull \hbox (badness 10000) in paragraph at lines 388--389

 []


Overfull \hbox (9.96701pt too wide) in paragraph at lines 446--446
 [][]\T1/cmr/m/n/8 Administrator 
 []

[12] [13]
<CS993_IMG/login1.png, id=322, 549.05125pt x 1025.8325pt>
File: CS993_IMG/login1.png Graphic file (type png)
<use CS993_IMG/login1.png>
Package pdftex.def Info: CS993_IMG/login1.png  used on input line 461.
(pdftex.def)             Requested size: 142.26404pt x 256.06618pt.
<CS993_IMG/login2.png, id=323, 550.055pt x 1024.82875pt>
File: CS993_IMG/login2.png Graphic file (type png)
<use CS993_IMG/login2.png>
Package pdftex.def Info: CS993_IMG/login2.png  used on input line 461.
(pdftex.def)             Requested size: 142.26393pt x 256.06581pt.
<CS993_IMG/login7.png, id=324, 548.0475pt x 1023.825pt>
File: CS993_IMG/login7.png Graphic file (type png)
<use CS993_IMG/login7.png>
Package pdftex.def Info: CS993_IMG/login7.png  used on input line 461.
(pdftex.def)             Requested size: 142.2632pt x 256.06497pt.
<CS993_IMG/login3.png, id=325, 550.055pt x 1026.83624pt>
File: CS993_IMG/login3.png Graphic file (type png)
<use CS993_IMG/login3.png>
Package pdftex.def Info: CS993_IMG/login3.png  used on input line 464.
(pdftex.def)             Requested size: 142.26393pt x 256.06602pt.
<CS993_IMG/login4.png, id=326, 550.055pt x 1026.83624pt>
File: CS993_IMG/login4.png Graphic file (type png)
<use CS993_IMG/login4.png>
Package pdftex.def Info: CS993_IMG/login4.png  used on input line 464.
(pdftex.def)             Requested size: 142.26393pt x 256.06602pt.
<CS993_IMG/login5.png, id=327, 548.0475pt x 1026.83624pt>
File: CS993_IMG/login5.png Graphic file (type png)
<use CS993_IMG/login5.png>
Package pdftex.def Info: CS993_IMG/login5.png  used on input line 464.
(pdftex.def)             Requested size: 142.2632pt x 256.06602pt.

Overfull \hbox (1.85667pt too wide) in alignment at lines 459--465
 [] [] [] 
 []

<CS993_IMG/login6.png, id=328, 549.05125pt x 1026.83624pt>
File: CS993_IMG/login6.png Graphic file (type png)
<use CS993_IMG/login6.png>
Package pdftex.def Info: CS993_IMG/login6.png  used on input line 472.
(pdftex.def)             Requested size: 142.26404pt x 256.06602pt.
[14 <./CS993_IMG/login1.png> <./CS993_IMG/login2.png> <./CS993_IMG/login7.png> 
<./CS993_IMG/login3.png> <./CS993_IMG/login4.png> <./CS993_IMG/login5.png>]
[15 <./CS993_IMG/login6.png>]
<CS993_IMG/admin1.png, id=340, 548.0475pt x 1023.825pt>
File: CS993_IMG/admin1.png Graphic file (type png)
<use CS993_IMG/admin1.png>
Package pdftex.def Info: CS993_IMG/admin1.png  used on input line 484.
(pdftex.def)             Requested size: 142.2632pt x 256.06497pt.
<CS993_IMG/admin2.png, id=341, 550.055pt x 1025.8325pt>
File: CS993_IMG/admin2.png Graphic file (type png)
<use CS993_IMG/admin2.png>
Package pdftex.def Info: CS993_IMG/admin2.png  used on input line 484.
(pdftex.def)             Requested size: 142.26393pt x 256.06618pt.
<CS993_IMG/admin3.png, id=342, 550.055pt x 1026.83624pt>
File: CS993_IMG/admin3.png Graphic file (type png)
<use CS993_IMG/admin3.png>
Package pdftex.def Info: CS993_IMG/admin3.png  used on input line 484.
(pdftex.def)             Requested size: 142.26393pt x 256.06602pt.
<CS993_IMG/admin4.png, id=343, 548.0475pt x 1030.85126pt>
File: CS993_IMG/admin4.png Graphic file (type png)
<use CS993_IMG/admin4.png>
Package pdftex.def Info: CS993_IMG/admin4.png  used on input line 487.
(pdftex.def)             Requested size: 142.2632pt x 256.06058pt.
<CS993_IMG/admin5.png, id=344, 549.05125pt x 1021.8175pt>
File: CS993_IMG/admin5.png Graphic file (type png)
<use CS993_IMG/admin5.png>
Package pdftex.def Info: CS993_IMG/admin5.png  used on input line 487.
(pdftex.def)             Requested size: 142.26404pt x 256.06183pt.
<CS993_IMG/admin6.png, id=345, 548.0475pt x 1021.8175pt>
File: CS993_IMG/admin6.png Graphic file (type png)
<use CS993_IMG/admin6.png>
Package pdftex.def Info: CS993_IMG/admin6.png  used on input line 487.
(pdftex.def)             Requested size: 142.2632pt x 256.06183pt.

Overfull \hbox (1.85667pt too wide) in alignment at lines 482--488
 [] [] [] 
 []

[16 <./CS993_IMG/admin1.png> <./CS993_IMG/admin2.png> <./CS993_IMG/admin3.png> 
<./CS993_IMG/admin4.png> <./CS993_IMG/admin5.png> <./CS993_IMG/admin6.png>]
<CS993_IMG/admin7.png, id=352, 543.02875pt x 1017.8025pt>
File: CS993_IMG/admin7.png Graphic file (type png)
<use CS993_IMG/admin7.png>
Package pdftex.def Info: CS993_IMG/admin7.png  used on input line 497.
(pdftex.def)             Requested size: 142.2613pt x 256.06516pt.
<CS993_IMG/admin8.png, id=353, 549.05125pt x 1018.80624pt>
File: CS993_IMG/admin8.png Graphic file (type png)
<use CS993_IMG/admin8.png>
Package pdftex.def Info: CS993_IMG/admin8.png  used on input line 497.
(pdftex.def)             Requested size: 142.26404pt x 256.06895pt.
<CS993_IMG/admin9.png, id=354, 548.0475pt x 1023.825pt>
File: CS993_IMG/admin9.png Graphic file (type png)
<use CS993_IMG/admin9.png>
Package pdftex.def Info: CS993_IMG/admin9.png  used on input line 497.
(pdftex.def)             Requested size: 142.2632pt x 256.06497pt.
<CS993_IMG/staff3.png, id=355, 549.05125pt x 1024.82875pt>
File: CS993_IMG/staff3.png Graphic file (type png)
<use CS993_IMG/staff3.png>
Package pdftex.def Info: CS993_IMG/staff3.png  used on input line 500.
(pdftex.def)             Requested size: 142.26404pt x 256.06581pt.

Overfull \hbox (1.85667pt too wide) in alignment at lines 495--501
 [] [] [] 
 []

[17 <./CS993_IMG/admin7.png> <./CS993_IMG/admin8.png> <./CS993_IMG/admin9.png> 
<./CS993_IMG/staff3.png>]
<CS993_IMG/staff1.png, id=361, 548.0475pt x 1024.82875pt>
File: CS993_IMG/staff1.png Graphic file (type png)
<use CS993_IMG/staff1.png>
Package pdftex.def Info: CS993_IMG/staff1.png  used on input line 512.
(pdftex.def)             Requested size: 142.2632pt x 256.06581pt.
<CS993_IMG/staff2.png, id=362, 546.04pt x 1020.81375pt>
File: CS993_IMG/staff2.png Graphic file (type png)
<use CS993_IMG/staff2.png>
Package pdftex.def Info: CS993_IMG/staff2.png  used on input line 512.
(pdftex.def)             Requested size: 142.25867pt x 256.07509pt.
<CS993_IMG/staff4.png, id=363, 548.0475pt x 1018.80624pt>
File: CS993_IMG/staff4.png Graphic file (type png)
<use CS993_IMG/staff4.png>
Package pdftex.def Info: CS993_IMG/staff4.png  used on input line 512.
(pdftex.def)             Requested size: 142.2632pt x 256.06895pt.
<CS993_IMG/staff5.png, id=364, 549.05125pt x 1023.825pt>
File: CS993_IMG/staff5.png Graphic file (type png)
<use CS993_IMG/staff5.png>
Package pdftex.def Info: CS993_IMG/staff5.png  used on input line 515.
(pdftex.def)             Requested size: 142.26404pt x 256.06497pt.

Overfull \hbox (1.85667pt too wide) in alignment at lines 510--516
 [] [] [] 
 []

[18 <./CS993_IMG/staff1.png> <./CS993_IMG/staff2.png> <./CS993_IMG/staff4.png> 
<./CS993_IMG/staff5.png>]
<CS993_IMG/booker1.png, id=370, 546.04pt x 1020.81375pt>
File: CS993_IMG/booker1.png Graphic file (type png)
<use CS993_IMG/booker1.png>
Package pdftex.def Info: CS993_IMG/booker1.png  used on input line 527.
(pdftex.def)             Requested size: 142.25867pt x 256.07509pt.
<CS993_IMG/booker3.png, id=371, 547.04375pt x 1022.82124pt>
File: CS993_IMG/booker3.png Graphic file (type png)
<use CS993_IMG/booker3.png>
Package pdftex.def Info: CS993_IMG/booker3.png  used on input line 527.
(pdftex.def)             Requested size: 142.2614pt x 256.06364pt.
<CS993_IMG/booker2.png, id=372, 545.03625pt x 1017.8025pt>
File: CS993_IMG/booker2.png Graphic file (type png)
<use CS993_IMG/booker2.png>
Package pdftex.def Info: CS993_IMG/booker2.png  used on input line 527.
(pdftex.def)             Requested size: 142.26329pt x 256.06516pt.
<CS993_IMG/booker4.png, id=373, 549.05125pt x 1023.825pt>
File: CS993_IMG/booker4.png Graphic file (type png)
<use CS993_IMG/booker4.png>
Package pdftex.def Info: CS993_IMG/booker4.png  used on input line 530.
(pdftex.def)             Requested size: 142.26404pt x 256.06497pt.

Overfull \hbox (1.85667pt too wide) in alignment at lines 525--531
 [] [] [] 
 []


Underfull \hbox (badness 10000) in paragraph at lines 536--537

 []

[19 <./CS993_IMG/booker1.png> <./CS993_IMG/booker3.png> <./CS993_IMG/booker2.pn
g> <./CS993_IMG/booker4.png>]
Overfull \hbox (20.64403pt too wide) in paragraph at lines 540--541
[]\T1/cmr/m/n/10.95 CONTROLLER| 
 []


Underfull \hbox (badness 10000) in paragraph at lines 545--546

 []

<CS993_IMG/File_Structure.png, id=379, 140.525pt x 379.4175pt>
File: CS993_IMG/File_Structure.png Graphic file (type png)
<use CS993_IMG/File_Structure.png>
Package pdftex.def Info: CS993_IMG/File_Structure.png  used on input line 551.
(pdftex.def)             Requested size: 85.35773pt x 199.17401pt.
[20 <./CS993_IMG/File_Structure.png>]
Underfull \hbox (badness 10000) in paragraph at lines 576--577

 []


Underfull \hbox (badness 10000) in paragraph at lines 578--579

 []


Underfull \hbox (badness 10000) in paragraph at lines 580--581

 []

[21]
Underfull \hbox (badness 10000) in paragraph at lines 582--583

 []


Underfull \hbox (badness 10000) in paragraph at lines 584--585

 []


Underfull \hbox (badness 10000) in paragraph at lines 586--587

 []


Underfull \hbox (badness 6575) in paragraph at lines 603--603
[]|\T1/cmr/m/n/8 Hide se-lect ac-count, show
 []


Underfull \hbox (badness 10000) in paragraph at lines 624--624
[]|\T1/cmr/m/n/8 Hide booker log-in, show
 []


Underfull \hbox (badness 10000) in paragraph at lines 629--629
[]|\T1/cmr/m/n/8 Enter/choose booker
 []


Underfull \hbox (badness 10000) in paragraph at lines 631--631
[]|\T1/cmr/m/n/8 Enter/choose booker
 []


Underfull \hbox (badness 3713) in paragraph at lines 632--632
[]|\T1/cmr/m/n/8 Enter/confirm booker
 []


Underfull \hbox (badness 1681) in paragraph at lines 632--632
[]|\T1/cmr/m/n/8 Relay text, dis-play er-ror if
 []


Underfull \hbox (badness 5939) in paragraph at lines 632--632
\T1/cmr/m/n/8 con-firm pass-word string is
 []


Underfull \hbox (badness 1275) in paragraph at lines 634--634
[]|\T1/cmr/m/n/8 Hide booker cre-ate ac-count,
 []


Underfull \hbox (badness 5862) in paragraph at lines 640--640
[]|\T1/cmr/m/n/8 Hide man-age projects and
 []


Underfull \hbox (badness 1867) in paragraph at lines 640--640
\T1/cmr/m/n/8 man-age staff, show man-age
 []


Underfull \hbox (badness 4001) in paragraph at lines 648--648
[]|\T1/cmr/m/n/8 Add new film price
 []


Underfull \hbox (badness 5832) in paragraph at lines 650--650
\T1/cmr/m/n/8 [1--4] the-atres, re-lay se-lec-
 []


Underfull \hbox (badness 4403) in paragraph at lines 650--651
\T1/cmr/m/n/8 fec-tive form of link
 []


Underfull \hbox (badness 4279) in paragraph at lines 650--651
\T1/cmr/m/n/8 as check boxes lose
 []


Underfull \hbox (badness 10000) in paragraph at lines 654--654
[]|\T1/cmr/m/n/8 Choose show-ing(s)
 []


Underfull \hbox (badness 2351) in paragraph at lines 656--656
[]|\T1/cmr/m/n/8 Submit add film re-
 []


Underfull \hbox (badness 10000) in paragraph at lines 656--656
[]|\T1/cmr/m/n/8 Submit rel-e-vant in-put to
 []


Underfull \hbox (badness 7925) in paragraph at lines 664--664
[]|\T1/cmr/m/n/8 Show ac-tive project
 []


Underfull \hbox (badness 10000) in paragraph at lines 664--665
[]|\T1/cmr/m/n/8 Keeping the large
 []


Underfull \hbox (badness 10000) in paragraph at lines 664--665
\T1/cmr/m/n/8 num-ber of el-e-ments
 []


Underfull \hbox (badness 10000) in paragraph at lines 664--665
\T1/cmr/m/n/8 un-der one but-ton
 []


Underfull \hbox (badness 2057) in paragraph at lines 664--665
\T1/cmr/m/n/8 or hide them means
 []


Underfull \hbox (badness 5050) in paragraph at lines 664--665
\T1/cmr/m/n/8 that if there aren't
 []


Underfull \hbox (badness 1348) in paragraph at lines 664--665
\T1/cmr/m/n/8 fully pop-u-lated when
 []


Underfull \hbox (badness 10000) in paragraph at lines 664--665
\T1/cmr/m/n/8 all project el-e-ments
 []


Underfull \hbox (badness 10000) in paragraph at lines 668--668
[]|\T1/cmr/m/n/8 Choose staff mem-
 []


Underfull \hbox (badness 10000) in paragraph at lines 668--668
\T1/cmr/m/n/8 ber(s) [$\OT1/cmr/m/n/8 1 \OMS/cmsy/m/n/8 ^^@ \OML/cmm/m/it/8 N$\
T1/cmr/m/n/8 ] to
 []


Underfull \hbox (badness 3417) in paragraph at lines 668--668
\T1/cmr/m/n/8 able ($\U/msa/m/n/8 ) \OML/cmm/m/it/8 N$ \T1/cmr/m/n/8 pos-si-ble

 []


Underfull \hbox (badness 4403) in paragraph at lines 668--669
\T1/cmr/m/n/8 fec-tive form of link
 []


Underfull \hbox (badness 4279) in paragraph at lines 668--669
\T1/cmr/m/n/8 as check boxes lose
 []


Underfull \hbox (badness 1377) in paragraph at lines 672--672
[]|\T1/cmr/m/n/8 Choose shift times(s)
 []


Underfull \hbox (badness 10000) in paragraph at lines 674--674
[]|\T1/cmr/m/n/8 Active project el-e-
 []


Underfull \hbox (badness 8094) in paragraph at lines 678--678
[]|\T1/cmr/m/n/8 Submit rel-e-vant in-puts to
 []


Underfull \hbox (badness 1189) in paragraph at lines 692--692
[]|\T1/cmr/m/n/8 Display rel-e-vant staff ID in
 []


Underfull \hbox (badness 10000) in paragraph at lines 698--698
[]|\T1/cmr/m/n/8 Request task time
 []


Underfull \hbox (badness 10000) in paragraph at lines 699--699
[]|\T1/cmr/m/n/8 Choose el-e-ments to
 []


Underfull \hbox (badness 3590) in paragraph at lines 699--699
\T1/cmr/m/n/8 which notes will be
 []


Underfull \hbox (badness 2189) in paragraph at lines 700--700
\T1/cmr/m/n/8 the `once el-e-ment is
 []


Underfull \hbox (badness 1320) in paragraph at lines 700--700
\T1/cmr/m/n/8 com-pleted' por-tion is
 []


Underfull \hbox (badness 1142) in paragraph at lines 702--702
[]|\T1/cmr/m/n/8 add new project el-e-
 []


Underfull \hbox (badness 8094) in paragraph at lines 707--707
[]|\T1/cmr/m/n/8 Submit rel-e-vant in-puts to
 []

[22] [23] [24] [25] [26]
Underfull \hbox (badness 10000) in paragraph at lines 756--757

 []


Underfull \hbox (badness 10000) in paragraph at lines 781--782

 []

[27]
<CS993_IMG/Signup1.png, id=429, 753.81625pt x 66.2475pt>
File: CS993_IMG/Signup1.png Graphic file (type png)
<use CS993_IMG/Signup1.png>
Package pdftex.def Info: CS993_IMG/Signup1.png  used on input line 787.
(pdftex.def)             Requested size: 426.78116pt x 42.67926pt.
<CS993_IMG/Signup2.png, id=430, 537.00626pt x 310.15875pt>
File: CS993_IMG/Signup2.png Graphic file (type png)
<use CS993_IMG/Signup2.png>
Package pdftex.def Info: CS993_IMG/Signup2.png  used on input line 794.
(pdftex.def)             Requested size: 284.53001pt x 170.7156pt.
 [28 <./CS993_IMG/Signup1.png> <./CS993_IMG/Signup2.png>]
<CS993_IMG/Reserve.png, id=438, 805.0075pt x 89.33376pt>
File: CS993_IMG/Reserve.png Graphic file (type png)
<use CS993_IMG/Reserve.png>
Package pdftex.def Info: CS993_IMG/Reserve.png  used on input line 809.
(pdftex.def)             Requested size: 398.3387pt x 42.67932pt.
<CS993_IMG/Route1.png, id=439, 536.0025pt x 273.02pt>
File: CS993_IMG/Route1.png Graphic file (type png)
<use CS993_IMG/Route1.png>
Package pdftex.def Info: CS993_IMG/Route1.png  used on input line 824.
(pdftex.def)             Requested size: 227.62221pt x 99.58273pt.
<CS993_IMG/Route2.png, id=440, 527.9725pt x 221.82875pt>
File: CS993_IMG/Route2.png Graphic file (type png)
<use CS993_IMG/Route2.png>
Package pdftex.def Info: CS993_IMG/Route2.png  used on input line 831.
(pdftex.def)             Requested size: 227.6199pt x 85.35524pt.
 [29 <./CS993_IMG/Reserve.png> <./CS993_IMG/Route1.png> <./CS993_IMG/Route2.png
>]
Underfull \hbox (badness 10000) in paragraph at lines 844--845

 []

<CS993_IMG/Testing1.png, id=449, 470.75874pt x 197.73875pt>
File: CS993_IMG/Testing1.png Graphic file (type png)
<use CS993_IMG/Testing1.png>
Package pdftex.def Info: CS993_IMG/Testing1.png  used on input line 859.
(pdftex.def)             Requested size: 227.62094pt x 85.3579pt.
<CS993_IMG/Testing2.png, id=450, 728.7225pt x 180.675pt>
File: CS993_IMG/Testing2.png Graphic file (type png)
<use CS993_IMG/Testing2.png>
Package pdftex.def Info: CS993_IMG/Testing2.png  used on input line 866.
(pdftex.def)             Requested size: 341.43216pt x 85.35835pt.
[30 <./CS993_IMG/Testing1.png> <./CS993_IMG/Testing2.png>]
<CS993_IMG/Testing3.png, id=457, 581.17125pt x 199.74625pt>
File: CS993_IMG/Testing3.png Graphic file (type png)
<use CS993_IMG/Testing3.png>
Package pdftex.def Info: CS993_IMG/Testing3.png  used on input line 875.
(pdftex.def)             Requested size: 284.5281pt x 85.35887pt.

Underfull \hbox (badness 10000) in paragraph at lines 882--883

 []

<CS993_IMG/Testing4.png, id=458, 815.045pt x 283.0575pt>
File: CS993_IMG/Testing4.png Graphic file (type png)
<use CS993_IMG/Testing4.png>
Package pdftex.def Info: CS993_IMG/Testing4.png  used on input line 888.
(pdftex.def)             Requested size: 398.3433pt x 142.26695pt.

Underfull \hbox (badness 10000) in paragraph at lines 895--896

 []

[31 <./CS993_IMG/Testing3.png> <./CS993_IMG/Testing4.png>]
Underfull \hbox (badness 10000) in paragraph at lines 897--898

 []

<CS993_IMG/Testing5.png, id=465, 365.365pt x 212.795pt>
File: CS993_IMG/Testing5.png Graphic file (type png)
<use CS993_IMG/Testing5.png>
Package pdftex.def Info: CS993_IMG/Testing5.png  used on input line 905.
(pdftex.def)             Requested size: 170.71806pt x 99.58505pt.
<CS993_IMG/Testing6.png, id=466, 366.36874pt x 212.795pt>
File: CS993_IMG/Testing6.png Graphic file (type png)
<use CS993_IMG/Testing6.png>
Package pdftex.def Info: CS993_IMG/Testing6.png  used on input line 911.
(pdftex.def)             Requested size: 170.71748pt x 99.58505pt.

Underfull \hbox (badness 10000) in paragraph at lines 932--933

 []

[32 <./CS993_IMG/Testing5.png> <./CS993_IMG/Testing6.png>]

Package caption Warning: Unused \captionsetup[subtable] on input line 28.
See the caption package documentation for explanation.

[33] (./CS993_Assignment1.aux)

LaTeX Font Warning: Size substitutions with differences
(Font)              up to 0.72pt have occurred.

Package rerunfilecheck Info: File `CS993_Assignment1.out' has not changed.
(rerunfilecheck)             Checksum: 6E82421937DD38BAA692B06F82131468;7719.
 ) 
Here is how much of TeX's memory you used:
 23769 strings out of 478238
 445303 string characters out of 5850456
 762070 words of memory out of 5000000
 41441 multiletter control sequences out of 15000+600000
 488542 words of font info for 73 fonts, out of 8000000 for 9000
 1141 hyphenation exceptions out of 8191
 84i,12n,89p,1101b,1254s stack positions out of 5000i,500n,10000p,200000b,80000s
{/usr/share/texmf-dist/fonts/enc/dvips/cm-super/cm-super-t1.enc}{/usr/share/t
exmf-dist/fonts/enc/dvips/cm-super/cm-super-ts1.enc}</usr/share/texmf-dist/font
s/type1/public/amsfonts/cm/cmmi8.pfb></usr/share/texmf-dist/fonts/type1/public/
amsfonts/cm/cmr8.pfb></usr/share/texmf-dist/fonts/type1/public/amsfonts/cm/cmsy
10.pfb></usr/share/texmf-dist/fonts/type1/public/amsfonts/cm/cmsy8.pfb></usr/sh
are/texmf-dist/fonts/type1/public/amsfonts/symbols/msam10.pfb></usr/share/texmf
-dist/fonts/type1/public/cm-super/sfbx0800.pfb></usr/share/texmf-dist/fonts/typ
e1/public/cm-super/sfbx1000.pfb></usr/share/texmf-dist/fonts/type1/public/cm-su
per/sfbx1095.pfb></usr/share/texmf-dist/fonts/type1/public/cm-super/sfbx1440.pf
b></usr/share/texmf-dist/fonts/type1/public/cm-super/sfbx1728.pfb></usr/share/t
exmf-dist/fonts/type1/public/cm-super/sfcc0800.pfb></usr/share/texmf-dist/fonts
/type1/public/cm-super/sfcc1095.pfb></usr/share/texmf-dist/fonts/type1/public/c
m-super/sfcc1200.pfb></usr/share/texmf-dist/fonts/type1/public/cm-super/sfcc172
8.pfb></usr/share/texmf-dist/fonts/type1/public/cm-super/sfrm0800.pfb></usr/sha
re/texmf-dist/fonts/type1/public/cm-super/sfrm1000.pfb></usr/share/texmf-dist/f
onts/type1/public/cm-super/sfrm1095.pfb></usr/share/texmf-dist/fonts/type1/publ
ic/cm-super/sfti0800.pfb></usr/share/texmf-dist/fonts/type1/public/cm-super/sft
i1095.pfb></usr/share/texmf-dist/fonts/type1/public/cm-super/sftt1095.pfb>
Output written on CS993_Assignment1.pdf (36 pages, 3010730 bytes).
PDF statistics:
 592 PDF objects out of 1000 (max. 8388607)
 471 compressed objects within 5 object streams
 120 named destinations out of 1000 (max. 500000)
 550 words of extra memory for PDF output out of 10000 (max. 10000000)

