This is pdfTeX, Version 3.141592653-2.6-1.40.23 (TeX Live 2021/Arch Linux) (preloaded format=pdflatex 2022.2.1)  7 MAR 2022 13:50
entering extended mode
 restricted \write18 enabled.
 %&-line parsing enabled.
**Recipes.tex
(./Recipes.tex
LaTeX2e <2021-11-15> patch level 1
L3 programming layer <2021-11-22>
(/usr/share/texmf-dist/tex/latex/base/article.cls
Document Class: article 2021/10/04 v1.4n Standard LaTeX document class
(/usr/share/texmf-dist/tex/latex/base/size11.clo
File: size11.clo 2021/10/04 v1.4n Standard LaTeX file (size option)
)
\c@part=\count183
\c@section=\count184
\c@subsection=\count185
\c@subsubsection=\count186
\c@paragraph=\count187
\c@subparagraph=\count188
\c@figure=\count189
\c@table=\count190
\abovecaptionskip=\skip47
\belowcaptionskip=\skip48
\bibindent=\dimen138
)
(/usr/share/texmf-dist/tex/latex/geometry/geometry.sty
Package: geometry 2020/01/02 v5.9 Page Geometry

(/usr/share/texmf-dist/tex/latex/graphics/keyval.sty
Package: keyval 2014/10/28 v1.15 key=value parser (DPC)
\KV@toks@=\toks16
)
(/usr/share/texmf-dist/tex/generic/iftex/ifvtex.sty
Package: ifvtex 2019/10/25 v1.7 ifvtex legacy package. Use iftex instead.

(/usr/share/texmf-dist/tex/generic/iftex/iftex.sty
Package: iftex 2020/03/06 v1.0d TeX engine tests
))
\Gm@cnth=\count191
\Gm@cntv=\count192
\c@Gm@tempcnt=\count193
\Gm@bindingoffset=\dimen139
\Gm@wd@mp=\dimen140
\Gm@odd@mp=\dimen141
\Gm@even@mp=\dimen142
\Gm@layoutwidth=\dimen143
\Gm@layoutheight=\dimen144
\Gm@layouthoffset=\dimen145
\Gm@layoutvoffset=\dimen146
\Gm@dimlist=\toks17
)

Package geometry Warning: Over-specification in `h'-direction.
    `width' (597.50787pt) is ignored.


Package geometry Warning: Over-specification in `v'-direction.
    `height' (845.04684pt) is ignored.

(/usr/share/texmf-dist/tex/latex/titlesec/titlesec.sty
Package: titlesec 2021/07/05 v2.14 Sectioning titles
\ttl@box=\box50
\beforetitleunit=\skip49
\aftertitleunit=\skip50
\ttl@plus=\dimen147
\ttl@minus=\dimen148
\ttl@toksa=\toks18
\titlewidth=\dimen149
\titlewidthlast=\dimen150
\titlewidthfirst=\dimen151
)
(/usr/share/texmf-dist/tex/latex/hyperref/hyperref.sty
Package: hyperref 2021-06-07 v7.00m Hypertext links for LaTeX

(/usr/share/texmf-dist/tex/generic/ltxcmds/ltxcmds.sty
Package: ltxcmds 2020-05-10 v1.25 LaTeX kernel commands for general use (HO)
)
(/usr/share/texmf-dist/tex/generic/pdftexcmds/pdftexcmds.sty
Package: pdftexcmds 2020-06-27 v0.33 Utility functions of pdfTeX for LuaTeX (HO
)

(/usr/share/texmf-dist/tex/generic/infwarerr/infwarerr.sty
Package: infwarerr 2019/12/03 v1.5 Providing info/warning/error messages (HO)
)
Package pdftexcmds Info: \pdf@primitive is available.
Package pdftexcmds Info: \pdf@ifprimitive is available.
Package pdftexcmds Info: \pdfdraftmode found.
)
(/usr/share/texmf-dist/tex/generic/kvsetkeys/kvsetkeys.sty
Package: kvsetkeys 2019/12/15 v1.18 Key value parser (HO)
)
(/usr/share/texmf-dist/tex/generic/kvdefinekeys/kvdefinekeys.sty
Package: kvdefinekeys 2019-12-19 v1.6 Define keys (HO)
)
(/usr/share/texmf-dist/tex/generic/pdfescape/pdfescape.sty
Package: pdfescape 2019/12/09 v1.15 Implements pdfTeX's escape features (HO)
)
(/usr/share/texmf-dist/tex/latex/hycolor/hycolor.sty
Package: hycolor 2020-01-27 v1.10 Color options for hyperref/bookmark (HO)
)
(/usr/share/texmf-dist/tex/latex/letltxmacro/letltxmacro.sty
Package: letltxmacro 2019/12/03 v1.6 Let assignment for LaTeX macros (HO)
)
(/usr/share/texmf-dist/tex/latex/auxhook/auxhook.sty
Package: auxhook 2019-12-17 v1.6 Hooks for auxiliary files (HO)
)
(/usr/share/texmf-dist/tex/latex/kvoptions/kvoptions.sty
Package: kvoptions 2020-10-07 v3.14 Key value format for package options (HO)
)
\@linkdim=\dimen152
\Hy@linkcounter=\count194
\Hy@pagecounter=\count195

(/usr/share/texmf-dist/tex/latex/hyperref/pd1enc.def
File: pd1enc.def 2021-06-07 v7.00m Hyperref: PDFDocEncoding definition (HO)
Now handling font encoding PD1 ...
... no UTF-8 mapping file for font encoding PD1
)
(/usr/share/texmf-dist/tex/latex/hyperref/hyperref-langpatches.def
File: hyperref-langpatches.def 2021-06-07 v7.00m Hyperref: patches for babel la
nguages
)
(/usr/share/texmf-dist/tex/generic/intcalc/intcalc.sty
Package: intcalc 2019/12/15 v1.3 Expandable calculations with integers (HO)
)
(/usr/share/texmf-dist/tex/generic/etexcmds/etexcmds.sty
Package: etexcmds 2019/12/15 v1.7 Avoid name clashes with e-TeX commands (HO)
)
\Hy@SavedSpaceFactor=\count196

(/usr/share/texmf-dist/tex/latex/hyperref/puenc.def
File: puenc.def 2021-06-07 v7.00m Hyperref: PDF Unicode definition (HO)
Now handling font encoding PU ...
... no UTF-8 mapping file for font encoding PU
)
Package hyperref Info: Hyper figures OFF on input line 4192.
Package hyperref Info: Link nesting OFF on input line 4197.
Package hyperref Info: Hyper index ON on input line 4200.
Package hyperref Info: Plain pages OFF on input line 4207.
Package hyperref Info: Backreferencing OFF on input line 4212.
Package hyperref Info: Implicit mode ON; LaTeX internals redefined.
Package hyperref Info: Bookmarks ON on input line 4445.
\c@Hy@tempcnt=\count197

(/usr/share/texmf-dist/tex/latex/url/url.sty
\Urlmuskip=\muskip16
Package: url 2013/09/16  ver 3.4  Verb mode for urls, etc.
)
LaTeX Info: Redefining \url on input line 4804.
\XeTeXLinkMargin=\dimen153

(/usr/share/texmf-dist/tex/generic/bitset/bitset.sty
Package: bitset 2019/12/09 v1.3 Handle bit-vector datatype (HO)

(/usr/share/texmf-dist/tex/generic/bigintcalc/bigintcalc.sty
Package: bigintcalc 2019/12/15 v1.5 Expandable calculations on big integers (HO
)
))
\Fld@menulength=\count198
\Field@Width=\dimen154
\Fld@charsize=\dimen155
Package hyperref Info: Hyper figures OFF on input line 6076.
Package hyperref Info: Link nesting OFF on input line 6081.
Package hyperref Info: Hyper index ON on input line 6084.
Package hyperref Info: backreferencing OFF on input line 6091.
Package hyperref Info: Link coloring OFF on input line 6096.
Package hyperref Info: Link coloring with OCG OFF on input line 6101.
Package hyperref Info: PDF/A mode OFF on input line 6106.
LaTeX Info: Redefining \ref on input line 6146.
LaTeX Info: Redefining \pageref on input line 6150.

(/usr/share/texmf-dist/tex/latex/base/atbegshi-ltx.sty
Package: atbegshi-ltx 2021/01/10 v1.0c Emulation of the original atbegshi
package with kernel methods
)
\Hy@abspage=\count199
\c@Item=\count266
\c@Hfootnote=\count267
)
Package hyperref Info: Driver (autodetected): hpdftex.

(/usr/share/texmf-dist/tex/latex/hyperref/hpdftex.def
File: hpdftex.def 2021-06-07 v7.00m Hyperref driver for pdfTeX

(/usr/share/texmf-dist/tex/latex/base/atveryend-ltx.sty
Package: atveryend-ltx 2020/08/19 v1.0a Emulation of the original atveryend pac
kage
with kernel methods
)
\Fld@listcount=\count268
\c@bookmark@seq@number=\count269

(/usr/share/texmf-dist/tex/latex/rerunfilecheck/rerunfilecheck.sty
Package: rerunfilecheck 2019/12/05 v1.9 Rerun checks for auxiliary files (HO)

(/usr/share/texmf-dist/tex/generic/uniquecounter/uniquecounter.sty
Package: uniquecounter 2019/12/15 v1.4 Provide unlimited unique counter (HO)
)
Package uniquecounter Info: New unique counter `rerunfilecheck' on input line 2
86.
)
\Hy@SectionHShift=\skip51
)
Package hyperref Info: Option `colorlinks' set `true' on input line 34.

(/usr/share/texmf-dist/tex/latex/caption/caption.sty
Package: caption 2020/10/26 v3.5g Customizing captions (AR)

(/usr/share/texmf-dist/tex/latex/caption/caption3.sty
Package: caption3 2020/10/21 v2.2e caption3 kernel (AR)
\captionmargin=\dimen156
\captionmargin@=\dimen157
\captionwidth=\dimen158
\caption@tempdima=\dimen159
\caption@indent=\dimen160
\caption@parindent=\dimen161
\caption@hangindent=\dimen162
Package caption Info: Standard document class detected.
)
\c@caption@flags=\count270
\c@continuedfloat=\count271
Package caption Info: hyperref package is loaded.
)
(/usr/share/texmf-dist/tex/latex/float/float.sty
Package: float 2001/11/08 v1.3d Float enhancements (AL)
\c@float@type=\count272
\float@exts=\toks19
\float@box=\box51
\@float@everytoks=\toks20
\@floatcapt=\box52
)
(/usr/share/texmf-dist/tex/latex/setspace/setspace.sty
Package: setspace 2011/12/19 v6.7a set line spacing
)
(/usr/share/texmf-dist/tex/latex/tools/longtable.sty
Package: longtable 2021-09-01 v4.17 Multi-page Table package (DPC)
\LTleft=\skip52
\LTright=\skip53
\LTpre=\skip54
\LTpost=\skip55
\LTchunksize=\count273
\LTcapwidth=\dimen163
\LT@head=\box53
\LT@firsthead=\box54
\LT@foot=\box55
\LT@lastfoot=\box56
\LT@gbox=\box57
\LT@cols=\count274
\LT@rows=\count275
\c@LT@tables=\count276
\c@LT@chunks=\count277
\LT@p@ftn=\toks21
)
(/usr/share/texmf-dist/tex/latex/tools/multicol.sty
Package: multicol 2021/10/28 v1.9b multicolumn formatting (FMi)
\c@tracingmulticols=\count278
\mult@box=\box58
\multicol@leftmargin=\dimen164
\c@unbalance=\count279
\c@collectmore=\count280
\doublecol@number=\count281
\multicoltolerance=\count282
\multicolpretolerance=\count283
\full@width=\dimen165
\page@free=\dimen166
\premulticols=\dimen167
\postmulticols=\dimen168
\multicolsep=\skip56
\multicolbaselineskip=\skip57
\partial@page=\box59
\last@line=\box60
\maxbalancingoverflow=\dimen169
\mult@rightbox=\box61
\mult@grightbox=\box62
\mult@firstbox=\box63
\mult@gfirstbox=\box64
\@tempa=\box65
\@tempa=\box66
\@tempa=\box67
\@tempa=\box68
\@tempa=\box69
\@tempa=\box70
\@tempa=\box71
\@tempa=\box72
\@tempa=\box73
\@tempa=\box74
\@tempa=\box75
\@tempa=\box76
\@tempa=\box77
\@tempa=\box78
\@tempa=\box79
\@tempa=\box80
\@tempa=\box81
\@tempa=\box82
\@tempa=\box83
\@tempa=\box84
\@tempa=\box85
\@tempa=\box86
\@tempa=\box87
\@tempa=\box88
\@tempa=\box89
\@tempa=\box90
\@tempa=\box91
\@tempa=\box92
\@tempa=\box93
\@tempa=\box94
\@tempa=\box95
\@tempa=\box96
\@tempa=\box97
\@tempa=\box98
\@tempa=\box99
\@tempa=\box100
\c@minrows=\count284
\c@columnbadness=\count285
\c@finalcolumnbadness=\count286
\last@try=\dimen170
\multicolovershoot=\dimen171
\multicolundershoot=\dimen172
\mult@nat@firstbox=\box101
\colbreak@box=\box102
\mc@col@check@num=\count287
)
(/usr/share/texmf-dist/tex/latex/multirow/multirow.sty
Package: multirow 2021/03/15 v2.8 Span multiple rows of a table
\multirow@colwidth=\skip58
\multirow@cntb=\count288
\multirow@dima=\skip59
\bigstrutjot=\dimen173
)
(/usr/share/texmf-dist/tex/latex/graphics/graphicx.sty
Package: graphicx 2021/09/16 v1.2d Enhanced LaTeX Graphics (DPC,SPQR)

(/usr/share/texmf-dist/tex/latex/graphics/graphics.sty
Package: graphics 2021/03/04 v1.4d Standard LaTeX Graphics (DPC,SPQR)

(/usr/share/texmf-dist/tex/latex/graphics/trig.sty
Package: trig 2021/08/11 v1.11 sin cos tan (DPC)
)
(/usr/share/texmf-dist/tex/latex/graphics-cfg/graphics.cfg
File: graphics.cfg 2016/06/04 v1.11 sample graphics configuration
)
Package graphics Info: Driver file: pdftex.def on input line 107.

(/usr/share/texmf-dist/tex/latex/graphics-def/pdftex.def
File: pdftex.def 2020/10/05 v1.2a Graphics/color driver for pdftex
))
\Gin@req@height=\dimen174
\Gin@req@width=\dimen175
)
(/usr/share/texmf-dist/tex/generic/babel/babel.sty
Package: babel 2021/11/29 3.67 The Babel package
\babel@savecnt=\count289
\U@D=\dimen176
\l@unhyphenated=\language87

(/usr/share/texmf-dist/tex/generic/babel/txtbabel.def)
\bbl@readstream=\read2
\bbl@dirlevel=\count290

(/usr/share/texmf-dist/tex/generic/babel-english/english.ldf
Language: english 2017/06/06 v3.3r English support from the babel system
Package babel Info: Hyphen rules for 'canadian' set to \l@english
(babel)             (\language0). Reported on input line 102.
Package babel Info: Hyphen rules for 'australian' set to \l@ukenglish
(babel)             (\language21). Reported on input line 105.
Package babel Info: Hyphen rules for 'newzealand' set to \l@ukenglish
(babel)             (\language21). Reported on input line 108.
))
(/usr/share/texmf-dist/tex/latex/l3backend/l3backend-pdftex.def
File: l3backend-pdftex.def 2021-12-14 L3 backend support: PDF output (pdfTeX)
\l__color_backend_stack_int=\count291
\l__pdf_internal_box=\box103
) (./Recipes.aux)
\openout1 = `Recipes.aux'.

LaTeX Font Info:    Checking defaults for OML/cmm/m/it on input line 62.
LaTeX Font Info:    ... okay on input line 62.
LaTeX Font Info:    Checking defaults for OMS/cmsy/m/n on input line 62.
LaTeX Font Info:    ... okay on input line 62.
LaTeX Font Info:    Checking defaults for OT1/cmr/m/n on input line 62.
LaTeX Font Info:    ... okay on input line 62.
LaTeX Font Info:    Checking defaults for T1/cmr/m/n on input line 62.
LaTeX Font Info:    ... okay on input line 62.
LaTeX Font Info:    Checking defaults for TS1/cmr/m/n on input line 62.
LaTeX Font Info:    ... okay on input line 62.
LaTeX Font Info:    Checking defaults for OMX/cmex/m/n on input line 62.
LaTeX Font Info:    ... okay on input line 62.
LaTeX Font Info:    Checking defaults for U/cmr/m/n on input line 62.
LaTeX Font Info:    ... okay on input line 62.
LaTeX Font Info:    Checking defaults for PD1/pdf/m/n on input line 62.
LaTeX Font Info:    ... okay on input line 62.
LaTeX Font Info:    Checking defaults for PU/pdf/m/n on input line 62.
LaTeX Font Info:    ... okay on input line 62.

*geometry* driver: auto-detecting
*geometry* detected driver: pdftex
*geometry* verbose mode - [ preamble ] result:
* driver: pdftex
* paper: a4paper
* layout: <same size as paper>
* layoutoffset:(h,v)=(0.0pt,0.0pt)
* modes: 
* h-part:(L,W,R)=(92.756pt, 411.99588pt, 92.756pt)
* v-part:(T,H,B)=(116.08725pt, 612.87234pt, 116.08725pt)
* \paperwidth=597.50787pt
* \paperheight=845.04684pt
* \textwidth=411.99588pt
* \textheight=612.87234pt
* \oddsidemargin=20.48601pt
* \evensidemargin=20.48601pt
* \topmargin=6.81726pt
* \headheight=12.0pt
* \headsep=25.0pt
* \topskip=11.0pt
* \footskip=30.0pt
* \marginparwidth=59.0pt
* \marginparsep=10.0pt
* \columnsep=10.0pt
* \skip\footins=10.0pt plus 4.0pt minus 2.0pt
* \hoffset=0.0pt
* \voffset=0.0pt
* \mag=1000
* \@twocolumnfalse
* \@twosidefalse
* \@mparswitchfalse
* \@reversemarginfalse
* (1in=72.27pt=25.4mm, 1cm=28.453pt)

(/usr/share/texmf-dist/tex/latex/graphics/color.sty
Package: color 2021/12/07 v1.3c Standard LaTeX Color (DPC)

(/usr/share/texmf-dist/tex/latex/graphics-cfg/color.cfg
File: color.cfg 2016/01/02 v1.6 sample color configuration
)
Package color Info: Driver file: pdftex.def on input line 149.
)
Package hyperref Info: Link coloring ON on input line 62.

(/usr/share/texmf-dist/tex/latex/hyperref/nameref.sty
Package: nameref 2021-04-02 v2.47 Cross-referencing by name of section

(/usr/share/texmf-dist/tex/latex/refcount/refcount.sty
Package: refcount 2019/12/15 v3.6 Data extraction from label references (HO)
)
(/usr/share/texmf-dist/tex/generic/gettitlestring/gettitlestring.sty
Package: gettitlestring 2019/12/15 v1.6 Cleanup title references (HO)
)
\c@section@level=\count292
)
LaTeX Info: Redefining \ref on input line 62.
LaTeX Info: Redefining \pageref on input line 62.
LaTeX Info: Redefining \nameref on input line 62.

(./Recipes.out) (./Recipes.out)
\@outlinefile=\write3
\openout3 = `Recipes.out'.

Package caption Info: Begin \AtBeginDocument code.
Package caption Info: float package is loaded.
Package caption Info: longtable package is loaded.

(/usr/share/texmf-dist/tex/latex/caption/ltcaption.sty
Package: ltcaption 2020/05/30 v1.4b longtable captions (AR)
)
Package caption Info: End \AtBeginDocument code.

(/usr/share/texmf-dist/tex/context/base/mkii/supp-pdf.mkii
[Loading MPS to PDF converter (version 2006.09.02).]
\scratchcounter=\count293
\scratchdimen=\dimen177
\scratchbox=\box104
\nofMPsegments=\count294
\nofMParguments=\count295
\everyMPshowfont=\toks22
\MPscratchCnt=\count296
\MPscratchDim=\dimen178
\MPnumerator=\count297
\makeMPintoPDFobject=\count298
\everyMPtoPDFconversion=\toks23
) (/usr/share/texmf-dist/tex/latex/epstopdf-pkg/epstopdf-base.sty
Package: epstopdf-base 2020-01-24 v2.11 Base part for package epstopdf
Package epstopdf-base Info: Redefining graphics rule for `.eps' on input line 4
85.

(/usr/share/texmf-dist/tex/latex/latexconfig/epstopdf-sys.cfg
File: epstopdf-sys.cfg 2010/07/13 v1.3 Configuration of (r)epstopdf for TeX Liv
e
))
LaTeX Font Info:    External font `cmex10' loaded for size
(Font)              <12> on input line 70.
LaTeX Font Info:    External font `cmex10' loaded for size
(Font)              <8> on input line 70.
LaTeX Font Info:    External font `cmex10' loaded for size
(Font)              <6> on input line 70.


LaTeX Font Warning: Font shape `OT1/cmr/bx/n' in size <18> not available
(Font)              size <17.28> substituted on input line 73.

(./Recipes.toc
LaTeX Font Info:    External font `cmex10' loaded for size
(Font)              <10.95> on input line 4.
 [1

{/var/lib/texmf/fonts/map/pdftex/updmap/pdftex.map}]pdfTeX warning (ext4): dest
ination with the same identifier (name{page.}) has been already used, duplicate
 ignored
<to be read again> 
                   \relax 
l.75 ...}{\numberline {}Cocktails}{75}{section.10}
                                                  % [2])
\tf@toc=\write4
\openout4 = `Recipes.toc'.

pdfTeX warning (ext4): destination with the same identifier (name{page.}) has b
een already used, duplicate ignored
<to be read again> 
                   \relax 
l.75 \newpage
              [3]
Underfull \hbox (badness 10000) in paragraph at lines 81--82

 []


Underfull \hbox (badness 10000) in paragraph at lines 83--84

 []

[1] [2] [3] [4] [5] [6] [7] [8] [9] [10] [11] [12] [13] [14] [15] [16] [17]
[18] [19] [20] [21] [22] [23] [24] [25] [26] [27] [28] [29] [30] [31] [32]
[33] [34] [35] [36] [37] [38] [39] [40] [41] [42] [43] [44] [45] [46] [47]
[48] [49] [50] [51] [52] [53] [54] [55] [56] [57] [58] [59] [60] [61] [62]
[63] [64] [65]
LaTeX Font Info:    External font `cmex10' loaded for size
(Font)              <5> on input line 2084.

Overfull \hbox (91.2482pt too wide) in paragraph at lines 2084--2101
 [] 
 []

[66]
Underfull \hbox (badness 10000) in paragraph at lines 2113--2113
[]\OT1/cmr/bx/n/8 Chocolate Or-
 []


Underfull \hbox (badness 4621) in paragraph at lines 2113--2113
[]\OT1/cmr/bx/n/8 Lemon Cheese-
 []


Underfull \hbox (badness 3417) in paragraph at lines 2113--2114
[]\OT1/cmr/bx/n/8 Lime & Pis-ta-
 []


Underfull \hbox (badness 10000) in paragraph at lines 2116--2116
[]\OT1/cmr/m/n/8 30g of Un-salted
 []


Underfull \hbox (badness 10000) in paragraph at lines 2116--2116
[]\OT1/cmr/m/n/8 30g of Un-salted
 []


Underfull \hbox (badness 10000) in paragraph at lines 2116--2116
[]\OT1/cmr/m/n/8 30g of Un-salted
 []


Underfull \hbox (badness 10000) in paragraph at lines 2116--2116
[]\OT1/cmr/m/n/8 30g of Un-salted
 []


Underfull \hbox (badness 10000) in paragraph at lines 2116--2116
[]\OT1/cmr/m/n/8 30g of Un-salted
 []


Underfull \hbox (badness 10000) in paragraph at lines 2116--2117
[]\OT1/cmr/m/n/8 30g of Un-salted
 []


Underfull \hbox (badness 10000) in paragraph at lines 2117--2117
[]\OT1/cmr/m/n/8 100g of Brown
 []


Underfull \hbox (badness 10000) in paragraph at lines 2117--2117
[]\OT1/cmr/m/n/8 100g of Brown
 []


Underfull \hbox (badness 10000) in paragraph at lines 2117--2117
[]\OT1/cmr/m/n/8 100g of Brown
 []


Underfull \hbox (badness 10000) in paragraph at lines 2117--2117
[]\OT1/cmr/m/n/8 100g of Brown
 []


Underfull \hbox (badness 10000) in paragraph at lines 2117--2117
[]\OT1/cmr/m/n/8 100g of Brown
 []


Underfull \hbox (badness 10000) in paragraph at lines 2117--2118
[]\OT1/cmr/m/n/8 100g of Brown
 []


Underfull \hbox (badness 10000) in paragraph at lines 2118--2118
[]\OT1/cmr/m/n/8 50g of White
 []


Underfull \hbox (badness 10000) in paragraph at lines 2118--2118
[]\OT1/cmr/m/n/8 50g of White
 []


Underfull \hbox (badness 10000) in paragraph at lines 2118--2119
[]\OT1/cmr/m/n/8 50g of White
 []


Underfull \hbox (badness 6396) in paragraph at lines 2119--2119
[]\OT1/cmr/m/n/8 3 tsp of Salted
 []


Overfull \hbox (86.79541pt too wide) in paragraph at lines 2111--2123
 [] 
 []

[67]
Overfull \hbox (91.2482pt too wide) in alignment at lines 2132--2201
 [] [] [] [] 
 []

[68]
Overfull \hbox (8.11632pt too wide) in paragraph at lines 2308--2320
 [] 
 []

[69]
Underfull \hbox (badness 10000) in paragraph at lines 2336--2336
[]\OT1/cmr/m/n/8 200g of Caster
 []


Underfull \hbox (badness 10000) in paragraph at lines 2336--2336
[]\OT1/cmr/m/n/8 200g of Caster
 []


Underfull \hbox (badness 10000) in paragraph at lines 2336--2336
[]\OT1/cmr/m/n/8 200g of Caster
 []


Underfull \hbox (badness 10000) in paragraph at lines 2336--2336
[]\OT1/cmr/m/n/8 200g of Caster
 []


Underfull \hbox (badness 10000) in paragraph at lines 2336--2336
[]\OT1/cmr/m/n/8 200g of Caster
 []


Underfull \hbox (badness 10000) in paragraph at lines 2336--2337
[]\OT1/cmr/m/n/8 200g of Caster
 []


Underfull \hbox (badness 10000) in paragraph at lines 2338--2338
[]\OT1/cmr/m/n/8 100g of Glu-cose
 []


Underfull \hbox (badness 10000) in paragraph at lines 2338--2338
[]\OT1/cmr/m/n/8 100g of Glu-cose
 []


Underfull \hbox (badness 10000) in paragraph at lines 2338--2338
[]\OT1/cmr/m/n/8 100g of Glu-cose
 []


Underfull \hbox (badness 10000) in paragraph at lines 2338--2338
[]\OT1/cmr/m/n/8 100g of Glu-cose
 []


Underfull \hbox (badness 10000) in paragraph at lines 2338--2338
[]\OT1/cmr/m/n/8 100g of Glu-cose
 []


Underfull \hbox (badness 10000) in paragraph at lines 2338--2339
[]\OT1/cmr/m/n/8 100g of Glu-cose
 []


Underfull \hbox (badness 4403) in paragraph at lines 2339--2339
[]\OT1/cmr/m/n/8 2 tsp of Lemon
 []


Underfull \hbox (badness 4403) in paragraph at lines 2339--2339
[]\OT1/cmr/m/n/8 2 tsp of Lemon
 []


Underfull \hbox (badness 4403) in paragraph at lines 2339--2339
[]\OT1/cmr/m/n/8 2 tsp of Lemon
 []


Underfull \hbox (badness 4403) in paragraph at lines 2339--2339
[]\OT1/cmr/m/n/8 2 tsp of Lemon
 []


Underfull \hbox (badness 4403) in paragraph at lines 2339--2339
[]\OT1/cmr/m/n/8 2 tsp of Lemon
 []


Underfull \hbox (badness 4403) in paragraph at lines 2339--2340
[]\OT1/cmr/m/n/8 2 tsp of Lemon
 []


Underfull \hbox (badness 10000) in paragraph at lines 2340--2340
[]\OT1/cmr/m/n/8 Blackcurrant
 []


Underfull \hbox (badness 10000) in paragraph at lines 2340--2340
[]\OT1/cmr/m/n/8 Strawberry
 []


Underfull \hbox (badness 10000) in paragraph at lines 2342--2342
[]\OT1/cmr/m/n/8 Caster Sugar to
 []


Underfull \hbox (badness 10000) in paragraph at lines 2342--2342
[]\OT1/cmr/m/n/8 Caster Sugar to
 []


Underfull \hbox (badness 10000) in paragraph at lines 2342--2342
[]\OT1/cmr/m/n/8 Caster Sugar to
 []


Underfull \hbox (badness 10000) in paragraph at lines 2342--2342
[]\OT1/cmr/m/n/8 Caster Sugar to
 []


Underfull \hbox (badness 10000) in paragraph at lines 2342--2342
[]\OT1/cmr/m/n/8 Caster Sugar to
 []


Underfull \hbox (badness 10000) in paragraph at lines 2342--2343
[]\OT1/cmr/m/n/8 Caster Sugar to
 []


Overfull \hbox (86.79541pt too wide) in paragraph at lines 2330--2345
 [] 
 []

[70]
Overfull \hbox (8.11632pt too wide) in paragraph at lines 2355--2366
 [] 
 []

[71] [72] [73] [74] [75] [76]
Overfull \hbox (20.8644pt too wide) in paragraph at lines 2531--2532
[]\OT1/cmr/m/n/10.95 Mediterranean Dip Plat-ter (tzatziki; tara-masalata; beet-
root and car-rot; babaganoush) 
 []

[77] [78] (./Recipes.aux)

LaTeX Font Warning: Size substitutions with differences
(Font)              up to 0.72pt have occurred.

Package rerunfilecheck Info: File `Recipes.out' has not changed.
(rerunfilecheck)             Checksum: 4DFB209B210B172941E41AA268EAC5F4;10949.
 ) 
Here is how much of TeX's memory you used:
 11841 strings out of 478353
 191579 string characters out of 5854636
 540071 words of memory out of 5000000
 29669 multiletter control sequences out of 15000+600000
 410498 words of font info for 50 fonts, out of 8000000 for 9000
 1141 hyphenation exceptions out of 8191
 60i,12n,63p,516b,459s stack positions out of 5000i,500n,10000p,200000b,80000s
{/usr/share/texmf-dist/fonts/enc/dvips/cm-super/cm-super-ts1.enc}</usr/share/
texmf-dist/fonts/type1/public/amsfonts/cm/cmbx10.pfb></usr/share/texmf-dist/fon
ts/type1/public/amsfonts/cm/cmbx12.pfb></usr/share/texmf-dist/fonts/type1/publi
c/amsfonts/cm/cmbx8.pfb></usr/share/texmf-dist/fonts/type1/public/amsfonts/cm/c
mcsc10.pfb></usr/share/texmf-dist/fonts/type1/public/amsfonts/cm/cmr10.pfb></us
r/share/texmf-dist/fonts/type1/public/amsfonts/cm/cmr6.pfb></usr/share/texmf-di
st/fonts/type1/public/amsfonts/cm/cmr8.pfb></usr/share/texmf-dist/fonts/type1/p
ublic/amsfonts/cm/cmti10.pfb></usr/share/texmf-dist/fonts/type1/public/cm-super
/sfrm1095.pfb>
Output written on Recipes.pdf (81 pages, 215182 bytes).
PDF statistics:
 836 PDF objects out of 1000 (max. 8388607)
 727 compressed objects within 8 object streams
 165 named destinations out of 1000 (max. 500000)
 633 words of extra memory for PDF output out of 10000 (max. 10000000)

