\BOOKMARK [1][-]{section.1}{Problem Set Written Answers}{}% 1
\BOOKMARK [2][-]{subsection.1.1}{Summary Statistics}{section.1}% 2
\BOOKMARK [3][-]{subsubsection.1.1.1}{Summary Statistics}{subsection.1.1}% 3
\BOOKMARK [3][-]{subsubsection.1.1.2}{Correlation Matrices}{subsection.1.1}% 4
\BOOKMARK [3][-]{subsubsection.1.1.3}{Size \046 Investment Portfolio Excess Returns}{subsection.1.1}% 5
\BOOKMARK [2][-]{subsection.1.2}{OLS Regression}{section.1}% 6
\BOOKMARK [3][-]{subsubsection.1.2.1}{Fama \046 French \(2015\) Factors \046 Kenneth French Rf}{subsection.1.2}% 7
\BOOKMARK [3][-]{subsubsection.1.2.2}{Hou, et al. \(2020\) Factors \046 Kenneth French Rf}{subsection.1.2}% 8
\BOOKMARK [2][-]{subsection.1.3}{GRS Tests}{section.1}% 9
\BOOKMARK [2][-]{subsection.1.4}{Pricing Error Metrics}{section.1}% 10
\BOOKMARK [2][-]{subsection.1.5}{Sharpe Performance Comparison Tests}{section.1}% 11
\BOOKMARK [2][-]{subsection.1.6}{Factor Redundancy Tests}{section.1}% 12
\BOOKMARK [3][-]{subsubsection.1.6.1}{Fama \046 French \(2015\) Factors \(FF5\)}{subsection.1.6}% 13
\BOOKMARK [3][-]{subsubsection.1.6.2}{Hou, et al. \(2020\) Factors \(HMXZ5\)}{subsection.1.6}% 14
\BOOKMARK [1][-]{section.2}{Problem Set Tables}{}% 15
\BOOKMARK [2][-]{subsection.2.1}{Summary Statistics I: Summary Statistics \(Q1\)}{section.2}% 16
\BOOKMARK [2][-]{subsection.2.2}{Summary Statistics II: Correlation Matrices \(Q1\)}{section.2}% 17
\BOOKMARK [2][-]{subsection.2.3}{Summary Statistics III: Size \046 Investment Portfolio Excess Returns \(Q1\)}{section.2}% 18
\BOOKMARK [2][-]{subsection.2.4}{OLS Regression Analysis \(Q2\)}{section.2}% 19
\BOOKMARK [2][-]{subsection.2.5}{GRS Tests \(Q3\)}{section.2}% 20
\BOOKMARK [2][-]{subsection.2.6}{Pricing Error Metrics \(Q4\)}{section.2}% 21
\BOOKMARK [2][-]{subsection.2.7}{Sharpe Performance Comparison Tests \(Q5\)}{section.2}% 22
\BOOKMARK [2][-]{subsection.2.8}{Factor Redundancy Tests \(Q6\)}{section.2}% 23
